#
# There is insufficient memory for the Java Runtime Environment to continue.
# Native memory allocation (malloc) failed to allocate 998176 bytes for Chunk::new
# Possible reasons:
#   The system is out of physical RAM or swap space
#   In 32 bit mode, the process size limit was hit
# Possible solutions:
#   Reduce memory load on the system
#   Increase physical memory or swap space
#   Check if swap backing store is full
#   Use 64 bit Java on a 64 bit OS
#   Decrease Java heap size (-Xmx/-Xms)
#   Decrease number of Java threads
#   Decrease Java thread stack sizes (-Xss)
#   Set larger code cache with -XX:ReservedCodeCacheSize=
# This output file may be truncated or incomplete.
#
#  Out of Memory Error (allocation.cpp:390), pid=7072, tid=0x00000000000004a4
#
# JRE version: Java(TM) SE Runtime Environment (8.0_181-b13) (build 1.8.0_181-b13)
# Java VM: Java HotSpot(TM) 64-Bit Server VM (25.181-b13 mixed mode windows-amd64 compressed oops)
# Failed to write core dump. Minidumps are not enabled by default on client versions of Windows
#

---------------  T H R E A D  ---------------

Current thread (0x0000000019b38000):  JavaThread "C2 CompilerThread1" daemon [_thread_in_native, id=1188, stack(0x000000001a3b0000,0x000000001a4b0000)]

Stack: [0x000000001a3b0000,0x000000001a4b0000]
[error occurred during error reporting (printing stack bounds), id 0xc0000005]

Native frames: (J=compiled Java code, j=interpreted, Vv=VM code, C=native code)


Current CompileTask:
C2:   1351 1228   !   4       sun.misc.URLClassPath$JarLoader::getResource (353 bytes)


---------------  P R O C E S S  ---------------

Java Threads: ( => current thread )
  0x0000000019b6f800 JavaThread "Service Thread" daemon [_thread_blocked, id=15620, stack(0x000000001a5b0000,0x000000001a6b0000)]
  0x0000000019b3c000 JavaThread "C1 CompilerThread2" daemon [_thread_blocked, id=2896, stack(0x000000001a4b0000,0x000000001a5b0000)]
=>0x0000000019b38000 JavaThread "C2 CompilerThread1" daemon [_thread_in_native, id=1188, stack(0x000000001a3b0000,0x000000001a4b0000)]
  0x0000000019b19000 JavaThread "C2 CompilerThread0" daemon [_thread_blocked, id=9748, stack(0x000000001a2b0000,0x000000001a3b0000)]
  0x0000000019a9f000 JavaThread "Attach Listener" daemon [_thread_blocked, id=10956, stack(0x000000001a1b0000,0x000000001a2b0000)]
  0x0000000019b85000 JavaThread "Signal Dispatcher" daemon [_thread_blocked, id=10576, stack(0x000000001a0b0000,0x000000001a1b0000)]
  0x00000000179fe800 JavaThread "Finalizer" daemon [_thread_blocked, id=10168, stack(0x0000000019280000,0x0000000019380000)]
  0x00000000179f4800 JavaThread "Reference Handler" daemon [_thread_blocked, id=18884, stack(0x0000000019180000,0x0000000019280000)]
  0x0000000002ab4000 JavaThread "main" [_thread_in_vm, id=2300, stack(0x00000000028c0000,0x00000000029c0000)]

Other Threads:
  0x00000000179ce000 VMThread [stack: 0x0000000019080000,0x0000000019180000] [id=15416]
  0x0000000019c85000 WatcherThread [stack: 0x000000001a6b0000,0x000000001a7b0000] [id=14236]

VM state:not at safepoint (normal execution)

VM Mutex/Monitor currently owned by a thread: None

Heap:
 PSYoungGen      total 70656K, used 69623K [0x00000000d5580000, 0x00000000d9f80000, 0x0000000100000000)
  eden space 65536K, 99% used [0x00000000d5580000,0x00000000d953df10,0x00000000d9580000)
  from space 5120K, 84% used [0x00000000d9a80000,0x00000000d9ebfee0,0x00000000d9f80000)
  to   space 5120K, 0% used [0x00000000d9580000,0x00000000d9580000,0x00000000d9a80000)
 ParOldGen       total 86016K, used 88K [0x0000000080000000, 0x0000000085400000, 0x00000000d5580000)
  object space 86016K, 0% used [0x0000000080000000,0x0000000080016000,0x0000000085400000)
 Metaspace       used 15818K, capacity 16054K, committed 16384K, reserved 1064960K
  class space    used 1685K, capacity 1782K, committed 1792K, reserved 1048576K

Card table byte_map: [0x0000000011f60000,0x0000000012370000] byte_map_base: 0x0000000011b60000

Marking Bits: (ParMarkBitMap*) 0x0000000065242d00
 Begin Bits: [0x0000000012c20000, 0x0000000014c20000)
 End Bits:   [0x0000000014c20000, 0x0000000016c20000)

Polling page: 0x0000000002740000

CodeCache: size=245760Kb used=6117Kb max_used=6117Kb free=239642Kb
 bounds [0x0000000002ba0000, 0x00000000031a0000, 0x0000000011ba0000]
 total_blobs=2007 nmethods=1441 adapters=478
 compilation: enabled

Compilation events (10 events):
Event: 1.333 Thread 0x0000000019b19000 1275       4       java.math.BigInteger::mulAdd (19 bytes)
Event: 1.333 Thread 0x0000000019b19000 nmethod 1275 0x000000000318c650 code [0x000000000318c7a0, 0x000000000318c8f8]
Event: 1.333 Thread 0x0000000019b19000 1276       4       java.math.BigInteger::implMulAddCheck (169 bytes)
Event: 1.334 Thread 0x0000000019b19000 nmethod 1276 0x000000000318ad90 code [0x000000000318aee0, 0x000000000318afd8]
Event: 1.334 Thread 0x0000000019b19000 1400       4       java.lang.String::indexOf (7 bytes)
Event: 1.338 Thread 0x0000000019b19000 nmethod 1400 0x000000000318a450 code [0x000000000318a5a0, 0x000000000318aa18]
Event: 1.338 Thread 0x0000000019b19000 1273       4       java.util.jar.Manifest$FastInputStream::readLine (9 bytes)
Event: 1.341 Thread 0x0000000019b19000 nmethod 1273 0x000000000318d4d0 code [0x000000000318d620, 0x000000000318da48]
Event: 1.341 Thread 0x0000000019b19000 1269       4       java.lang.String::checkBounds (46 bytes)
Event: 1.341 Thread 0x0000000019b19000 nmethod 1269 0x000000000318dd10 code [0x000000000318de40, 0x000000000318def8]

GC Heap History (8 events):
Event: 0.394 GC heap before
{Heap before GC invocations=1 (full 0):
 PSYoungGen      total 37888K, used 32768K [0x00000000d5580000, 0x00000000d7f80000, 0x0000000100000000)
  eden space 32768K, 100% used [0x00000000d5580000,0x00000000d7580000,0x00000000d7580000)
  from space 5120K, 0% used [0x00000000d7a80000,0x00000000d7a80000,0x00000000d7f80000)
  to   space 5120K, 0% used [0x00000000d7580000,0x00000000d7580000,0x00000000d7a80000)
 ParOldGen       total 86016K, used 0K [0x0000000080000000, 0x0000000085400000, 0x00000000d5580000)
  object space 86016K, 0% used [0x0000000080000000,0x0000000080000000,0x0000000085400000)
 Metaspace       used 4447K, capacity 5278K, committed 5504K, reserved 1056768K
  class space    used 488K, capacity 534K, committed 640K, reserved 1048576K
Event: 0.397 GC heap after
Heap after GC invocations=1 (full 0):
 PSYoungGen      total 37888K, used 4178K [0x00000000d5580000, 0x00000000d7f80000, 0x0000000100000000)
  eden space 32768K, 0% used [0x00000000d5580000,0x00000000d5580000,0x00000000d7580000)
  from space 5120K, 81% used [0x00000000d7580000,0x00000000d7994830,0x00000000d7a80000)
  to   space 5120K, 0% used [0x00000000d7a80000,0x00000000d7a80000,0x00000000d7f80000)
 ParOldGen       total 86016K, used 8K [0x0000000080000000, 0x0000000085400000, 0x00000000d5580000)
  object space 86016K, 0% used [0x0000000080000000,0x0000000080002000,0x0000000085400000)
 Metaspace       used 4447K, capacity 5278K, committed 5504K, reserved 1056768K
  class space    used 488K, capacity 534K, committed 640K, reserved 1048576K
}
Event: 0.656 GC heap before
{Heap before GC invocations=2 (full 0):
 PSYoungGen      total 37888K, used 36946K [0x00000000d5580000, 0x00000000d7f80000, 0x0000000100000000)
  eden space 32768K, 100% used [0x00000000d5580000,0x00000000d7580000,0x00000000d7580000)
  from space 5120K, 81% used [0x00000000d7580000,0x00000000d7994830,0x00000000d7a80000)
  to   space 5120K, 0% used [0x00000000d7a80000,0x00000000d7a80000,0x00000000d7f80000)
 ParOldGen       total 86016K, used 8K [0x0000000080000000, 0x0000000085400000, 0x00000000d5580000)
  object space 86016K, 0% used [0x0000000080000000,0x0000000080002000,0x0000000085400000)
 Metaspace       used 8375K, capacity 8544K, committed 8704K, reserved 1056768K
  class space    used 941K, capacity 984K, committed 1024K, reserved 1048576K
Event: 0.659 GC heap after
Heap after GC invocations=2 (full 0):
 PSYoungGen      total 37888K, used 4598K [0x00000000d5580000, 0x00000000d7f80000, 0x0000000100000000)
  eden space 32768K, 0% used [0x00000000d5580000,0x00000000d5580000,0x00000000d7580000)
  from space 5120K, 89% used [0x00000000d7a80000,0x00000000d7efd9a0,0x00000000d7f80000)
  to   space 5120K, 0% used [0x00000000d7580000,0x00000000d7580000,0x00000000d7a80000)
 ParOldGen       total 86016K, used 16K [0x0000000080000000, 0x0000000085400000, 0x00000000d5580000)
  object space 86016K, 0% used [0x0000000080000000,0x0000000080004000,0x0000000085400000)
 Metaspace       used 8375K, capacity 8544K, committed 8704K, reserved 1056768K
  class space    used 941K, capacity 984K, committed 1024K, reserved 1048576K
}
Event: 0.833 GC heap before
{Heap before GC invocations=3 (full 0):
 PSYoungGen      total 37888K, used 37366K [0x00000000d5580000, 0x00000000d7f80000, 0x0000000100000000)
  eden space 32768K, 100% used [0x00000000d5580000,0x00000000d7580000,0x00000000d7580000)
  from space 5120K, 89% used [0x00000000d7a80000,0x00000000d7efd9a0,0x00000000d7f80000)
  to   space 5120K, 0% used [0x00000000d7580000,0x00000000d7580000,0x00000000d7a80000)
 ParOldGen       total 86016K, used 16K [0x0000000080000000, 0x0000000085400000, 0x00000000d5580000)
  object space 86016K, 0% used [0x0000000080000000,0x0000000080004000,0x0000000085400000)
 Metaspace       used 10196K, capacity 10374K, committed 10752K, reserved 1058816K
  class space    used 1148K, capacity 1209K, committed 1280K, reserved 1048576K
Event: 0.836 GC heap after
Heap after GC invocations=3 (full 0):
 PSYoungGen      total 37888K, used 5100K [0x00000000d5580000, 0x00000000d9f80000, 0x0000000100000000)
  eden space 32768K, 0% used [0x00000000d5580000,0x00000000d5580000,0x00000000d7580000)
  from space 5120K, 99% used [0x00000000d7580000,0x00000000d7a7b2a0,0x00000000d7a80000)
  to   space 5120K, 0% used [0x00000000d9a80000,0x00000000d9a80000,0x00000000d9f80000)
 ParOldGen       total 86016K, used 80K [0x0000000080000000, 0x0000000085400000, 0x00000000d5580000)
  object space 86016K, 0% used [0x0000000080000000,0x0000000080014000,0x0000000085400000)
 Metaspace       used 10196K, capacity 10374K, committed 10752K, reserved 1058816K
  class space    used 1148K, capacity 1209K, committed 1280K, reserved 1048576K
}
Event: 0.938 GC heap before
{Heap before GC invocations=4 (full 0):
 PSYoungGen      total 37888K, used 37868K [0x00000000d5580000, 0x00000000d9f80000, 0x0000000100000000)
  eden space 32768K, 100% used [0x00000000d5580000,0x00000000d7580000,0x00000000d7580000)
  from space 5120K, 99% used [0x00000000d7580000,0x00000000d7a7b2a0,0x00000000d7a80000)
  to   space 5120K, 0% used [0x00000000d9a80000,0x00000000d9a80000,0x00000000d9f80000)
 ParOldGen       total 86016K, used 80K [0x0000000080000000, 0x0000000085400000, 0x00000000d5580000)
  object space 86016K, 0% used [0x0000000080000000,0x0000000080014000,0x0000000085400000)
 Metaspace       used 10364K, capacity 10566K, committed 10752K, reserved 1058816K
  class space    used 1155K, capacity 1209K, committed 1280K, reserved 1048576K
Event: 0.941 GC heap after
Heap after GC invocations=4 (full 0):
 PSYoungGen      total 70656K, used 4351K [0x00000000d5580000, 0x00000000d9f80000, 0x0000000100000000)
  eden space 65536K, 0% used [0x00000000d5580000,0x00000000d5580000,0x00000000d9580000)
  from space 5120K, 84% used [0x00000000d9a80000,0x00000000d9ebfee0,0x00000000d9f80000)
  to   space 5120K, 0% used [0x00000000d9580000,0x00000000d9580000,0x00000000d9a80000)
 ParOldGen       total 86016K, used 88K [0x0000000080000000, 0x0000000085400000, 0x00000000d5580000)
  object space 86016K, 0% used [0x0000000080000000,0x0000000080016000,0x0000000085400000)
 Metaspace       used 10364K, capacity 10566K, committed 10752K, reserved 1058816K
  class space    used 1155K, capacity 1209K, committed 1280K, reserved 1048576K
}

Deoptimization events (10 events):
Event: 0.558 Thread 0x0000000002ab4000 Uncommon trap: reason=bimorphic action=maybe_recompile pc=0x0000000002e190c0 method=java.util.HashMap.getNode(ILjava/lang/Object;)Ljava/util/HashMap$Node; @ 126
Event: 0.558 Thread 0x0000000002ab4000 Uncommon trap: reason=unstable_if action=reinterpret pc=0x0000000002e12394 method=java.util.HashMap.getNode(ILjava/lang/Object;)Ljava/util/HashMap$Node; @ 62
Event: 0.789 Thread 0x0000000002ab4000 Uncommon trap: reason=unstable_if action=reinterpret pc=0x0000000002cd5c60 method=java.net.URI.match(CJJ)Z @ 45
Event: 0.791 Thread 0x0000000002ab4000 Uncommon trap: reason=range_check action=make_not_entrant pc=0x0000000002edae20 method=sun.reflect.generics.parser.SignatureParser.current()C @ 34
Event: 0.800 Thread 0x0000000002ab4000 Uncommon trap: reason=unstable_if action=reinterpret pc=0x0000000002eef9f8 method=java.lang.String.lastIndexOf([CII[CIII)I @ 66
Event: 0.800 Thread 0x0000000002ab4000 Uncommon trap: reason=unstable_if action=reinterpret pc=0x0000000002eea448 method=java.lang.String.lastIndexOf([CII[CIII)I @ 66
Event: 0.800 Thread 0x0000000002ab4000 Uncommon trap: reason=unstable_if action=reinterpret pc=0x0000000002e1e974 method=java.lang.String.lastIndexOf([CII[CIII)I @ 66
Event: 0.813 Thread 0x0000000002ab4000 Uncommon trap: reason=unstable_if action=reinterpret pc=0x0000000002ec1564 method=sun.misc.URLClassPath$FileLoader.getResource(Ljava/lang/String;Z)Lsun/misc/Resource; @ 139
Event: 1.143 Thread 0x0000000002ab4000 Uncommon trap: reason=unstable_if action=reinterpret pc=0x0000000002f63934 method=java.util.HashMap.putVal(ILjava/lang/Object;Ljava/lang/Object;ZZ)Ljava/lang/Object; @ 236
Event: 1.155 Thread 0x0000000002ab4000 Uncommon trap: reason=unstable_if action=reinterpret pc=0x0000000002f9213c method=java.lang.CharacterDataLatin1.isWhitespace(I)Z @ 14

Classes redefined (0 events):
No events

Internal exceptions (10 events):
Event: 1.122 Thread 0x0000000002ab4000 Exception <a 'java/lang/ClassNotFoundException': com/kms/katalon/core/windows/keyword/contribution/WindowsDriverCleanerBeanInfo> (0x00000000d79055d0) thrown at [C:\re\workspace\8-2-build-windows-amd64-cygwin\jdk8u181\11358\hotspot\src\share\vm\classfile\s
Event: 1.124 Thread 0x0000000002ab4000 Exception <a 'java/lang/ClassNotFoundException': com/kms/katalon/core/windows/keyword/contribution/WindowsDriverCleanerCustomizer> (0x00000000d79b30a8) thrown at [C:\re\workspace\8-2-build-windows-amd64-cygwin\jdk8u181\11358\hotspot\src\share\vm\classfile
Event: 1.127 Thread 0x0000000002ab4000 Exception <a 'java/lang/ClassNotFoundException': com/kms/katalon/core/testng/keyword/internal/TestNGDriverCleanerBeanInfo> (0x00000000d7a938b0) thrown at [C:\re\workspace\8-2-build-windows-amd64-cygwin\jdk8u181\11358\hotspot\src\share\vm\classfile\systemD
Event: 1.128 Thread 0x0000000002ab4000 Exception <a 'java/lang/ClassNotFoundException': com/kms/katalon/core/testng/keyword/internal/TestNGDriverCleanerCustomizer> (0x00000000d7b37c80) thrown at [C:\re\workspace\8-2-build-windows-amd64-cygwin\jdk8u181\11358\hotspot\src\share\vm\classfile\syste
Event: 1.195 Thread 0x0000000002ab4000 Exception <a 'java/lang/ClassNotFoundException': com/kms/katalon/core/configuration/RunConfigurationBeanInfo> (0x00000000d828e5d8) thrown at [C:\re\workspace\8-2-build-windows-amd64-cygwin\jdk8u181\11358\hotspot\src\share\vm\classfile\systemDictionary.cpp
Event: 1.196 Thread 0x0000000002ab4000 Exception <a 'java/lang/ClassNotFoundException': com/kms/katalon/core/configuration/RunConfigurationCustomizer> (0x00000000d831ff30) thrown at [C:\re\workspace\8-2-build-windows-amd64-cygwin\jdk8u181\11358\hotspot\src\share\vm\classfile\systemDictionary.c
Event: 1.279 Thread 0x0000000002ab4000 Exception <a 'java/lang/ClassNotFoundException': com/kms/katalon/core/main/TestCaseMainBeanInfo> (0x00000000d8da48c8) thrown at [C:\re\workspace\8-2-build-windows-amd64-cygwin\jdk8u181\11358\hotspot\src\share\vm\classfile\systemDictionary.cpp, line 210]
Event: 1.280 Thread 0x0000000002ab4000 Exception <a 'java/lang/ClassNotFoundException': com/kms/katalon/core/main/TestCaseMainCustomizer> (0x00000000d8e22740) thrown at [C:\re\workspace\8-2-build-windows-amd64-cygwin\jdk8u181\11358\hotspot\src\share\vm\classfile\systemDictionary.cpp, line 210]
Event: 1.314 Thread 0x0000000002ab4000 Exception <a 'java/lang/NoSuchMethodError': java.lang.invoke.MethodHandleImpl.array(Ljava/lang/Object;Ljava/lang/Object;Ljava/lang/Object;Ljava/lang/Object;Ljava/lang/Object;Ljava/lang/Object;Ljava/lang/Object;Ljava/lang/Object;Ljava/lang/Object;Ljava/lan
Event: 1.315 Thread 0x0000000002ab4000 Exception <a 'java/lang/NoSuchFieldError': method resolution failed> (0x00000000d9044b28) thrown at [C:\re\workspace\8-2-build-windows-amd64-cygwin\jdk8u181\11358\hotspot\src\share\vm\prims\methodHandles.cpp, line 1167]

Events (10 events):
Event: 1.330 loading class java/util/concurrent/locks/Condition
Event: 1.330 loading class java/util/concurrent/locks/Condition done
Event: 1.330 loading class java/util/concurrent/locks/AbstractQueuedSynchronizer$ConditionObject done
Event: 1.330 loading class java/util/concurrent/LinkedBlockingQueue$Node
Event: 1.330 loading class java/util/concurrent/LinkedBlockingQueue$Node done
Event: 1.336 loading class java/util/concurrent/ExecutorService
Event: 1.336 loading class java/util/concurrent/Executor
Event: 1.336 loading class java/util/concurrent/Executor done
Event: 1.336 loading class java/util/concurrent/ExecutorService done
Event: 1.348 loading class java/security/Policy


Dynamic libraries:
0x00007ff7af150000 - 0x00007ff7af187000 	D:\Utilisateurs\samandari\QA\Outils\Katalon_Studio_Windows_64-7.7.1\jre\bin\javaw.exe
0x00007ffdc87f0000 - 0x00007ffdc89e5000 	C:\WINDOWS\SYSTEM32\ntdll.dll
0x00007ffdc7e50000 - 0x00007ffdc7f0e000 	C:\WINDOWS\System32\KERNEL32.DLL
0x00007ffdc63d0000 - 0x00007ffdc6698000 	C:\WINDOWS\System32\KERNELBASE.dll
0x00007ffdc8070000 - 0x00007ffdc811e000 	C:\WINDOWS\System32\ADVAPI32.dll
0x00007ffdc7050000 - 0x00007ffdc70ee000 	C:\WINDOWS\System32\msvcrt.dll
0x00007ffdc7fa0000 - 0x00007ffdc803c000 	C:\WINDOWS\System32\sechost.dll
0x00007ffdc85b0000 - 0x00007ffdc86d5000 	C:\WINDOWS\System32\RPCRT4.dll
0x00007ffdc7840000 - 0x00007ffdc79e0000 	C:\WINDOWS\System32\USER32.dll
0x00007ffdc5fa0000 - 0x00007ffdc5fc2000 	C:\WINDOWS\System32\win32u.dll
0x00007ffdc7d50000 - 0x00007ffdc7d7b000 	C:\WINDOWS\System32\GDI32.dll
0x00007ffdc62c0000 - 0x00007ffdc63cd000 	C:\WINDOWS\System32\gdi32full.dll
0x00007ffdc5f00000 - 0x00007ffdc5f9d000 	C:\WINDOWS\System32\msvcp_win.dll
0x00007ffdc66d0000 - 0x00007ffdc67d0000 	C:\WINDOWS\System32\ucrtbase.dll
0x00007ffdb3470000 - 0x00007ffdb370a000 	C:\WINDOWS\WinSxS\amd64_microsoft.windows.common-controls_6595b64144ccf1df_6.0.19041.1110_none_60b5254171f9507e\COMCTL32.dll
0x00007ffdc8040000 - 0x00007ffdc8070000 	C:\WINDOWS\System32\IMM32.DLL
0x0000000063770000 - 0x0000000063842000 	D:\Utilisateurs\samandari\QA\Outils\Katalon_Studio_Windows_64-7.7.1\jre\bin\msvcr100.dll
0x0000000064a20000 - 0x00000000652c2000 	D:\Utilisateurs\samandari\QA\Outils\Katalon_Studio_Windows_64-7.7.1\jre\bin\server\jvm.dll
0x00007ffdc85a0000 - 0x00007ffdc85a8000 	C:\WINDOWS\System32\PSAPI.DLL
0x00007ffda9e10000 - 0x00007ffda9e19000 	C:\WINDOWS\SYSTEM32\WSOCK32.dll
0x00007ffdbc470000 - 0x00007ffdbc497000 	C:\WINDOWS\SYSTEM32\WINMM.dll
0x00007ffdbc4a0000 - 0x00007ffdbc4aa000 	C:\WINDOWS\SYSTEM32\VERSION.dll
0x00007ffdc7a50000 - 0x00007ffdc7abb000 	C:\WINDOWS\System32\WS2_32.dll
0x0000000064a10000 - 0x0000000064a1f000 	D:\Utilisateurs\samandari\QA\Outils\Katalon_Studio_Windows_64-7.7.1\jre\bin\verify.dll
0x00000000649e0000 - 0x0000000064a09000 	D:\Utilisateurs\samandari\QA\Outils\Katalon_Studio_Windows_64-7.7.1\jre\bin\java.dll
0x00000000649c0000 - 0x00000000649d6000 	D:\Utilisateurs\samandari\QA\Outils\Katalon_Studio_Windows_64-7.7.1\jre\bin\zip.dll
0x00007ffdc70f0000 - 0x00007ffdc7834000 	C:\WINDOWS\System32\SHELL32.dll
0x00007ffdc4010000 - 0x00007ffdc47a4000 	C:\WINDOWS\SYSTEM32\windows.storage.dll
0x00007ffdc8190000 - 0x00007ffdc84e5000 	C:\WINDOWS\System32\combase.dll
0x00007ffdc5950000 - 0x00007ffdc597e000 	C:\WINDOWS\SYSTEM32\Wldp.dll
0x00007ffdc84f0000 - 0x00007ffdc859d000 	C:\WINDOWS\System32\SHCORE.dll
0x00007ffdc79e0000 - 0x00007ffdc7a35000 	C:\WINDOWS\System32\shlwapi.dll
0x00007ffdc5e40000 - 0x00007ffdc5e5f000 	C:\WINDOWS\SYSTEM32\profapi.dll

VM Arguments:
jvm_args: -Dgroovy.home=D:\Utilisateurs\samandari/.groovy -Djava.system.class.loader=groovy.lang.GroovyClassLoader -Xmx2048m -Dfile.encoding=UTF-8 
java_command: org.codehaus.groovy.tools.GroovyStarter --classpath D:\Utilisateurs\samandari\QA\PROJET AUTOMATISATION\USSD\USSD TELMA\bin\keyword;D:\Utilisateurs\samandari\QA\PROJET AUTOMATISATION\USSD\USSD TELMA\Keywords;D:\Utilisateurs\samandari\QA\PROJET AUTOMATISATION\USSD\USSD TELMA\bin\listener;D:\Utilisateurs\samandari\QA\PROJET AUTOMATISATION\USSD\USSD TELMA\Test Listeners;D:\Utilisateurs\samandari\QA\PROJET AUTOMATISATION\USSD\USSD TELMA\bin\lib;D:\Utilisateurs\samandari\QA\PROJET AUTOMATISATION\USSD\USSD TELMA\Libs;D:\Utilisateurs\samandari\QA\PROJET AUTOMATISATION\USSD\USSD TELMA\bin\groovy;D:\Utilisateurs\samandari\QA\PROJET AUTOMATISATION\USSD\USSD TELMA\Include\scripts\groovy;D:\Utilisateurs\samandari\QA\Outils\Katalon_Studio_Windows_64-7.7.1\plugins\com.kms.katalon.core_1.0.0.202106150524.jar;D:\Utilisateurs\samandari\QA\Outils\Katalon_Studio_Windows_64-7.7.1\configuration\resources\lib\aalto-xml-1.0.0.jar;D:\Utilisateurs\samandari\QA\Outils\Katalon_Studio_Windows_64-7.7.1\configuration\resources\lib\aspectjweaver-1.9.1.jar;D:\Utilisateurs\samandari\QA\Outils\Katalon_Studio_Windows_64-7.7.1\configuration\resources\lib\bcpkix-jdk15on-1.64.jar;D:\Utilisateurs\samandari\QA\Outils\Katalon_Studio_Windows_64-7.7.1\configuration\resources\lib\bcprov-jdk15on-1.64.jar;D:\Utilisateurs\samandari\QA\Outils\Katalon_Studio_Windows_64-7.7.1\configuration\resources\lib\browsermob-core-2.1.5.jar;D:\Utilisateurs\samandari\QA\Outils\Katalon_Studio_Windows_64-7.7.1\configuration\resources\lib\cglib-3.2.10.jar;D:\Utilisateurs\samandari\QA\Outils\Katalon_Studio_Windows_64-7.7.1\configuration\resources\lib\commons-codec-1.10.jar;D:\Utilisateurs\samandari\QA\Outils\Katalon_Studio_Windows_64-7.7.1\configuration\resources\lib\commons-collections4-4.1.jar;D:\Utilisateurs\samandari\QA\Outils\Katalon_Studio_Windows_64-7.7.1\configuration\resources\lib\commons-validator-1.6.jar;D:\Utilisateurs\samandari\QA\Outils\Katalon_Studio_Windows_64-7.7.1\configuration\resources\lib\curvesa
java_class_path (initial): D:\Utilisateurs\samandari\QA\PROJET AUTOMATISATION\USSD\USSD TELMA\bin\keyword;D:\Utilisateurs\samandari\QA\PROJET AUTOMATISATION\USSD\USSD TELMA\bin\listener;D:\Utilisateurs\samandari\QA\PROJET AUTOMATISATION\USSD\USSD TELMA\bin\lib;D:\Utilisateurs\samandari\QA\PROJET AUTOMATISATION\USSD\USSD TELMA\bin\groovy;D:\Utilisateurs\samandari\QA\PROJET AUTOMATISATION\USSD\USSD TELMA\bin;D:\Utilisateurs\samandari\QA\Outils\Katalon_Studio_Windows_64-7.7.1\plugins\com.kms.katalon.core_1.0.0.202106150524.jar;D:\Utilisateurs\samandari\QA\Outils\Katalon_Studio_Windows_64-7.7.1\configuration\resources\lib\aalto-xml-1.0.0.jar;D:\Utilisateurs\samandari\QA\Outils\Katalon_Studio_Windows_64-7.7.1\configuration\resources\lib\aspectjweaver-1.9.1.jar;D:\Utilisateurs\samandari\QA\Outils\Katalon_Studio_Windows_64-7.7.1\configuration\resources\lib\bcpkix-jdk15on-1.64.jar;D:\Utilisateurs\samandari\QA\Outils\Katalon_Studio_Windows_64-7.7.1\configuration\resources\lib\bcprov-jdk15on-1.64.jar;D:\Utilisateurs\samandari\QA\Outils\Katalon_Studio_Windows_64-7.7.1\configuration\resources\lib\browsermob-core-2.1.5.jar;D:\Utilisateurs\samandari\QA\Outils\Katalon_Studio_Windows_64-7.7.1\configuration\resources\lib\cglib-3.2.10.jar;D:\Utilisateurs\samandari\QA\Outils\Katalon_Studio_Windows_64-7.7.1\configuration\resources\lib\commons-codec-1.10.jar;D:\Utilisateurs\samandari\QA\Outils\Katalon_Studio_Windows_64-7.7.1\configuration\resources\lib\commons-collections4-4.1.jar;D:\Utilisateurs\samandari\QA\Outils\Katalon_Studio_Windows_64-7.7.1\configuration\resources\lib\commons-validator-1.6.jar;D:\Utilisateurs\samandari\QA\Outils\Katalon_Studio_Windows_64-7.7.1\configuration\resources\lib\curvesapi-1.04.jar;D:\Utilisateurs\samandari\QA\Outils\Katalon_Studio_Windows_64-7.7.1\configuration\resources\lib\dnsjava-2.1.8.jar;D:\Utilisateurs\samandari\QA\Outils\Katalon_Studio_Windows_64-7.7.1\configuration\resources\lib\java-client-7.0.0.jar;D:\Utilisateurs\samandari\QA\Outils\Katalon_
Launcher Type: SUN_STANDARD

Environment Variables:
JAVA_HOME=C:\Program Files\Java\jdk1.8.0_202
PATH=D:/Utilisateurs/samandari/QA/Outils/Katalon_Studio_Windows_64-7.7.1/jre/bin/server;D:/Utilisateurs/samandari/QA/Outils/Katalon_Studio_Windows_64-7.7.1/jre/bin;D:/Utilisateurs/samandari/QA/Outils/Katalon_Studio_Windows_64-7.7.1/jre/lib/amd64;C:\Program Files (x86)\Common Files\Oracle\Java\javapath;C:\ProgramData\Oracle\Java\javapath;C:\Python27\;C:\Python27\Scripts;C:\WINDOWS\system32;C:\WINDOWS;C:\WINDOWS\System32\Wbem;C:\WINDOWS\System32\WindowsPowerShell\v1.0\;C:\Program Files\PuTTY\;C:\Program Files\Git\cmd;C:\ProgramData\chocolatey\bin;C:\Program Files\nodejs\;C:\Program Files\Java\jdk1.8.0_202\bin;D:\Utilisateurs\samandari\AppData\Local\Microsoft\WindowsApps;D:\Utilisateurs\samandari\AppData\Roaming\npm;;D:\Utilisateurs\samandari\QA\Outils\Katalon_Studio_Windows_64-7.7.1;
USERNAME=samandari
OS=Windows_NT
PROCESSOR_IDENTIFIER=Intel64 Family 6 Model 158 Stepping 10, GenuineIntel



---------------  S Y S T E M  ---------------

OS: Windows 10.0 , 64 bit Build 19041 (10.0.19041.1503)

CPU:total 6 (initial active 6) (6 cores per cpu, 1 threads per core) family 6 model 158 stepping 10, cmov, cx8, fxsr, mmx, sse, sse2, sse3, ssse3, sse4.1, sse4.2, popcnt, avx, avx2, aes, clmul, erms, rtm, 3dnowpref, lzcnt, tsc, tscinvbit, bmi1, bmi2, adx

Memory: 4k page, physical 8236320k(674412k free), swap 20649280k(5300k free)

vm_info: Java HotSpot(TM) 64-Bit Server VM (25.181-b13) for windows-amd64 JRE (1.8.0_181-b13), built on Jul  7 2018 04:01:33 by "java_re" with MS VC++ 10.0 (VS2010)

time: Fri Mar 18 11:53:56 2022
elapsed time: 1 seconds (0d 0h 0m 1s)

