#
# There is insufficient memory for the Java Runtime Environment to continue.
# Native memory allocation (malloc) failed to allocate 1289216 bytes for Chunk::new
# Possible reasons:
#   The system is out of physical RAM or swap space
#   In 32 bit mode, the process size limit was hit
# Possible solutions:
#   Reduce memory load on the system
#   Increase physical memory or swap space
#   Check if swap backing store is full
#   Use 64 bit Java on a 64 bit OS
#   Decrease Java heap size (-Xmx/-Xms)
#   Decrease number of Java threads
#   Decrease Java thread stack sizes (-Xss)
#   Set larger code cache with -XX:ReservedCodeCacheSize=
# This output file may be truncated or incomplete.
#
#  Out of Memory Error (allocation.cpp:390), pid=9872, tid=0x00000000000025dc
#
# JRE version: Java(TM) SE Runtime Environment (8.0_181-b13) (build 1.8.0_181-b13)
# Java VM: Java HotSpot(TM) 64-Bit Server VM (25.181-b13 mixed mode windows-amd64 compressed oops)
# Failed to write core dump. Minidumps are not enabled by default on client versions of Windows
#

---------------  T H R E A D  ---------------

Current thread (0x0000000019978800):  JavaThread "C2 CompilerThread0" daemon [_thread_in_native, id=9692, stack(0x000000001a0f0000,0x000000001a1f0000)]

Stack: [0x000000001a0f0000,0x000000001a1f0000]
[error occurred during error reporting (printing stack bounds), id 0xc0000005]

Native frames: (J=compiled Java code, j=interpreted, Vv=VM code, C=native code)


Current CompileTask:
C2:   2401 1997       4       groovy.lang.MetaClassImpl$1MOPIter::methodNameAction (479 bytes)


---------------  P R O C E S S  ---------------

Java Threads: ( => current thread )
  0x0000000019a0d800 JavaThread "Service Thread" daemon [_thread_blocked, id=13280, stack(0x000000001a3f0000,0x000000001a4f0000)]
  0x000000001997d800 JavaThread "C1 CompilerThread2" daemon [_thread_blocked, id=6132, stack(0x000000001a2f0000,0x000000001a3f0000)]
  0x0000000019979000 JavaThread "C2 CompilerThread1" daemon [_thread_in_native, id=11724, stack(0x000000001a1f0000,0x000000001a2f0000)]
=>0x0000000019978800 JavaThread "C2 CompilerThread0" daemon [_thread_in_native, id=9692, stack(0x000000001a0f0000,0x000000001a1f0000)]
  0x0000000019959000 JavaThread "Attach Listener" daemon [_thread_blocked, id=17116, stack(0x0000000019ff0000,0x000000001a0f0000)]
  0x00000000198dc000 JavaThread "Signal Dispatcher" daemon [_thread_blocked, id=12060, stack(0x0000000019ef0000,0x0000000019ff0000)]
  0x000000001784f000 JavaThread "Finalizer" daemon [_thread_blocked, id=4088, stack(0x00000000190c0000,0x00000000191c0000)]
  0x0000000017846000 JavaThread "Reference Handler" daemon [_thread_blocked, id=17076, stack(0x0000000018fc0000,0x00000000190c0000)]
  0x0000000002904000 JavaThread "main" [_thread_in_vm, id=11576, stack(0x0000000002760000,0x0000000002860000)]

Other Threads:
  0x000000001781f800 VMThread [stack: 0x0000000018ec0000,0x0000000018fc0000] [id=16596]
  0x00000000199af800 WatcherThread [stack: 0x000000001a4f0000,0x000000001a5f0000] [id=6380]

VM state:not at safepoint (normal execution)

VM Mutex/Monitor currently owned by a thread: None

Heap:
 PSYoungGen      total 72704K, used 59860K [0x00000000d5580000, 0x00000000db980000, 0x0000000100000000)
  eden space 65024K, 88% used [0x00000000d5580000,0x00000000d8dd5078,0x00000000d9500000)
  from space 7680K, 28% used [0x00000000d9500000,0x00000000d9720150,0x00000000d9c80000)
  to   space 8192K, 0% used [0x00000000db180000,0x00000000db180000,0x00000000db980000)
 ParOldGen       total 57856K, used 8397K [0x0000000080000000, 0x0000000083880000, 0x00000000d5580000)
  object space 57856K, 14% used [0x0000000080000000,0x00000000808336c0,0x0000000083880000)
 Metaspace       used 21706K, capacity 22176K, committed 22192K, reserved 1069056K
  class space    used 2413K, capacity 2560K, committed 2560K, reserved 1048576K

Card table byte_map: [0x0000000011db0000,0x00000000121c0000] byte_map_base: 0x00000000119b0000

Marking Bits: (ParMarkBitMap*) 0x0000000060682d00
 Begin Bits: [0x0000000012a70000, 0x0000000014a70000)
 End Bits:   [0x0000000014a70000, 0x0000000016a70000)

Polling page: 0x0000000000df0000

CodeCache: size=245760Kb used=9228Kb max_used=9228Kb free=236531Kb
 bounds [0x00000000029f0000, 0x0000000003300000, 0x00000000119f0000]
 total_blobs=2882 nmethods=2236 adapters=557
 compilation: enabled

Compilation events (10 events):
Event: 2.388 Thread 0x000000001997d800 2238       3       org.codehaus.groovy.antlr.parser.GroovyRecognizer::create (40 bytes)
Event: 2.388 Thread 0x000000001997d800 nmethod 2238 0x00000000032f3390 code [0x00000000032f3560, 0x00000000032f3c38]
Event: 2.388 Thread 0x000000001997d800 2229       3       org.codehaus.groovy.control.CompilationUnit$PrimaryClassNodeOperation::<init> (5 bytes)
Event: 2.389 Thread 0x000000001997d800 nmethod 2229 0x0000000003293950 code [0x0000000003293aa0, 0x0000000003293c50]
Event: 2.389 Thread 0x000000001997d800 2242       1       java.net.JarURLConnection::getJarFileURL (5 bytes)
Event: 2.389 Thread 0x000000001997d800 nmethod 2242 0x00000000032856d0 code [0x0000000003285820, 0x0000000003285930]
Event: 2.390 Thread 0x000000001997d800 2244       3       org.codehaus.groovy.control.ClassNodeResolver::findClassNode (7 bytes)
Event: 2.390 Thread 0x000000001997d800 nmethod 2244 0x00000000032f3f90 code [0x00000000032f4100, 0x00000000032f4288]
Event: 2.390 Thread 0x000000001997d800 2245   !   3       org.codehaus.groovy.control.ClassNodeResolver::tryAsLoaderClassOrScript (108 bytes)
Event: 2.390 Thread 0x000000001997d800 nmethod 2245 0x00000000032f4310 code [0x00000000032f4600, 0x00000000032f5d78]

GC Heap History (10 events):
Event: 1.346 GC heap before
{Heap before GC invocations=6 (full 0):
 PSYoungGen      total 37888K, used 37886K [0x00000000d5580000, 0x00000000da380000, 0x0000000100000000)
  eden space 32768K, 100% used [0x00000000d5580000,0x00000000d7580000,0x00000000d7580000)
  from space 5120K, 99% used [0x00000000d7580000,0x00000000d7a7fa10,0x00000000d7a80000)
  to   space 7168K, 0% used [0x00000000d9c80000,0x00000000d9c80000,0x00000000da380000)
 ParOldGen       total 86016K, used 1689K [0x0000000080000000, 0x0000000085400000, 0x00000000d5580000)
  object space 86016K, 1% used [0x0000000080000000,0x00000000801a6578,0x0000000085400000)
 Metaspace       used 16465K, capacity 16720K, committed 17024K, reserved 1064960K
  class space    used 1784K, capacity 1876K, committed 1920K, reserved 1048576K
Event: 1.350 GC heap after
Heap after GC invocations=6 (full 0):
 PSYoungGen      total 72192K, used 7101K [0x00000000d5580000, 0x00000000da480000, 0x0000000100000000)
  eden space 65024K, 0% used [0x00000000d5580000,0x00000000d5580000,0x00000000d9500000)
  from space 7168K, 99% used [0x00000000d9c80000,0x00000000da36f6f8,0x00000000da380000)
  to   space 7680K, 0% used [0x00000000d9500000,0x00000000d9500000,0x00000000d9c80000)
 ParOldGen       total 86016K, used 1697K [0x0000000080000000, 0x0000000085400000, 0x00000000d5580000)
  object space 86016K, 1% used [0x0000000080000000,0x00000000801a8578,0x0000000085400000)
 Metaspace       used 16465K, capacity 16720K, committed 17024K, reserved 1064960K
  class space    used 1784K, capacity 1876K, committed 1920K, reserved 1048576K
}
Event: 1.807 GC heap before
{Heap before GC invocations=7 (full 0):
 PSYoungGen      total 72192K, used 72125K [0x00000000d5580000, 0x00000000da480000, 0x0000000100000000)
  eden space 65024K, 100% used [0x00000000d5580000,0x00000000d9500000,0x00000000d9500000)
  from space 7168K, 99% used [0x00000000d9c80000,0x00000000da36f6f8,0x00000000da380000)
  to   space 7680K, 0% used [0x00000000d9500000,0x00000000d9500000,0x00000000d9c80000)
 ParOldGen       total 86016K, used 1697K [0x0000000080000000, 0x0000000085400000, 0x00000000d5580000)
  object space 86016K, 1% used [0x0000000080000000,0x00000000801a8578,0x0000000085400000)
 Metaspace       used 20105K, capacity 20422K, committed 20608K, reserved 1067008K
  class space    used 2251K, capacity 2361K, committed 2432K, reserved 1048576K
Event: 1.813 GC heap after
Heap after GC invocations=7 (full 0):
 PSYoungGen      total 72704K, used 6237K [0x00000000d5580000, 0x00000000da480000, 0x0000000100000000)
  eden space 65024K, 0% used [0x00000000d5580000,0x00000000d5580000,0x00000000d9500000)
  from space 7680K, 81% used [0x00000000d9500000,0x00000000d9b17600,0x00000000d9c80000)
  to   space 7168K, 0% used [0x00000000d9c80000,0x00000000d9c80000,0x00000000da380000)
 ParOldGen       total 86016K, used 4999K [0x0000000080000000, 0x0000000085400000, 0x00000000d5580000)
  object space 86016K, 5% used [0x0000000080000000,0x00000000804e1e08,0x0000000085400000)
 Metaspace       used 20105K, capacity 20422K, committed 20608K, reserved 1067008K
  class space    used 2251K, capacity 2361K, committed 2432K, reserved 1048576K
}
Event: 1.860 GC heap before
{Heap before GC invocations=8 (full 0):
 PSYoungGen      total 72704K, used 38679K [0x00000000d5580000, 0x00000000da480000, 0x0000000100000000)
  eden space 65024K, 49% used [0x00000000d5580000,0x00000000d752e700,0x00000000d9500000)
  from space 7680K, 81% used [0x00000000d9500000,0x00000000d9b17600,0x00000000d9c80000)
  to   space 7168K, 0% used [0x00000000d9c80000,0x00000000d9c80000,0x00000000da380000)
 ParOldGen       total 86016K, used 4999K [0x0000000080000000, 0x0000000085400000, 0x00000000d5580000)
  object space 86016K, 5% used [0x0000000080000000,0x00000000804e1e08,0x0000000085400000)
 Metaspace       used 20829K, capacity 21130K, committed 21296K, reserved 1069056K
  class space    used 2329K, capacity 2427K, committed 2432K, reserved 1048576K
Event: 1.863 GC heap after
Heap after GC invocations=8 (full 0):
 PSYoungGen      total 72192K, used 3984K [0x00000000d5580000, 0x00000000da480000, 0x0000000100000000)
  eden space 65024K, 0% used [0x00000000d5580000,0x00000000d5580000,0x00000000d9500000)
  from space 7168K, 55% used [0x00000000d9c80000,0x00000000da064020,0x00000000da380000)
  to   space 7680K, 0% used [0x00000000d9500000,0x00000000d9500000,0x00000000d9c80000)
 ParOldGen       total 86016K, used 5651K [0x0000000080000000, 0x0000000085400000, 0x00000000d5580000)
  object space 86016K, 6% used [0x0000000080000000,0x0000000080584e38,0x0000000085400000)
 Metaspace       used 20829K, capacity 21130K, committed 21296K, reserved 1069056K
  class space    used 2329K, capacity 2427K, committed 2432K, reserved 1048576K
}
Event: 1.863 GC heap before
{Heap before GC invocations=9 (full 1):
 PSYoungGen      total 72192K, used 3984K [0x00000000d5580000, 0x00000000da480000, 0x0000000100000000)
  eden space 65024K, 0% used [0x00000000d5580000,0x00000000d5580000,0x00000000d9500000)
  from space 7168K, 55% used [0x00000000d9c80000,0x00000000da064020,0x00000000da380000)
  to   space 7680K, 0% used [0x00000000d9500000,0x00000000d9500000,0x00000000d9c80000)
 ParOldGen       total 86016K, used 5651K [0x0000000080000000, 0x0000000085400000, 0x00000000d5580000)
  object space 86016K, 6% used [0x0000000080000000,0x0000000080584e38,0x0000000085400000)
 Metaspace       used 20829K, capacity 21130K, committed 21296K, reserved 1069056K
  class space    used 2329K, capacity 2427K, committed 2432K, reserved 1048576K
Event: 1.898 GC heap after
Heap after GC invocations=9 (full 1):
 PSYoungGen      total 72192K, used 0K [0x00000000d5580000, 0x00000000da480000, 0x0000000100000000)
  eden space 65024K, 0% used [0x00000000d5580000,0x00000000d5580000,0x00000000d9500000)
  from space 7168K, 0% used [0x00000000d9c80000,0x00000000d9c80000,0x00000000da380000)
  to   space 7680K, 0% used [0x00000000d9500000,0x00000000d9500000,0x00000000d9c80000)
 ParOldGen       total 57856K, used 8397K [0x0000000080000000, 0x0000000083880000, 0x00000000d5580000)
  object space 57856K, 14% used [0x0000000080000000,0x00000000808336c0,0x0000000083880000)
 Metaspace       used 20829K, capacity 21130K, committed 21296K, reserved 1069056K
  class space    used 2329K, capacity 2427K, committed 2432K, reserved 1048576K
}
Event: 2.140 GC heap before
{Heap before GC invocations=10 (full 1):
 PSYoungGen      total 72192K, used 65024K [0x00000000d5580000, 0x00000000da480000, 0x0000000100000000)
  eden space 65024K, 100% used [0x00000000d5580000,0x00000000d9500000,0x00000000d9500000)
  from space 7168K, 0% used [0x00000000d9c80000,0x00000000d9c80000,0x00000000da380000)
  to   space 7680K, 0% used [0x00000000d9500000,0x00000000d9500000,0x00000000d9c80000)
 ParOldGen       total 57856K, used 8397K [0x0000000080000000, 0x0000000083880000, 0x00000000d5580000)
  object space 57856K, 14% used [0x0000000080000000,0x00000000808336c0,0x0000000083880000)
 Metaspace       used 21215K, capacity 21534K, committed 21936K, reserved 1069056K
  class space    used 2372K, capacity 2478K, committed 2560K, reserved 1048576K
Event: 2.142 GC heap after
Heap after GC invocations=10 (full 1):
 PSYoungGen      total 72704K, used 2176K [0x00000000d5580000, 0x00000000db980000, 0x0000000100000000)
  eden space 65024K, 0% used [0x00000000d5580000,0x00000000d5580000,0x00000000d9500000)
  from space 7680K, 28% used [0x00000000d9500000,0x00000000d9720150,0x00000000d9c80000)
  to   space 8192K, 0% used [0x00000000db180000,0x00000000db180000,0x00000000db980000)
 ParOldGen       total 57856K, used 8397K [0x0000000080000000, 0x0000000083880000, 0x00000000d5580000)
  object space 57856K, 14% used [0x0000000080000000,0x00000000808336c0,0x0000000083880000)
 Metaspace       used 21215K, capacity 21534K, committed 21936K, reserved 1069056K
  class space    used 2372K, capacity 2478K, committed 2560K, reserved 1048576K
}

Deoptimization events (10 events):
Event: 1.815 Thread 0x0000000002904000 Uncommon trap: reason=unstable_if action=reinterpret pc=0x0000000002d85a60 method=java.util.HashMap.getNode(ILjava/lang/Object;)Ljava/util/HashMap$Node; @ 129
Event: 1.815 Thread 0x0000000002904000 Uncommon trap: reason=class_check action=maybe_recompile pc=0x0000000002daebd8 method=java.util.HashMap.putVal(ILjava/lang/Object;Ljava/lang/Object;ZZ)Ljava/lang/Object; @ 203
Event: 1.824 Thread 0x0000000002904000 Uncommon trap: reason=unstable_if action=reinterpret pc=0x0000000002b23458 method=sun.nio.cs.UTF_8$Encoder.encode([CII[B)I @ 33
Event: 1.828 Thread 0x0000000002904000 Uncommon trap: reason=predicate action=maybe_recompile pc=0x0000000002fdeb70 method=java.lang.String.regionMatches(ZILjava/lang/String;II)Z @ 63
Event: 2.000 Thread 0x0000000002904000 Uncommon trap: reason=unstable_if action=reinterpret pc=0x0000000003019364 method=java.lang.Class$MethodArray.addIfNotPresent(Ljava/lang/reflect/Method;)V @ 19
Event: 2.149 Thread 0x0000000002904000 Uncommon trap: reason=unstable_if action=reinterpret pc=0x00000000031da624 method=groovy.lang.MetaClassImpl.checkIfStdMethod(Lgroovy/lang/MetaMethod;)V @ 9
Event: 2.344 Thread 0x0000000002904000 Uncommon trap: reason=predicate action=maybe_recompile pc=0x00000000032276e4 method=java.util.Arrays.binarySearch0([Ljava/lang/Object;IILjava/lang/Object;Ljava/util/Comparator;)I @ 28
Event: 2.349 Thread 0x0000000002904000 Uncommon trap: reason=unstable_if action=reinterpret pc=0x000000000322b000 method=java.net.URI.match(CJJ)Z @ 32
Event: 2.349 Thread 0x0000000002904000 Uncommon trap: reason=unstable_if action=reinterpret pc=0x000000000318adb4 method=java.io.WinNTFileSystem.isLetter(C)Z @ 3
Event: 2.353 Thread 0x0000000002904000 Uncommon trap: reason=unstable_if action=reinterpret pc=0x000000000317a6c4 method=java.net.URI.match(CJJ)Z @ 32

Classes redefined (0 events):
No events

Internal exceptions (10 events):
Event: 2.397 Thread 0x0000000002904000 Exception <a 'java/security/PrivilegedActionException'> (0x00000000d8bb5f90) thrown at [C:\re\workspace\8-2-build-windows-amd64-cygwin\jdk8u181\11358\hotspot\src\share\vm\prims\jvm.cpp, line 1435]
Event: 2.397 Thread 0x0000000002904000 Exception <a 'java/security/PrivilegedActionException'> (0x00000000d8bb6570) thrown at [C:\re\workspace\8-2-build-windows-amd64-cygwin\jdk8u181\11358\hotspot\src\share\vm\prims\jvm.cpp, line 1435]
Event: 2.397 Thread 0x0000000002904000 Exception <a 'java/security/PrivilegedActionException'> (0x00000000d8bc79d0) thrown at [C:\re\workspace\8-2-build-windows-amd64-cygwin\jdk8u181\11358\hotspot\src\share\vm\prims\jvm.cpp, line 1435]
Event: 2.397 Thread 0x0000000002904000 Exception <a 'java/security/PrivilegedActionException'> (0x00000000d8bc7fb0) thrown at [C:\re\workspace\8-2-build-windows-amd64-cygwin\jdk8u181\11358\hotspot\src\share\vm\prims\jvm.cpp, line 1435]
Event: 2.397 Thread 0x0000000002904000 Exception <a 'java/security/PrivilegedActionException'> (0x00000000d8bdc2e8) thrown at [C:\re\workspace\8-2-build-windows-amd64-cygwin\jdk8u181\11358\hotspot\src\share\vm\prims\jvm.cpp, line 1435]
Event: 2.397 Thread 0x0000000002904000 Exception <a 'java/security/PrivilegedActionException'> (0x00000000d8bdc8c8) thrown at [C:\re\workspace\8-2-build-windows-amd64-cygwin\jdk8u181\11358\hotspot\src\share\vm\prims\jvm.cpp, line 1435]
Event: 2.398 Thread 0x0000000002904000 Exception <a 'java/security/PrivilegedActionException'> (0x00000000d8beddb0) thrown at [C:\re\workspace\8-2-build-windows-amd64-cygwin\jdk8u181\11358\hotspot\src\share\vm\prims\jvm.cpp, line 1435]
Event: 2.398 Thread 0x0000000002904000 Exception <a 'java/security/PrivilegedActionException'> (0x00000000d8bee390) thrown at [C:\re\workspace\8-2-build-windows-amd64-cygwin\jdk8u181\11358\hotspot\src\share\vm\prims\jvm.cpp, line 1435]
Event: 2.398 Thread 0x0000000002904000 Exception <a 'java/security/PrivilegedActionException'> (0x00000000d8c02068) thrown at [C:\re\workspace\8-2-build-windows-amd64-cygwin\jdk8u181\11358\hotspot\src\share\vm\prims\jvm.cpp, line 1435]
Event: 2.398 Thread 0x0000000002904000 Exception <a 'java/security/PrivilegedActionException'> (0x00000000d8c02648) thrown at [C:\re\workspace\8-2-build-windows-amd64-cygwin\jdk8u181\11358\hotspot\src\share\vm\prims\jvm.cpp, line 1435]

Events (10 events):
Event: 2.395 loading class groovy/util/com$kms$katalon$core$testobject$TestObject
Event: 2.395 loading class groovy/util/com$kms$katalon$core$testobject$TestObject done
Event: 2.396 loading class com$kms$katalon$core$testobject$TestObject
Event: 2.396 loading class com$kms$katalon$core$testobject$TestObject done
Event: 2.397 loading class com/kms$katalon$core$testobject$TestObject
Event: 2.397 loading class com/kms$katalon$core$testobject$TestObject done
Event: 2.398 loading class com/kms/katalon$core$testobject$TestObject
Event: 2.398 loading class com/kms/katalon$core$testobject$TestObject done
Event: 2.399 loading class com/kms/katalon/core$testobject$TestObject
Event: 2.399 loading class com/kms/katalon/core$testobject$TestObject done


Dynamic libraries:
0x00007ff622b60000 - 0x00007ff622b97000 	D:\Utilisateurs\samandari\QA\Outils\Katalon_Studio_Windows_64-7.7.1\jre\bin\javaw.exe
0x00007ff92d070000 - 0x00007ff92d265000 	C:\WINDOWS\SYSTEM32\ntdll.dll
0x00007ff92cd40000 - 0x00007ff92cdfe000 	C:\WINDOWS\System32\KERNEL32.DLL
0x00007ff92a8b0000 - 0x00007ff92ab78000 	C:\WINDOWS\System32\KERNELBASE.dll
0x00007ff92b180000 - 0x00007ff92b22e000 	C:\WINDOWS\System32\ADVAPI32.dll
0x00007ff92b2f0000 - 0x00007ff92b38e000 	C:\WINDOWS\System32\msvcrt.dll
0x00007ff92cca0000 - 0x00007ff92cd3c000 	C:\WINDOWS\System32\sechost.dll
0x00007ff92cf00000 - 0x00007ff92d025000 	C:\WINDOWS\System32\RPCRT4.dll
0x00007ff92c940000 - 0x00007ff92cae0000 	C:\WINDOWS\System32\USER32.dll
0x00007ff92a880000 - 0x00007ff92a8a2000 	C:\WINDOWS\System32\win32u.dll
0x00007ff92cae0000 - 0x00007ff92cb0b000 	C:\WINDOWS\System32\GDI32.dll
0x00007ff92af00000 - 0x00007ff92b00d000 	C:\WINDOWS\System32\gdi32full.dll
0x00007ff92ab80000 - 0x00007ff92ac1d000 	C:\WINDOWS\System32\msvcp_win.dll
0x00007ff92a780000 - 0x00007ff92a880000 	C:\WINDOWS\System32\ucrtbase.dll
0x00007ff91c5d0000 - 0x00007ff91c86a000 	C:\WINDOWS\WinSxS\amd64_microsoft.windows.common-controls_6595b64144ccf1df_6.0.19041.1110_none_60b5254171f9507e\COMCTL32.dll
0x00007ff92ced0000 - 0x00007ff92cf00000 	C:\WINDOWS\System32\IMM32.DLL
0x000000005ef20000 - 0x000000005eff2000 	D:\Utilisateurs\samandari\QA\Outils\Katalon_Studio_Windows_64-7.7.1\jre\bin\msvcr100.dll
0x000000005fe60000 - 0x0000000060702000 	D:\Utilisateurs\samandari\QA\Outils\Katalon_Studio_Windows_64-7.7.1\jre\bin\server\jvm.dll
0x00007ff92b170000 - 0x00007ff92b178000 	C:\WINDOWS\System32\PSAPI.DLL
0x00007ff91b890000 - 0x00007ff91b8b7000 	C:\WINDOWS\SYSTEM32\WINMM.dll
0x00007ff9206e0000 - 0x00007ff9206ea000 	C:\WINDOWS\SYSTEM32\VERSION.dll
0x00007ff912fc0000 - 0x00007ff912fc9000 	C:\WINDOWS\SYSTEM32\WSOCK32.dll
0x00007ff92ce60000 - 0x00007ff92cecb000 	C:\WINDOWS\System32\WS2_32.dll
0x000000005fd70000 - 0x000000005fd7f000 	D:\Utilisateurs\samandari\QA\Outils\Katalon_Studio_Windows_64-7.7.1\jre\bin\verify.dll
0x000000005fd40000 - 0x000000005fd69000 	D:\Utilisateurs\samandari\QA\Outils\Katalon_Studio_Windows_64-7.7.1\jre\bin\java.dll
0x000000005fd20000 - 0x000000005fd36000 	D:\Utilisateurs\samandari\QA\Outils\Katalon_Studio_Windows_64-7.7.1\jre\bin\zip.dll
0x00007ff92bbb0000 - 0x00007ff92c2f4000 	C:\WINDOWS\System32\SHELL32.dll
0x00007ff928890000 - 0x00007ff929024000 	C:\WINDOWS\SYSTEM32\windows.storage.dll
0x00007ff92b5b0000 - 0x00007ff92b905000 	C:\WINDOWS\System32\combase.dll
0x00007ff92a1d0000 - 0x00007ff92a1fe000 	C:\WINDOWS\SYSTEM32\Wldp.dll
0x00007ff92b0c0000 - 0x00007ff92b16d000 	C:\WINDOWS\System32\SHCORE.dll
0x00007ff92b470000 - 0x00007ff92b4c5000 	C:\WINDOWS\System32\shlwapi.dll
0x00007ff92a6c0000 - 0x00007ff92a6df000 	C:\WINDOWS\SYSTEM32\profapi.dll
0x000000005fd00000 - 0x000000005fd1a000 	D:\Utilisateurs\samandari\QA\Outils\Katalon_Studio_Windows_64-7.7.1\jre\bin\net.dll
0x00007ff929ee0000 - 0x00007ff929f4a000 	C:\WINDOWS\system32\mswsock.dll
0x000000005fce0000 - 0x000000005fcf1000 	D:\Utilisateurs\samandari\QA\Outils\Katalon_Studio_Windows_64-7.7.1\jre\bin\nio.dll

VM Arguments:
jvm_args: -Dgroovy.home=D:\Utilisateurs\samandari/.groovy -Djava.system.class.loader=groovy.lang.GroovyClassLoader -Xmx2048m -Dfile.encoding=UTF-8 
java_command: org.codehaus.groovy.tools.GroovyStarter --classpath D:\Utilisateurs\samandari\QA\PROJET AUTOMATISATION\USSD\USSD TELMA\bin\keyword;D:\Utilisateurs\samandari\QA\PROJET AUTOMATISATION\USSD\USSD TELMA\Keywords;D:\Utilisateurs\samandari\QA\PROJET AUTOMATISATION\USSD\USSD TELMA\bin\listener;D:\Utilisateurs\samandari\QA\PROJET AUTOMATISATION\USSD\USSD TELMA\Test Listeners;D:\Utilisateurs\samandari\QA\PROJET AUTOMATISATION\USSD\USSD TELMA\bin\lib;D:\Utilisateurs\samandari\QA\PROJET AUTOMATISATION\USSD\USSD TELMA\Libs;D:\Utilisateurs\samandari\QA\PROJET AUTOMATISATION\USSD\USSD TELMA\bin\groovy;D:\Utilisateurs\samandari\QA\PROJET AUTOMATISATION\USSD\USSD TELMA\Include\scripts\groovy;D:\Utilisateurs\samandari\QA\Outils\Katalon_Studio_Windows_64-7.7.1\plugins\com.kms.katalon.core_1.0.0.202106150524.jar;D:\Utilisateurs\samandari\QA\Outils\Katalon_Studio_Windows_64-7.7.1\configuration\resources\lib\aalto-xml-1.0.0.jar;D:\Utilisateurs\samandari\QA\Outils\Katalon_Studio_Windows_64-7.7.1\configuration\resources\lib\aspectjweaver-1.9.1.jar;D:\Utilisateurs\samandari\QA\Outils\Katalon_Studio_Windows_64-7.7.1\configuration\resources\lib\bcpkix-jdk15on-1.64.jar;D:\Utilisateurs\samandari\QA\Outils\Katalon_Studio_Windows_64-7.7.1\configuration\resources\lib\bcprov-jdk15on-1.64.jar;D:\Utilisateurs\samandari\QA\Outils\Katalon_Studio_Windows_64-7.7.1\configuration\resources\lib\browsermob-core-2.1.5.jar;D:\Utilisateurs\samandari\QA\Outils\Katalon_Studio_Windows_64-7.7.1\configuration\resources\lib\cglib-3.2.10.jar;D:\Utilisateurs\samandari\QA\Outils\Katalon_Studio_Windows_64-7.7.1\configuration\resources\lib\commons-codec-1.10.jar;D:\Utilisateurs\samandari\QA\Outils\Katalon_Studio_Windows_64-7.7.1\configuration\resources\lib\commons-collections4-4.1.jar;D:\Utilisateurs\samandari\QA\Outils\Katalon_Studio_Windows_64-7.7.1\configuration\resources\lib\commons-validator-1.6.jar;D:\Utilisateurs\samandari\QA\Outils\Katalon_Studio_Windows_64-7.7.1\configuration\resources\lib\curvesa
java_class_path (initial): D:\Utilisateurs\samandari\QA\PROJET AUTOMATISATION\USSD\USSD TELMA\bin\keyword;D:\Utilisateurs\samandari\QA\PROJET AUTOMATISATION\USSD\USSD TELMA\bin\listener;D:\Utilisateurs\samandari\QA\PROJET AUTOMATISATION\USSD\USSD TELMA\bin\lib;D:\Utilisateurs\samandari\QA\PROJET AUTOMATISATION\USSD\USSD TELMA\bin\groovy;D:\Utilisateurs\samandari\QA\PROJET AUTOMATISATION\USSD\USSD TELMA\bin;D:\Utilisateurs\samandari\QA\Outils\Katalon_Studio_Windows_64-7.7.1\plugins\com.kms.katalon.core_1.0.0.202106150524.jar;D:\Utilisateurs\samandari\QA\Outils\Katalon_Studio_Windows_64-7.7.1\configuration\resources\lib\aalto-xml-1.0.0.jar;D:\Utilisateurs\samandari\QA\Outils\Katalon_Studio_Windows_64-7.7.1\configuration\resources\lib\aspectjweaver-1.9.1.jar;D:\Utilisateurs\samandari\QA\Outils\Katalon_Studio_Windows_64-7.7.1\configuration\resources\lib\bcpkix-jdk15on-1.64.jar;D:\Utilisateurs\samandari\QA\Outils\Katalon_Studio_Windows_64-7.7.1\configuration\resources\lib\bcprov-jdk15on-1.64.jar;D:\Utilisateurs\samandari\QA\Outils\Katalon_Studio_Windows_64-7.7.1\configuration\resources\lib\browsermob-core-2.1.5.jar;D:\Utilisateurs\samandari\QA\Outils\Katalon_Studio_Windows_64-7.7.1\configuration\resources\lib\cglib-3.2.10.jar;D:\Utilisateurs\samandari\QA\Outils\Katalon_Studio_Windows_64-7.7.1\configuration\resources\lib\commons-codec-1.10.jar;D:\Utilisateurs\samandari\QA\Outils\Katalon_Studio_Windows_64-7.7.1\configuration\resources\lib\commons-collections4-4.1.jar;D:\Utilisateurs\samandari\QA\Outils\Katalon_Studio_Windows_64-7.7.1\configuration\resources\lib\commons-validator-1.6.jar;D:\Utilisateurs\samandari\QA\Outils\Katalon_Studio_Windows_64-7.7.1\configuration\resources\lib\curvesapi-1.04.jar;D:\Utilisateurs\samandari\QA\Outils\Katalon_Studio_Windows_64-7.7.1\configuration\resources\lib\dnsjava-2.1.8.jar;D:\Utilisateurs\samandari\QA\Outils\Katalon_Studio_Windows_64-7.7.1\configuration\resources\lib\java-client-7.0.0.jar;D:\Utilisateurs\samandari\QA\Outils\Katalon_
Launcher Type: SUN_STANDARD

Environment Variables:
JAVA_HOME=C:\Program Files\Java\jdk1.8.0_281
PATH=D:/Utilisateurs/samandari/QA/Outils/Katalon_Studio_Windows_64-7.7.1/jre/bin/server;D:/Utilisateurs/samandari/QA/Outils/Katalon_Studio_Windows_64-7.7.1/jre/bin;D:/Utilisateurs/samandari/QA/Outils/Katalon_Studio_Windows_64-7.7.1/jre/lib/amd64;C:\Program Files (x86)\Common Files\Oracle\Java\javapath;C:\ProgramData\Oracle\Java\javapath;C:\Python27\;C:\Python27\Scripts;C:\WINDOWS\system32;C:\WINDOWS;C:\WINDOWS\System32\Wbem;C:\WINDOWS\System32\WindowsPowerShell\v1.0\;C:\Program Files\PuTTY\;C:\Program Files\Git\cmd;C:\ProgramData\chocolatey\bin;C:\Program Files\Java\jdk1.8.0_281\bin;C:\Program Files\nodejs\;D:\Utilisateurs\samandari\AppData\Local\Microsoft\WindowsApps;D:\Utilisateurs\samandari\AppData\Roaming\npm;;D:\Utilisateurs\samandari\QA\Outils\Katalon_Studio_Windows_64-7.7.1;
USERNAME=samandari
OS=Windows_NT
PROCESSOR_IDENTIFIER=Intel64 Family 6 Model 158 Stepping 10, GenuineIntel



---------------  S Y S T E M  ---------------

OS: Windows 10.0 , 64 bit Build 19041 (10.0.19041.1503)

CPU:total 6 (initial active 6) (6 cores per cpu, 1 threads per core) family 6 model 158 stepping 10, cmov, cx8, fxsr, mmx, sse, sse2, sse3, ssse3, sse4.1, sse4.2, popcnt, avx, avx2, aes, clmul, erms, rtm, 3dnowpref, lzcnt, tsc, tscinvbit, bmi1, bmi2, adx

Memory: 4k page, physical 8236320k(857404k free), swap 20649280k(5340k free)

vm_info: Java HotSpot(TM) 64-Bit Server VM (25.181-b13) for windows-amd64 JRE (1.8.0_181-b13), built on Jul  7 2018 04:01:33 by "java_re" with MS VC++ 10.0 (VS2010)

time: Thu Feb 24 15:50:40 2022
elapsed time: 2 seconds (0d 0h 0m 2s)

