#
# There is insufficient memory for the Java Runtime Environment to continue.
# Native memory allocation (malloc) failed to allocate 2202736 bytes for Chunk::new
# Possible reasons:
#   The system is out of physical RAM or swap space
#   In 32 bit mode, the process size limit was hit
# Possible solutions:
#   Reduce memory load on the system
#   Increase physical memory or swap space
#   Check if swap backing store is full
#   Use 64 bit Java on a 64 bit OS
#   Decrease Java heap size (-Xmx/-Xms)
#   Decrease number of Java threads
#   Decrease Java thread stack sizes (-Xss)
#   Set larger code cache with -XX:ReservedCodeCacheSize=
# This output file may be truncated or incomplete.
#
#  Out of Memory Error (allocation.cpp:390), pid=10396, tid=0x000000000000205c
#
# JRE version: Java(TM) SE Runtime Environment (8.0_181-b13) (build 1.8.0_181-b13)
# Java VM: Java HotSpot(TM) 64-Bit Server VM (25.181-b13 mixed mode windows-amd64 compressed oops)
# Failed to write core dump. Minidumps are not enabled by default on client versions of Windows
#

---------------  T H R E A D  ---------------

Current thread (0x0000000019ab6800):  JavaThread "C2 CompilerThread1" daemon [_thread_in_native, id=8284, stack(0x000000001a330000,0x000000001a430000)]

Stack: [0x000000001a330000,0x000000001a430000]
[error occurred during error reporting (printing stack bounds), id 0xc0000005]

Native frames: (J=compiled Java code, j=interpreted, Vv=VM code, C=native code)


Current CompileTask:
C2:   5228 2938   !   4       com.sun.beans.TypeResolver::resolve (274 bytes)


---------------  P R O C E S S  ---------------

Java Threads: ( => current thread )
  0x0000000019aeb000 JavaThread "Service Thread" daemon [_thread_blocked, id=17668, stack(0x000000001a530000,0x000000001a630000)]
  0x0000000019abc800 JavaThread "C1 CompilerThread2" daemon [_thread_blocked, id=18252, stack(0x000000001a430000,0x000000001a530000)]
=>0x0000000019ab6800 JavaThread "C2 CompilerThread1" daemon [_thread_in_native, id=8284, stack(0x000000001a330000,0x000000001a430000)]
  0x0000000019ab5800 JavaThread "C2 CompilerThread0" daemon [_thread_blocked, id=13856, stack(0x000000001a230000,0x000000001a330000)]
  0x0000000019a99800 JavaThread "Attach Listener" daemon [_thread_blocked, id=1928, stack(0x000000001a130000,0x000000001a230000)]
  0x0000000019b1c800 JavaThread "Signal Dispatcher" daemon [_thread_blocked, id=7696, stack(0x000000001a030000,0x000000001a130000)]
  0x000000001798d000 JavaThread "Finalizer" daemon [_thread_blocked, id=14304, stack(0x0000000019200000,0x0000000019300000)]
  0x0000000017984000 JavaThread "Reference Handler" daemon [_thread_blocked, id=7576, stack(0x0000000019100000,0x0000000019200000)]
  0x0000000002a44000 JavaThread "main" [_thread_in_Java, id=17984, stack(0x0000000002930000,0x0000000002a30000)]

Other Threads:
  0x000000001795d000 VMThread [stack: 0x0000000019000000,0x0000000019100000] [id=1504]
  0x0000000019aec800 WatcherThread [stack: 0x000000001a630000,0x000000001a730000] [id=2204]

VM state:not at safepoint (normal execution)

VM Mutex/Monitor currently owned by a thread: None

Heap:
 PSYoungGen      total 179712K, used 46019K [0x00000000d5580000, 0x00000000e4500000, 0x0000000100000000)
  eden space 171008K, 21% used [0x00000000d5580000,0x00000000d79f5168,0x00000000dfc80000)
  from space 8704K, 99% used [0x00000000dfc80000,0x00000000e04fbde0,0x00000000e0500000)
  to   space 12800K, 0% used [0x00000000e3880000,0x00000000e3880000,0x00000000e4500000)
 ParOldGen       total 55808K, used 17767K [0x0000000080000000, 0x0000000083680000, 0x00000000d5580000)
  object space 55808K, 31% used [0x0000000080000000,0x0000000081159ca8,0x0000000083680000)
 Metaspace       used 30704K, capacity 31332K, committed 31360K, reserved 1077248K
  class space    used 3511K, capacity 3710K, committed 3712K, reserved 1048576K

Card table byte_map: [0x0000000011ef0000,0x0000000012300000] byte_map_base: 0x0000000011af0000

Marking Bits: (ParMarkBitMap*) 0x0000000065242d00
 Begin Bits: [0x0000000012bb0000, 0x0000000014bb0000)
 End Bits:   [0x0000000014bb0000, 0x0000000016bb0000)

Polling page: 0x0000000002820000

CodeCache: size=245760Kb used=12948Kb max_used=13040Kb free=232811Kb
 bounds [0x0000000002b30000, 0x0000000003800000, 0x0000000011b30000]
 total_blobs=3793 nmethods=3102 adapters=602
 compilation: enabled

Compilation events (10 events):
Event: 5.204 Thread 0x0000000019abc800 3140       3       org.apache.xerces.impl.XMLEntityScanner::skipString (207 bytes)
Event: 5.204 Thread 0x0000000019abc800 nmethod 3140 0x0000000002c62ed0 code [0x0000000002c630c0, 0x0000000002c63a58]
Event: 5.205 Thread 0x0000000019abc800 3143       3       org.apache.xerces.util.NamespaceSupport::getDeclaredPrefixCount (17 bytes)
Event: 5.205 Thread 0x0000000019abc800 nmethod 3143 0x0000000002c41650 code [0x0000000002c417a0, 0x0000000002c41950]
Event: 5.205 Thread 0x0000000019abc800 3141       3       org.apache.xerces.impl.XMLEntityManager$RewindableInputStream::readAndBuffer (97 bytes)
Event: 5.205 Thread 0x0000000019abc800 nmethod 3141 0x0000000002d36690 code [0x0000000002d36820, 0x0000000002d36c78]
Event: 5.205 Thread 0x0000000019abc800 3142       3       org.apache.xerces.impl.XMLEntityManager$RewindableInputStream::read (128 bytes)
Event: 5.205 Thread 0x0000000019abc800 nmethod 3142 0x0000000002c549d0 code [0x0000000002c54b80, 0x0000000002c551a8]
Event: 5.206 Thread 0x0000000019abc800 3144       3       org.codehaus.groovy.ast.expr.VariableExpression::setType (27 bytes)
Event: 5.206 Thread 0x0000000019abc800 nmethod 3144 0x0000000002c54510 code [0x0000000002c54680, 0x0000000002c548b0]

GC Heap History (10 events):
Event: 1.818 GC heap before
{Heap before GC invocations=8 (full 0):
 PSYoungGen      total 72192K, used 23075K [0x00000000d5580000, 0x00000000de280000, 0x0000000100000000)
  eden space 64512K, 25% used [0x00000000d5580000,0x00000000d65d39a0,0x00000000d9480000)
  from space 7680K, 82% used [0x00000000d9480000,0x00000000d9ab5648,0x00000000d9c00000)
  to   space 7680K, 0% used [0x00000000ddb00000,0x00000000ddb00000,0x00000000de280000)
 ParOldGen       total 86016K, used 5224K [0x0000000080000000, 0x0000000085400000, 0x00000000d5580000)
  object space 86016K, 6% used [0x0000000080000000,0x000000008051a038,0x0000000085400000)
 Metaspace       used 20804K, capacity 21138K, committed 21296K, reserved 1069056K
  class space    used 2329K, capacity 2427K, committed 2432K, reserved 1048576K
Event: 1.822 GC heap after
Heap after GC invocations=8 (full 0):
 PSYoungGen      total 136192K, used 3888K [0x00000000d5580000, 0x00000000de380000, 0x0000000100000000)
  eden space 128512K, 0% used [0x00000000d5580000,0x00000000d5580000,0x00000000dd300000)
  from space 7680K, 50% used [0x00000000ddb00000,0x00000000ddecc010,0x00000000de280000)
  to   space 8192K, 0% used [0x00000000dd300000,0x00000000dd300000,0x00000000ddb00000)
 ParOldGen       total 86016K, used 6064K [0x0000000080000000, 0x0000000085400000, 0x00000000d5580000)
  object space 86016K, 7% used [0x0000000080000000,0x00000000805ec110,0x0000000085400000)
 Metaspace       used 20804K, capacity 21138K, committed 21296K, reserved 1069056K
  class space    used 2329K, capacity 2427K, committed 2432K, reserved 1048576K
}
Event: 1.822 GC heap before
{Heap before GC invocations=9 (full 1):
 PSYoungGen      total 136192K, used 3888K [0x00000000d5580000, 0x00000000de380000, 0x0000000100000000)
  eden space 128512K, 0% used [0x00000000d5580000,0x00000000d5580000,0x00000000dd300000)
  from space 7680K, 50% used [0x00000000ddb00000,0x00000000ddecc010,0x00000000de280000)
  to   space 8192K, 0% used [0x00000000dd300000,0x00000000dd300000,0x00000000ddb00000)
 ParOldGen       total 86016K, used 6064K [0x0000000080000000, 0x0000000085400000, 0x00000000d5580000)
  object space 86016K, 7% used [0x0000000080000000,0x00000000805ec110,0x0000000085400000)
 Metaspace       used 20804K, capacity 21138K, committed 21296K, reserved 1069056K
  class space    used 2329K, capacity 2427K, committed 2432K, reserved 1048576K
Event: 1.855 GC heap after
Heap after GC invocations=9 (full 1):
 PSYoungGen      total 136192K, used 0K [0x00000000d5580000, 0x00000000de380000, 0x0000000100000000)
  eden space 128512K, 0% used [0x00000000d5580000,0x00000000d5580000,0x00000000dd300000)
  from space 7680K, 0% used [0x00000000ddb00000,0x00000000ddb00000,0x00000000de280000)
  to   space 8192K, 0% used [0x00000000dd300000,0x00000000dd300000,0x00000000ddb00000)
 ParOldGen       total 55808K, used 8377K [0x0000000080000000, 0x0000000083680000, 0x00000000d5580000)
  object space 55808K, 15% used [0x0000000080000000,0x000000008082e670,0x0000000083680000)
 Metaspace       used 20804K, capacity 21138K, committed 21296K, reserved 1069056K
  class space    used 2329K, capacity 2427K, committed 2432K, reserved 1048576K
}
Event: 2.414 GC heap before
{Heap before GC invocations=10 (full 1):
 PSYoungGen      total 136192K, used 128512K [0x00000000d5580000, 0x00000000de380000, 0x0000000100000000)
  eden space 128512K, 100% used [0x00000000d5580000,0x00000000dd300000,0x00000000dd300000)
  from space 7680K, 0% used [0x00000000ddb00000,0x00000000ddb00000,0x00000000de280000)
  to   space 8192K, 0% used [0x00000000dd300000,0x00000000dd300000,0x00000000ddb00000)
 ParOldGen       total 55808K, used 8377K [0x0000000080000000, 0x0000000083680000, 0x00000000d5580000)
  object space 55808K, 15% used [0x0000000080000000,0x000000008082e670,0x0000000083680000)
 Metaspace       used 21710K, capacity 22138K, committed 22320K, reserved 1069056K
  class space    used 2414K, capacity 2566K, committed 2688K, reserved 1048576K
Event: 2.417 GC heap after
Heap after GC invocations=10 (full 1):
 PSYoungGen      total 136704K, used 3341K [0x00000000d5580000, 0x00000000e0e80000, 0x0000000100000000)
  eden space 128512K, 0% used [0x00000000d5580000,0x00000000d5580000,0x00000000dd300000)
  from space 8192K, 40% used [0x00000000dd300000,0x00000000dd6435d8,0x00000000ddb00000)
  to   space 8192K, 0% used [0x00000000e0680000,0x00000000e0680000,0x00000000e0e80000)
 ParOldGen       total 55808K, used 8385K [0x0000000080000000, 0x0000000083680000, 0x00000000d5580000)
  object space 55808K, 15% used [0x0000000080000000,0x0000000080830670,0x0000000083680000)
 Metaspace       used 21710K, capacity 22138K, committed 22320K, reserved 1069056K
  class space    used 2414K, capacity 2566K, committed 2688K, reserved 1048576K
}
Event: 2.847 GC heap before
{Heap before GC invocations=11 (full 1):
 PSYoungGen      total 136704K, used 131853K [0x00000000d5580000, 0x00000000e0e80000, 0x0000000100000000)
  eden space 128512K, 100% used [0x00000000d5580000,0x00000000dd300000,0x00000000dd300000)
  from space 8192K, 40% used [0x00000000dd300000,0x00000000dd6435d8,0x00000000ddb00000)
  to   space 8192K, 0% used [0x00000000e0680000,0x00000000e0680000,0x00000000e0e80000)
 ParOldGen       total 55808K, used 8385K [0x0000000080000000, 0x0000000083680000, 0x00000000d5580000)
  object space 55808K, 15% used [0x0000000080000000,0x0000000080830670,0x0000000083680000)
 Metaspace       used 22211K, capacity 22670K, committed 22832K, reserved 1069056K
  class space    used 2456K, capacity 2614K, committed 2688K, reserved 1048576K
Event: 2.851 GC heap after
Heap after GC invocations=11 (full 1):
 PSYoungGen      total 177152K, used 7139K [0x00000000d5580000, 0x00000000e0d80000, 0x0000000100000000)
  eden space 169984K, 0% used [0x00000000d5580000,0x00000000d5580000,0x00000000dfb80000)
  from space 7168K, 99% used [0x00000000e0680000,0x00000000e0d78c88,0x00000000e0d80000)
  to   space 8704K, 0% used [0x00000000dfc80000,0x00000000dfc80000,0x00000000e0500000)
 ParOldGen       total 55808K, used 8393K [0x0000000080000000, 0x0000000083680000, 0x00000000d5580000)
  object space 55808K, 15% used [0x0000000080000000,0x0000000080832670,0x0000000083680000)
 Metaspace       used 22211K, capacity 22670K, committed 22832K, reserved 1069056K
  class space    used 2456K, capacity 2614K, committed 2688K, reserved 1048576K
}
Event: 5.029 GC heap before
{Heap before GC invocations=12 (full 1):
 PSYoungGen      total 177152K, used 177123K [0x00000000d5580000, 0x00000000e0d80000, 0x0000000100000000)
  eden space 169984K, 100% used [0x00000000d5580000,0x00000000dfb80000,0x00000000dfb80000)
  from space 7168K, 99% used [0x00000000e0680000,0x00000000e0d78c88,0x00000000e0d80000)
  to   space 8704K, 0% used [0x00000000dfc80000,0x00000000dfc80000,0x00000000e0500000)
 ParOldGen       total 55808K, used 8393K [0x0000000080000000, 0x0000000083680000, 0x00000000d5580000)
  object space 55808K, 15% used [0x0000000080000000,0x0000000080832670,0x0000000083680000)
 Metaspace       used 30479K, capacity 31022K, committed 31104K, reserved 1077248K
  class space    used 3500K, capacity 3696K, committed 3712K, reserved 1048576K
Event: 5.041 GC heap after
Heap after GC invocations=12 (full 1):
 PSYoungGen      total 179712K, used 8687K [0x00000000d5580000, 0x00000000e4500000, 0x0000000100000000)
  eden space 171008K, 0% used [0x00000000d5580000,0x00000000d5580000,0x00000000dfc80000)
  from space 8704K, 99% used [0x00000000dfc80000,0x00000000e04fbde0,0x00000000e0500000)
  to   space 12800K, 0% used [0x00000000e3880000,0x00000000e3880000,0x00000000e4500000)
 ParOldGen       total 55808K, used 17767K [0x0000000080000000, 0x0000000083680000, 0x00000000d5580000)
  object space 55808K, 31% used [0x0000000080000000,0x0000000081159ca8,0x0000000083680000)
 Metaspace       used 30479K, capacity 31022K, committed 31104K, reserved 1077248K
  class space    used 3500K, capacity 3696K, committed 3712K, reserved 1048576K
}

Deoptimization events (10 events):
Event: 4.341 Thread 0x0000000002a44000 Uncommon trap: reason=unstable_if action=reinterpret pc=0x0000000002e4b6cc method=java.net.URLStreamHandler.parseURL(Ljava/net/URL;Ljava/lang/String;II)V @ 84
Event: 4.341 Thread 0x0000000002a44000 Uncommon trap: reason=unstable_if action=reinterpret pc=0x0000000002ddd4ac method=java.net.URL.set(Ljava/lang/String;Ljava/lang/String;ILjava/lang/String;Ljava/lang/String;Ljava/lang/String;Ljava/lang/String;Ljava/lang/String;)V @ 23
Event: 4.447 Thread 0x0000000002a44000 Uncommon trap: reason=unstable_if action=reinterpret pc=0x0000000003689960 method=java.util.concurrent.ConcurrentHashMap.putVal(Ljava/lang/Object;Ljava/lang/Object;Z)Ljava/lang/Object; @ 181
Event: 4.730 Thread 0x0000000002a44000 Uncommon trap: reason=class_check action=maybe_recompile pc=0x00000000035de98c method=java.util.regex.Pattern$Curly.match(Ljava/util/regex/Matcher;ILjava/lang/CharSequence;)Z @ 19
Event: 4.730 Thread 0x0000000002a44000 Uncommon trap: reason=class_check action=maybe_recompile pc=0x00000000035de98c method=java.util.regex.Pattern$Curly.match(Ljava/util/regex/Matcher;ILjava/lang/CharSequence;)Z @ 19
Event: 4.730 Thread 0x0000000002a44000 Uncommon trap: reason=class_check action=maybe_recompile pc=0x00000000035de98c method=java.util.regex.Pattern$Curly.match(Ljava/util/regex/Matcher;ILjava/lang/CharSequence;)Z @ 19
Event: 4.730 Thread 0x0000000002a44000 Uncommon trap: reason=class_check action=maybe_recompile pc=0x00000000035de98c method=java.util.regex.Pattern$Curly.match(Ljava/util/regex/Matcher;ILjava/lang/CharSequence;)Z @ 19
Event: 4.965 Thread 0x0000000002a44000 Uncommon trap: reason=unstable_if action=reinterpret pc=0x0000000002c61158 method=sun.nio.cs.UTF_8$Encoder.encode([CII[B)I @ 33
Event: 5.043 Thread 0x000000001798d000 Uncommon trap: reason=class_check action=maybe_recompile pc=0x00000000036e0920 method=java.util.WeakHashMap.eq(Ljava/lang/Object;Ljava/lang/Object;)Z @ 7
Event: 5.120 Thread 0x0000000002a44000 Uncommon trap: reason=bimorphic action=maybe_recompile pc=0x000000000312c668 method=java.net.URL.<init>(Ljava/net/URL;Ljava/lang/String;Ljava/net/URLStreamHandler;)V @ 504

Classes redefined (0 events):
No events

Internal exceptions (10 events):
Event: 5.160 Thread 0x0000000002a44000 Exception <a 'java/lang/ClassNotFoundException': Script1BeanInfo> (0x00000000d69945a0) thrown at [C:\re\workspace\8-2-build-windows-amd64-cygwin\jdk8u181\11358\hotspot\src\share\vm\classfile\systemDictionary.cpp, line 210]
Event: 5.164 Thread 0x0000000002a44000 Exception <a 'java/lang/ClassNotFoundException': Script1Customizer> (0x00000000d6a25208) thrown at [C:\re\workspace\8-2-build-windows-amd64-cygwin\jdk8u181\11358\hotspot\src\share\vm\classfile\systemDictionary.cpp, line 210]
Event: 5.178 Thread 0x0000000002a44000 Exception <a 'java/lang/ClassNotFoundException': Script1BeanInfo> (0x00000000d6d1db48) thrown at [C:\re\workspace\8-2-build-windows-amd64-cygwin\jdk8u181\11358\hotspot\src\share\vm\classfile\systemDictionary.cpp, line 210]
Event: 5.181 Thread 0x0000000002a44000 Exception <a 'java/lang/ClassNotFoundException': Script1Customizer> (0x00000000d6dae7b0) thrown at [C:\re\workspace\8-2-build-windows-amd64-cygwin\jdk8u181\11358\hotspot\src\share\vm\classfile\systemDictionary.cpp, line 210]
Event: 5.197 Thread 0x0000000002a44000 Exception <a 'java/lang/ClassNotFoundException': Script1BeanInfo> (0x00000000d70abae0) thrown at [C:\re\workspace\8-2-build-windows-amd64-cygwin\jdk8u181\11358\hotspot\src\share\vm\classfile\systemDictionary.cpp, line 210]
Event: 5.199 Thread 0x0000000002a44000 Exception <a 'java/lang/ClassNotFoundException': Script1Customizer> (0x00000000d713c748) thrown at [C:\re\workspace\8-2-build-windows-amd64-cygwin\jdk8u181\11358\hotspot\src\share\vm\classfile\systemDictionary.cpp, line 210]
Event: 5.219 Thread 0x0000000002a44000 Exception <a 'java/security/PrivilegedActionException'> (0x00000000d7507470) thrown at [C:\re\workspace\8-2-build-windows-amd64-cygwin\jdk8u181\11358\hotspot\src\share\vm\prims\jvm.cpp, line 1435]
Event: 5.219 Thread 0x0000000002a44000 Exception <a 'java/security/PrivilegedActionException'> (0x00000000d7507a50) thrown at [C:\re\workspace\8-2-build-windows-amd64-cygwin\jdk8u181\11358\hotspot\src\share\vm\prims\jvm.cpp, line 1435]
Event: 5.219 Thread 0x0000000002a44000 Exception <a 'java/security/PrivilegedActionException'> (0x00000000d751bad0) thrown at [C:\re\workspace\8-2-build-windows-amd64-cygwin\jdk8u181\11358\hotspot\src\share\vm\prims\jvm.cpp, line 1435]
Event: 5.219 Thread 0x0000000002a44000 Exception <a 'java/security/PrivilegedActionException'> (0x00000000d751c0b0) thrown at [C:\re\workspace\8-2-build-windows-amd64-cygwin\jdk8u181\11358\hotspot\src\share\vm\prims\jvm.cpp, line 1435]

Events (10 events):
Event: 5.224 loading class java/net/com$kms$katalon$core$testcase$TestCaseFactory
Event: 5.224 loading class java/net/com$kms$katalon$core$testcase$TestCaseFactory done
Event: 5.225 loading class java/util/com$kms$katalon$core$testcase$TestCaseFactory
Event: 5.225 loading class java/util/com$kms$katalon$core$testcase$TestCaseFactory done
Event: 5.226 loading class groovy/lang/com$kms$katalon$core$testcase$TestCaseFactory
Event: 5.226 loading class groovy/lang/com$kms$katalon$core$testcase$TestCaseFactory done
Event: 5.226 loading class groovy/util/com$kms$katalon$core$testcase$TestCaseFactory
Event: 5.226 loading class groovy/util/com$kms$katalon$core$testcase$TestCaseFactory done
Event: 5.227 loading class com$kms$katalon$core$testcase$TestCaseFactory
Event: 5.227 loading class com$kms$katalon$core$testcase$TestCaseFactory done


Dynamic libraries:
0x00007ff7af150000 - 0x00007ff7af187000 	D:\Utilisateurs\samandari\QA\Outils\Katalon_Studio_Windows_64-7.7.1\jre\bin\javaw.exe
0x00007ffdc87f0000 - 0x00007ffdc89e5000 	C:\WINDOWS\SYSTEM32\ntdll.dll
0x00007ffdc7e50000 - 0x00007ffdc7f0e000 	C:\WINDOWS\System32\KERNEL32.DLL
0x00007ffdc63d0000 - 0x00007ffdc6698000 	C:\WINDOWS\System32\KERNELBASE.dll
0x00007ffdc8070000 - 0x00007ffdc811e000 	C:\WINDOWS\System32\ADVAPI32.dll
0x00007ffdc7050000 - 0x00007ffdc70ee000 	C:\WINDOWS\System32\msvcrt.dll
0x00007ffdc7fa0000 - 0x00007ffdc803c000 	C:\WINDOWS\System32\sechost.dll
0x00007ffdc85b0000 - 0x00007ffdc86d5000 	C:\WINDOWS\System32\RPCRT4.dll
0x00007ffdc7840000 - 0x00007ffdc79e0000 	C:\WINDOWS\System32\USER32.dll
0x00007ffdc5fa0000 - 0x00007ffdc5fc2000 	C:\WINDOWS\System32\win32u.dll
0x00007ffdc7d50000 - 0x00007ffdc7d7b000 	C:\WINDOWS\System32\GDI32.dll
0x00007ffdc62c0000 - 0x00007ffdc63cd000 	C:\WINDOWS\System32\gdi32full.dll
0x00007ffdc5f00000 - 0x00007ffdc5f9d000 	C:\WINDOWS\System32\msvcp_win.dll
0x00007ffdc66d0000 - 0x00007ffdc67d0000 	C:\WINDOWS\System32\ucrtbase.dll
0x00007ffdb3470000 - 0x00007ffdb370a000 	C:\WINDOWS\WinSxS\amd64_microsoft.windows.common-controls_6595b64144ccf1df_6.0.19041.1110_none_60b5254171f9507e\COMCTL32.dll
0x00007ffdc8040000 - 0x00007ffdc8070000 	C:\WINDOWS\System32\IMM32.DLL
0x0000000063770000 - 0x0000000063842000 	D:\Utilisateurs\samandari\QA\Outils\Katalon_Studio_Windows_64-7.7.1\jre\bin\msvcr100.dll
0x0000000064a20000 - 0x00000000652c2000 	D:\Utilisateurs\samandari\QA\Outils\Katalon_Studio_Windows_64-7.7.1\jre\bin\server\jvm.dll
0x00007ffdc85a0000 - 0x00007ffdc85a8000 	C:\WINDOWS\System32\PSAPI.DLL
0x00007ffdbc4a0000 - 0x00007ffdbc4aa000 	C:\WINDOWS\SYSTEM32\VERSION.dll
0x00007ffdbc470000 - 0x00007ffdbc497000 	C:\WINDOWS\SYSTEM32\WINMM.dll
0x00007ffda9e10000 - 0x00007ffda9e19000 	C:\WINDOWS\SYSTEM32\WSOCK32.dll
0x00007ffdc7a50000 - 0x00007ffdc7abb000 	C:\WINDOWS\System32\WS2_32.dll
0x0000000064a10000 - 0x0000000064a1f000 	D:\Utilisateurs\samandari\QA\Outils\Katalon_Studio_Windows_64-7.7.1\jre\bin\verify.dll
0x00000000649e0000 - 0x0000000064a09000 	D:\Utilisateurs\samandari\QA\Outils\Katalon_Studio_Windows_64-7.7.1\jre\bin\java.dll
0x00000000649c0000 - 0x00000000649d6000 	D:\Utilisateurs\samandari\QA\Outils\Katalon_Studio_Windows_64-7.7.1\jre\bin\zip.dll
0x00007ffdc70f0000 - 0x00007ffdc7834000 	C:\WINDOWS\System32\SHELL32.dll
0x00007ffdc4010000 - 0x00007ffdc47a4000 	C:\WINDOWS\SYSTEM32\windows.storage.dll
0x00007ffdc8190000 - 0x00007ffdc84e5000 	C:\WINDOWS\System32\combase.dll
0x00007ffdc5950000 - 0x00007ffdc597e000 	C:\WINDOWS\SYSTEM32\Wldp.dll
0x00007ffdc84f0000 - 0x00007ffdc859d000 	C:\WINDOWS\System32\SHCORE.dll
0x00007ffdc79e0000 - 0x00007ffdc7a35000 	C:\WINDOWS\System32\shlwapi.dll
0x00007ffdc5e40000 - 0x00007ffdc5e5f000 	C:\WINDOWS\SYSTEM32\profapi.dll
0x00000000638d0000 - 0x00000000638ea000 	D:\Utilisateurs\samandari\QA\Outils\Katalon_Studio_Windows_64-7.7.1\jre\bin\net.dll
0x00007ffdc5640000 - 0x00007ffdc56aa000 	C:\WINDOWS\system32\mswsock.dll
0x00000000638b0000 - 0x00000000638c1000 	D:\Utilisateurs\samandari\QA\Outils\Katalon_Studio_Windows_64-7.7.1\jre\bin\nio.dll
0x0000000063880000 - 0x00000000638a4000 	D:\Utilisateurs\samandari\QA\Outils\Katalon_Studio_Windows_64-7.7.1\jre\bin\sunec.dll
0x00007ffdc52d0000 - 0x00007ffdc530b000 	C:\WINDOWS\SYSTEM32\IPHLPAPI.DLL
0x00007ffdc8120000 - 0x00007ffdc8128000 	C:\WINDOWS\System32\NSI.dll
0x00007ffdc0660000 - 0x00007ffdc0677000 	C:\WINDOWS\SYSTEM32\dhcpcsvc6.DLL
0x00007ffdc04f0000 - 0x00007ffdc050d000 	C:\WINDOWS\SYSTEM32\dhcpcsvc.DLL
0x00007ffdc5310000 - 0x00007ffdc53db000 	C:\WINDOWS\SYSTEM32\DNSAPI.dll
0x00007ffdc58b0000 - 0x00007ffdc58c8000 	C:\WINDOWS\SYSTEM32\CRYPTSP.dll
0x00007ffdc4f60000 - 0x00007ffdc4f94000 	C:\WINDOWS\system32\rsaenh.dll
0x00007ffdc66a0000 - 0x00007ffdc66c7000 	C:\WINDOWS\System32\bcrypt.dll
0x00007ffdc5e00000 - 0x00007ffdc5e2e000 	C:\WINDOWS\SYSTEM32\USERENV.dll
0x00007ffdc60d0000 - 0x00007ffdc6152000 	C:\WINDOWS\System32\bcryptprimitives.dll
0x00007ffdc58a0000 - 0x00007ffdc58ac000 	C:\WINDOWS\SYSTEM32\CRYPTBASE.dll
0x00007ffdba660000 - 0x00007ffdba66a000 	C:\Windows\System32\rasadhlp.dll
0x00007ffdc0a10000 - 0x00007ffdc0a8f000 	C:\WINDOWS\System32\fwpuclnt.dll

VM Arguments:
jvm_args: -Dgroovy.home=D:\Utilisateurs\samandari/.groovy -Djava.system.class.loader=groovy.lang.GroovyClassLoader -Xmx2048m -Dfile.encoding=UTF-8 
java_command: org.codehaus.groovy.tools.GroovyStarter --classpath D:\Utilisateurs\samandari\QA\PROJET AUTOMATISATION\USSD\USSD TELMA\bin\keyword;D:\Utilisateurs\samandari\QA\PROJET AUTOMATISATION\USSD\USSD TELMA\Keywords;D:\Utilisateurs\samandari\QA\PROJET AUTOMATISATION\USSD\USSD TELMA\bin\listener;D:\Utilisateurs\samandari\QA\PROJET AUTOMATISATION\USSD\USSD TELMA\Test Listeners;D:\Utilisateurs\samandari\QA\PROJET AUTOMATISATION\USSD\USSD TELMA\bin\lib;D:\Utilisateurs\samandari\QA\PROJET AUTOMATISATION\USSD\USSD TELMA\Libs;D:\Utilisateurs\samandari\QA\PROJET AUTOMATISATION\USSD\USSD TELMA\bin\groovy;D:\Utilisateurs\samandari\QA\PROJET AUTOMATISATION\USSD\USSD TELMA\Include\scripts\groovy;D:\Utilisateurs\samandari\QA\Outils\Katalon_Studio_Windows_64-7.7.1\plugins\com.kms.katalon.core_1.0.0.202106150524.jar;D:\Utilisateurs\samandari\QA\Outils\Katalon_Studio_Windows_64-7.7.1\configuration\resources\lib\aalto-xml-1.0.0.jar;D:\Utilisateurs\samandari\QA\Outils\Katalon_Studio_Windows_64-7.7.1\configuration\resources\lib\aspectjweaver-1.9.1.jar;D:\Utilisateurs\samandari\QA\Outils\Katalon_Studio_Windows_64-7.7.1\configuration\resources\lib\bcpkix-jdk15on-1.64.jar;D:\Utilisateurs\samandari\QA\Outils\Katalon_Studio_Windows_64-7.7.1\configuration\resources\lib\bcprov-jdk15on-1.64.jar;D:\Utilisateurs\samandari\QA\Outils\Katalon_Studio_Windows_64-7.7.1\configuration\resources\lib\browsermob-core-2.1.5.jar;D:\Utilisateurs\samandari\QA\Outils\Katalon_Studio_Windows_64-7.7.1\configuration\resources\lib\cglib-3.2.10.jar;D:\Utilisateurs\samandari\QA\Outils\Katalon_Studio_Windows_64-7.7.1\configuration\resources\lib\commons-codec-1.10.jar;D:\Utilisateurs\samandari\QA\Outils\Katalon_Studio_Windows_64-7.7.1\configuration\resources\lib\commons-collections4-4.1.jar;D:\Utilisateurs\samandari\QA\Outils\Katalon_Studio_Windows_64-7.7.1\configuration\resources\lib\commons-validator-1.6.jar;D:\Utilisateurs\samandari\QA\Outils\Katalon_Studio_Windows_64-7.7.1\configuration\resources\lib\curvesa
java_class_path (initial): D:\Utilisateurs\samandari\QA\PROJET AUTOMATISATION\USSD\USSD TELMA\bin\keyword;D:\Utilisateurs\samandari\QA\PROJET AUTOMATISATION\USSD\USSD TELMA\bin\listener;D:\Utilisateurs\samandari\QA\PROJET AUTOMATISATION\USSD\USSD TELMA\bin\lib;D:\Utilisateurs\samandari\QA\PROJET AUTOMATISATION\USSD\USSD TELMA\bin\groovy;D:\Utilisateurs\samandari\QA\PROJET AUTOMATISATION\USSD\USSD TELMA\bin;D:\Utilisateurs\samandari\QA\Outils\Katalon_Studio_Windows_64-7.7.1\plugins\com.kms.katalon.core_1.0.0.202106150524.jar;D:\Utilisateurs\samandari\QA\Outils\Katalon_Studio_Windows_64-7.7.1\configuration\resources\lib\aalto-xml-1.0.0.jar;D:\Utilisateurs\samandari\QA\Outils\Katalon_Studio_Windows_64-7.7.1\configuration\resources\lib\aspectjweaver-1.9.1.jar;D:\Utilisateurs\samandari\QA\Outils\Katalon_Studio_Windows_64-7.7.1\configuration\resources\lib\bcpkix-jdk15on-1.64.jar;D:\Utilisateurs\samandari\QA\Outils\Katalon_Studio_Windows_64-7.7.1\configuration\resources\lib\bcprov-jdk15on-1.64.jar;D:\Utilisateurs\samandari\QA\Outils\Katalon_Studio_Windows_64-7.7.1\configuration\resources\lib\browsermob-core-2.1.5.jar;D:\Utilisateurs\samandari\QA\Outils\Katalon_Studio_Windows_64-7.7.1\configuration\resources\lib\cglib-3.2.10.jar;D:\Utilisateurs\samandari\QA\Outils\Katalon_Studio_Windows_64-7.7.1\configuration\resources\lib\commons-codec-1.10.jar;D:\Utilisateurs\samandari\QA\Outils\Katalon_Studio_Windows_64-7.7.1\configuration\resources\lib\commons-collections4-4.1.jar;D:\Utilisateurs\samandari\QA\Outils\Katalon_Studio_Windows_64-7.7.1\configuration\resources\lib\commons-validator-1.6.jar;D:\Utilisateurs\samandari\QA\Outils\Katalon_Studio_Windows_64-7.7.1\configuration\resources\lib\curvesapi-1.04.jar;D:\Utilisateurs\samandari\QA\Outils\Katalon_Studio_Windows_64-7.7.1\configuration\resources\lib\dnsjava-2.1.8.jar;D:\Utilisateurs\samandari\QA\Outils\Katalon_Studio_Windows_64-7.7.1\configuration\resources\lib\java-client-7.0.0.jar;D:\Utilisateurs\samandari\QA\Outils\Katalon_
Launcher Type: SUN_STANDARD

Environment Variables:
JAVA_HOME=C:\Program Files\Java\jdk1.8.0_202
PATH=D:/Utilisateurs/samandari/QA/Outils/Katalon_Studio_Windows_64-7.7.1/jre/bin/server;D:/Utilisateurs/samandari/QA/Outils/Katalon_Studio_Windows_64-7.7.1/jre/bin;D:/Utilisateurs/samandari/QA/Outils/Katalon_Studio_Windows_64-7.7.1/jre/lib/amd64;C:\Program Files (x86)\Common Files\Oracle\Java\javapath;C:\ProgramData\Oracle\Java\javapath;C:\Python27\;C:\Python27\Scripts;C:\WINDOWS\system32;C:\WINDOWS;C:\WINDOWS\System32\Wbem;C:\WINDOWS\System32\WindowsPowerShell\v1.0\;C:\Program Files\PuTTY\;C:\Program Files\Git\cmd;C:\ProgramData\chocolatey\bin;C:\Program Files\nodejs\;C:\Program Files\Java\jdk1.8.0_202\bin;D:\Utilisateurs\samandari\AppData\Local\Microsoft\WindowsApps;D:\Utilisateurs\samandari\AppData\Roaming\npm;;D:\Utilisateurs\samandari\QA\Outils\Katalon_Studio_Windows_64-7.7.1;
USERNAME=samandari
OS=Windows_NT
PROCESSOR_IDENTIFIER=Intel64 Family 6 Model 158 Stepping 10, GenuineIntel



---------------  S Y S T E M  ---------------

OS: Windows 10.0 , 64 bit Build 19041 (10.0.19041.1503)

CPU:total 6 (initial active 6) (6 cores per cpu, 1 threads per core) family 6 model 158 stepping 10, cmov, cx8, fxsr, mmx, sse, sse2, sse3, ssse3, sse4.1, sse4.2, popcnt, avx, avx2, aes, clmul, erms, rtm, 3dnowpref, lzcnt, tsc, tscinvbit, bmi1, bmi2, adx

Memory: 4k page, physical 8236320k(480816k free), swap 20649280k(6080k free)

vm_info: Java HotSpot(TM) 64-Bit Server VM (25.181-b13) for windows-amd64 JRE (1.8.0_181-b13), built on Jul  7 2018 04:01:33 by "java_re" with MS VC++ 10.0 (VS2010)

time: Fri Mar 18 11:23:12 2022
elapsed time: 5 seconds (0d 0h 0m 5s)

