#
# There is insufficient memory for the Java Runtime Environment to continue.
# Native memory allocation (malloc) failed to allocate 707696 bytes for Chunk::new
# Possible reasons:
#   The system is out of physical RAM or swap space
#   In 32 bit mode, the process size limit was hit
# Possible solutions:
#   Reduce memory load on the system
#   Increase physical memory or swap space
#   Check if swap backing store is full
#   Use 64 bit Java on a 64 bit OS
#   Decrease Java heap size (-Xmx/-Xms)
#   Decrease number of Java threads
#   Decrease Java thread stack sizes (-Xss)
#   Set larger code cache with -XX:ReservedCodeCacheSize=
# This output file may be truncated or incomplete.
#
#  Out of Memory Error (allocation.cpp:390), pid=3068, tid=0x000000000000055c
#
# JRE version: Java(TM) SE Runtime Environment (8.0_181-b13) (build 1.8.0_181-b13)
# Java VM: Java HotSpot(TM) 64-Bit Server VM (25.181-b13 mixed mode windows-amd64 compressed oops)
# Failed to write core dump. Minidumps are not enabled by default on client versions of Windows
#

---------------  T H R E A D  ---------------

Current thread (0x0000000019b79000):  JavaThread "C2 CompilerThread0" daemon [_thread_in_native, id=1372, stack(0x000000001a310000,0x000000001a410000)]

Stack: [0x000000001a310000,0x000000001a410000]
[error occurred during error reporting (printing stack bounds), id 0xc0000005]

Native frames: (J=compiled Java code, j=interpreted, Vv=VM code, C=native code)


Current CompileTask:
C2:    888  899   !   4       sun.misc.URLClassPath$JarLoader::getResource (353 bytes)


---------------  P R O C E S S  ---------------

Java Threads: ( => current thread )
  0x0000000019bcf800 JavaThread "Service Thread" daemon [_thread_blocked, id=13360, stack(0x000000001a610000,0x000000001a710000)]
  0x0000000019b9e800 JavaThread "C1 CompilerThread2" daemon [_thread_blocked, id=12360, stack(0x000000001a510000,0x000000001a610000)]
  0x0000000019b9b000 JavaThread "C2 CompilerThread1" daemon [_thread_blocked, id=3216, stack(0x000000001a410000,0x000000001a510000)]
=>0x0000000019b79000 JavaThread "C2 CompilerThread0" daemon [_thread_in_native, id=1372, stack(0x000000001a310000,0x000000001a410000)]
  0x0000000019aff000 JavaThread "Attach Listener" daemon [_thread_blocked, id=14708, stack(0x000000001a210000,0x000000001a310000)]
  0x0000000019be5000 JavaThread "Signal Dispatcher" daemon [_thread_blocked, id=9488, stack(0x000000001a110000,0x000000001a210000)]
  0x0000000017a4e800 JavaThread "Finalizer" daemon [_thread_blocked, id=3332, stack(0x00000000192e0000,0x00000000193e0000)]
  0x0000000017a44800 JavaThread "Reference Handler" daemon [_thread_blocked, id=3020, stack(0x00000000191e0000,0x00000000192e0000)]
  0x0000000002b04000 JavaThread "main" [_thread_in_native, id=10964, stack(0x00000000029e0000,0x0000000002ae0000)]

Other Threads:
  0x0000000017a1e000 VMThread [stack: 0x00000000190e0000,0x00000000191e0000] [id=10488]
  0x0000000019d30800 WatcherThread [stack: 0x000000001a710000,0x000000001a810000] [id=5424]

VM state:not at safepoint (normal execution)

VM Mutex/Monitor currently owned by a thread: None

Heap:
 PSYoungGen      total 37888K, used 29536K [0x00000000d5580000, 0x00000000d7f80000, 0x0000000100000000)
  eden space 32768K, 74% used [0x00000000d5580000,0x00000000d6d66608,0x00000000d7580000)
  from space 5120K, 98% used [0x00000000d7580000,0x00000000d7a71be8,0x00000000d7a80000)
  to   space 5120K, 0% used [0x00000000d7a80000,0x00000000d7a80000,0x00000000d7f80000)
 ParOldGen       total 86016K, used 24K [0x0000000080000000, 0x0000000085400000, 0x00000000d5580000)
  object space 86016K, 0% used [0x0000000080000000,0x0000000080006000,0x0000000085400000)
 Metaspace       used 10488K, capacity 10678K, committed 11008K, reserved 1058816K
  class space    used 1175K, capacity 1241K, committed 1280K, reserved 1048576K

Card table byte_map: [0x0000000011fb0000,0x00000000123c0000] byte_map_base: 0x0000000011bb0000

Marking Bits: (ParMarkBitMap*) 0x0000000060682d00
 Begin Bits: [0x0000000012c70000, 0x0000000014c70000)
 End Bits:   [0x0000000014c70000, 0x0000000016c70000)

Polling page: 0x0000000000b80000

CodeCache: size=245760Kb used=3818Kb max_used=3818Kb free=241941Kb
 bounds [0x0000000002bf0000, 0x0000000002fb0000, 0x0000000011bf0000]
 total_blobs=1219 nmethods=941 adapters=190
 compilation: enabled

Compilation events (10 events):
Event: 0.881 Thread 0x0000000019b9e800  945       3       java.lang.ClassLoader::preDefineClass (109 bytes)
Event: 0.881 Thread 0x0000000019b9e800 nmethod 945 0x0000000002fa8a50 code [0x0000000002fa8d20, 0x0000000002faa288]
Event: 0.885 Thread 0x0000000019b9e800  946       3       org.codehaus.groovy.ast.ClassNode::isInterface (17 bytes)
Event: 0.885 Thread 0x0000000019b9e800 nmethod 946 0x0000000002faab90 code [0x0000000002faad20, 0x0000000002fab2a8]
Event: 0.887 Thread 0x0000000019b9e800  947       3       org.codehaus.groovy.ast.ClassNode::getUnresolvedSuperClass (34 bytes)
Event: 0.887 Thread 0x0000000019b9e800 nmethod 947 0x0000000002fab490 code [0x0000000002fab680, 0x0000000002fac198]
Event: 0.887 Thread 0x0000000019b9e800  948       3       org.codehaus.groovy.ast.expr.Expression::<init> (12 bytes)
Event: 0.887 Thread 0x0000000019b9e800 nmethod 948 0x0000000002fac590 code [0x0000000002fac700, 0x0000000002faca30]
Event: 0.887 Thread 0x0000000019b9e800  949       3       org.codehaus.groovy.ast.ASTNode::setSourcePosition (33 bytes)
Event: 0.887 Thread 0x0000000019b9e800 nmethod 949 0x0000000002facb90 code [0x0000000002facd00, 0x0000000002fad0b0]

GC Heap History (6 events):
Event: 0.398 GC heap before
{Heap before GC invocations=1 (full 0):
 PSYoungGen      total 37888K, used 32768K [0x00000000d5580000, 0x00000000d7f80000, 0x0000000100000000)
  eden space 32768K, 100% used [0x00000000d5580000,0x00000000d7580000,0x00000000d7580000)
  from space 5120K, 0% used [0x00000000d7a80000,0x00000000d7a80000,0x00000000d7f80000)
  to   space 5120K, 0% used [0x00000000d7580000,0x00000000d7580000,0x00000000d7a80000)
 ParOldGen       total 86016K, used 0K [0x0000000080000000, 0x0000000085400000, 0x00000000d5580000)
  object space 86016K, 0% used [0x0000000080000000,0x0000000080000000,0x0000000085400000)
 Metaspace       used 4453K, capacity 5278K, committed 5504K, reserved 1056768K
  class space    used 488K, capacity 534K, committed 640K, reserved 1048576K
Event: 0.400 GC heap after
Heap after GC invocations=1 (full 0):
 PSYoungGen      total 37888K, used 4195K [0x00000000d5580000, 0x00000000d7f80000, 0x0000000100000000)
  eden space 32768K, 0% used [0x00000000d5580000,0x00000000d5580000,0x00000000d7580000)
  from space 5120K, 81% used [0x00000000d7580000,0x00000000d7998c10,0x00000000d7a80000)
  to   space 5120K, 0% used [0x00000000d7a80000,0x00000000d7a80000,0x00000000d7f80000)
 ParOldGen       total 86016K, used 8K [0x0000000080000000, 0x0000000085400000, 0x00000000d5580000)
  object space 86016K, 0% used [0x0000000080000000,0x0000000080002000,0x0000000085400000)
 Metaspace       used 4453K, capacity 5278K, committed 5504K, reserved 1056768K
  class space    used 488K, capacity 534K, committed 640K, reserved 1048576K
}
Event: 0.631 GC heap before
{Heap before GC invocations=2 (full 0):
 PSYoungGen      total 37888K, used 36963K [0x00000000d5580000, 0x00000000d7f80000, 0x0000000100000000)
  eden space 32768K, 100% used [0x00000000d5580000,0x00000000d7580000,0x00000000d7580000)
  from space 5120K, 81% used [0x00000000d7580000,0x00000000d7998c10,0x00000000d7a80000)
  to   space 5120K, 0% used [0x00000000d7a80000,0x00000000d7a80000,0x00000000d7f80000)
 ParOldGen       total 86016K, used 8K [0x0000000080000000, 0x0000000085400000, 0x00000000d5580000)
  object space 86016K, 0% used [0x0000000080000000,0x0000000080002000,0x0000000085400000)
 Metaspace       used 8264K, capacity 8432K, committed 8704K, reserved 1056768K
  class space    used 922K, capacity 984K, committed 1024K, reserved 1048576K
Event: 0.633 GC heap after
Heap after GC invocations=2 (full 0):
 PSYoungGen      total 37888K, used 4588K [0x00000000d5580000, 0x00000000d7f80000, 0x0000000100000000)
  eden space 32768K, 0% used [0x00000000d5580000,0x00000000d5580000,0x00000000d7580000)
  from space 5120K, 89% used [0x00000000d7a80000,0x00000000d7efb398,0x00000000d7f80000)
  to   space 5120K, 0% used [0x00000000d7580000,0x00000000d7580000,0x00000000d7a80000)
 ParOldGen       total 86016K, used 16K [0x0000000080000000, 0x0000000085400000, 0x00000000d5580000)
  object space 86016K, 0% used [0x0000000080000000,0x0000000080004000,0x0000000085400000)
 Metaspace       used 8264K, capacity 8432K, committed 8704K, reserved 1056768K
  class space    used 922K, capacity 984K, committed 1024K, reserved 1048576K
}
Event: 0.802 GC heap before
{Heap before GC invocations=3 (full 0):
 PSYoungGen      total 37888K, used 37356K [0x00000000d5580000, 0x00000000d7f80000, 0x0000000100000000)
  eden space 32768K, 100% used [0x00000000d5580000,0x00000000d7580000,0x00000000d7580000)
  from space 5120K, 89% used [0x00000000d7a80000,0x00000000d7efb398,0x00000000d7f80000)
  to   space 5120K, 0% used [0x00000000d7580000,0x00000000d7580000,0x00000000d7a80000)
 ParOldGen       total 86016K, used 16K [0x0000000080000000, 0x0000000085400000, 0x00000000d5580000)
  object space 86016K, 0% used [0x0000000080000000,0x0000000080004000,0x0000000085400000)
 Metaspace       used 10130K, capacity 10262K, committed 10496K, reserved 1058816K
  class space    used 1141K, capacity 1209K, committed 1280K, reserved 1048576K
Event: 0.805 GC heap after
Heap after GC invocations=3 (full 0):
 PSYoungGen      total 37888K, used 5062K [0x00000000d5580000, 0x00000000d7f80000, 0x0000000100000000)
  eden space 32768K, 0% used [0x00000000d5580000,0x00000000d5580000,0x00000000d7580000)
  from space 5120K, 98% used [0x00000000d7580000,0x00000000d7a71be8,0x00000000d7a80000)
  to   space 5120K, 0% used [0x00000000d7a80000,0x00000000d7a80000,0x00000000d7f80000)
 ParOldGen       total 86016K, used 24K [0x0000000080000000, 0x0000000085400000, 0x00000000d5580000)
  object space 86016K, 0% used [0x0000000080000000,0x0000000080006000,0x0000000085400000)
 Metaspace       used 10130K, capacity 10262K, committed 10496K, reserved 1058816K
  class space    used 1141K, capacity 1209K, committed 1280K, reserved 1048576K
}

Deoptimization events (10 events):
Event: 0.497 Thread 0x0000000002b04000 Uncommon trap: reason=predicate action=maybe_recompile pc=0x0000000002e16860 method=sun.net.www.ParseUtil.encodePath(Ljava/lang/String;Z)Ljava/lang/String; @ 36
Event: 0.499 Thread 0x0000000002b04000 Uncommon trap: reason=bimorphic action=maybe_recompile pc=0x0000000002e5f6d8 method=java.util.HashMap.getNode(ILjava/lang/Object;)Ljava/util/HashMap$Node; @ 126
Event: 0.499 Thread 0x0000000002b04000 Uncommon trap: reason=bimorphic action=maybe_recompile pc=0x0000000002e5f6d8 method=java.util.HashMap.getNode(ILjava/lang/Object;)Ljava/util/HashMap$Node; @ 126
Event: 0.499 Thread 0x0000000002b04000 Uncommon trap: reason=bimorphic action=maybe_recompile pc=0x0000000002e5f6d8 method=java.util.HashMap.getNode(ILjava/lang/Object;)Ljava/util/HashMap$Node; @ 126
Event: 0.692 Thread 0x0000000002b04000 Uncommon trap: reason=bimorphic action=maybe_recompile pc=0x0000000002e77e7c method=java.util.HashMap.getNode(ILjava/lang/Object;)Ljava/util/HashMap$Node; @ 126
Event: 0.692 Thread 0x0000000002b04000 Uncommon trap: reason=unstable_if action=reinterpret pc=0x0000000002e5f544 method=java.util.HashMap.getNode(ILjava/lang/Object;)Ljava/util/HashMap$Node; @ 62
Event: 0.757 Thread 0x0000000002b04000 Uncommon trap: reason=unloaded action=reinterpret pc=0x0000000002f51844 method=org.codehaus.groovy.antlr.UnicodeEscapingReader.read()I @ 133
Event: 0.763 Thread 0x0000000002b04000 Uncommon trap: reason=unstable_if action=reinterpret pc=0x0000000002d285e0 method=java.net.URI.match(CJJ)Z @ 45
Event: 0.774 Thread 0x0000000002b04000 Uncommon trap: reason=unstable_if action=reinterpret pc=0x0000000002f3cf48 method=java.lang.String.lastIndexOf([CII[CIII)I @ 66
Event: 0.774 Thread 0x0000000002b04000 Uncommon trap: reason=unstable_if action=reinterpret pc=0x0000000002e61934 method=java.lang.String.lastIndexOf([CII[CIII)I @ 66

Classes redefined (0 events):
No events

Internal exceptions (10 events):
Event: 0.846 Thread 0x0000000002b04000 Exception <a 'java/security/PrivilegedActionException'> (0x00000000d6359178) thrown at [C:\re\workspace\8-2-build-windows-amd64-cygwin\jdk8u181\11358\hotspot\src\share\vm\prims\jvm.cpp, line 1435]
Event: 0.846 Thread 0x0000000002b04000 Exception <a 'java/security/PrivilegedActionException'> (0x00000000d6359570) thrown at [C:\re\workspace\8-2-build-windows-amd64-cygwin\jdk8u181\11358\hotspot\src\share\vm\prims\jvm.cpp, line 1435]
Event: 0.854 Thread 0x0000000002b04000 Exception <a 'java/security/PrivilegedActionException'> (0x00000000d65e0c50) thrown at [C:\re\workspace\8-2-build-windows-amd64-cygwin\jdk8u181\11358\hotspot\src\share\vm\prims\jvm.cpp, line 1435]
Event: 0.854 Thread 0x0000000002b04000 Exception <a 'java/security/PrivilegedActionException'> (0x00000000d65e1048) thrown at [C:\re\workspace\8-2-build-windows-amd64-cygwin\jdk8u181\11358\hotspot\src\share\vm\prims\jvm.cpp, line 1435]
Event: 0.854 Thread 0x0000000002b04000 Exception <a 'java/security/PrivilegedActionException'> (0x00000000d65f17a0) thrown at [C:\re\workspace\8-2-build-windows-amd64-cygwin\jdk8u181\11358\hotspot\src\share\vm\prims\jvm.cpp, line 1435]
Event: 0.854 Thread 0x0000000002b04000 Exception <a 'java/security/PrivilegedActionException'> (0x00000000d65f1b98) thrown at [C:\re\workspace\8-2-build-windows-amd64-cygwin\jdk8u181\11358\hotspot\src\share\vm\prims\jvm.cpp, line 1435]
Event: 0.861 Thread 0x0000000002b04000 Exception <a 'java/security/PrivilegedActionException'> (0x00000000d67f4458) thrown at [C:\re\workspace\8-2-build-windows-amd64-cygwin\jdk8u181\11358\hotspot\src\share\vm\prims\jvm.cpp, line 1435]
Event: 0.861 Thread 0x0000000002b04000 Exception <a 'java/security/PrivilegedActionException'> (0x00000000d67f4850) thrown at [C:\re\workspace\8-2-build-windows-amd64-cygwin\jdk8u181\11358\hotspot\src\share\vm\prims\jvm.cpp, line 1435]
Event: 0.861 Thread 0x0000000002b04000 Exception <a 'java/security/PrivilegedActionException'> (0x00000000d68058e0) thrown at [C:\re\workspace\8-2-build-windows-amd64-cygwin\jdk8u181\11358\hotspot\src\share\vm\prims\jvm.cpp, line 1435]
Event: 0.861 Thread 0x0000000002b04000 Exception <a 'java/security/PrivilegedActionException'> (0x00000000d6805cd8) thrown at [C:\re\workspace\8-2-build-windows-amd64-cygwin\jdk8u181\11358\hotspot\src\share\vm\prims\jvm.cpp, line 1435]

Events (10 events):
Event: 0.870 loading class sun/reflect/generics/tree/IntSignature
Event: 0.870 loading class sun/reflect/generics/tree/IntSignature done
Event: 0.871 loading class java/lang/Object$STOP_ON_FAILURE
Event: 0.871 loading class java/lang/Object$STOP_ON_FAILURE done
Event: 0.873 loading class java/util/Collections$EmptyListIterator
Event: 0.873 loading class java/util/Collections$EmptyListIterator done
Event: 0.875 loading class java/util/EnumMap
Event: 0.875 loading class java/util/EnumMap done
Event: 0.875 loading class java/util/EnumMap$1
Event: 0.875 loading class java/util/EnumMap$1 done


Dynamic libraries:
0x00007ff622b60000 - 0x00007ff622b97000 	D:\Utilisateurs\samandari\QA\Outils\Katalon_Studio_Windows_64-7.7.1\jre\bin\javaw.exe
0x00007ff92d070000 - 0x00007ff92d265000 	C:\WINDOWS\SYSTEM32\ntdll.dll
0x00007ff92cd40000 - 0x00007ff92cdfe000 	C:\WINDOWS\System32\KERNEL32.DLL
0x00007ff92a8b0000 - 0x00007ff92ab78000 	C:\WINDOWS\System32\KERNELBASE.dll
0x00007ff92b180000 - 0x00007ff92b22e000 	C:\WINDOWS\System32\ADVAPI32.dll
0x00007ff92b2f0000 - 0x00007ff92b38e000 	C:\WINDOWS\System32\msvcrt.dll
0x00007ff92cca0000 - 0x00007ff92cd3c000 	C:\WINDOWS\System32\sechost.dll
0x00007ff92cf00000 - 0x00007ff92d025000 	C:\WINDOWS\System32\RPCRT4.dll
0x00007ff92c940000 - 0x00007ff92cae0000 	C:\WINDOWS\System32\USER32.dll
0x00007ff92a880000 - 0x00007ff92a8a2000 	C:\WINDOWS\System32\win32u.dll
0x00007ff92cae0000 - 0x00007ff92cb0b000 	C:\WINDOWS\System32\GDI32.dll
0x00007ff92af00000 - 0x00007ff92b00d000 	C:\WINDOWS\System32\gdi32full.dll
0x00007ff92ab80000 - 0x00007ff92ac1d000 	C:\WINDOWS\System32\msvcp_win.dll
0x00007ff92a780000 - 0x00007ff92a880000 	C:\WINDOWS\System32\ucrtbase.dll
0x00007ff91c5d0000 - 0x00007ff91c86a000 	C:\WINDOWS\WinSxS\amd64_microsoft.windows.common-controls_6595b64144ccf1df_6.0.19041.1110_none_60b5254171f9507e\COMCTL32.dll
0x00007ff92ced0000 - 0x00007ff92cf00000 	C:\WINDOWS\System32\IMM32.DLL
0x000000005ef20000 - 0x000000005eff2000 	D:\Utilisateurs\samandari\QA\Outils\Katalon_Studio_Windows_64-7.7.1\jre\bin\msvcr100.dll
0x000000005fe60000 - 0x0000000060702000 	D:\Utilisateurs\samandari\QA\Outils\Katalon_Studio_Windows_64-7.7.1\jre\bin\server\jvm.dll
0x00007ff92b170000 - 0x00007ff92b178000 	C:\WINDOWS\System32\PSAPI.DLL
0x00007ff912fc0000 - 0x00007ff912fc9000 	C:\WINDOWS\SYSTEM32\WSOCK32.dll
0x00007ff91b890000 - 0x00007ff91b8b7000 	C:\WINDOWS\SYSTEM32\WINMM.dll
0x00007ff92ce60000 - 0x00007ff92cecb000 	C:\WINDOWS\System32\WS2_32.dll
0x00007ff9206e0000 - 0x00007ff9206ea000 	C:\WINDOWS\SYSTEM32\VERSION.dll
0x000000005fd70000 - 0x000000005fd7f000 	D:\Utilisateurs\samandari\QA\Outils\Katalon_Studio_Windows_64-7.7.1\jre\bin\verify.dll
0x000000005fd40000 - 0x000000005fd69000 	D:\Utilisateurs\samandari\QA\Outils\Katalon_Studio_Windows_64-7.7.1\jre\bin\java.dll
0x000000005fd20000 - 0x000000005fd36000 	D:\Utilisateurs\samandari\QA\Outils\Katalon_Studio_Windows_64-7.7.1\jre\bin\zip.dll
0x00007ff92bbb0000 - 0x00007ff92c2f4000 	C:\WINDOWS\System32\SHELL32.dll
0x00007ff928890000 - 0x00007ff929024000 	C:\WINDOWS\SYSTEM32\windows.storage.dll
0x00007ff92b5b0000 - 0x00007ff92b905000 	C:\WINDOWS\System32\combase.dll
0x00007ff92a1d0000 - 0x00007ff92a1fe000 	C:\WINDOWS\SYSTEM32\Wldp.dll
0x00007ff92b0c0000 - 0x00007ff92b16d000 	C:\WINDOWS\System32\SHCORE.dll
0x00007ff92b470000 - 0x00007ff92b4c5000 	C:\WINDOWS\System32\shlwapi.dll
0x00007ff92a6c0000 - 0x00007ff92a6df000 	C:\WINDOWS\SYSTEM32\profapi.dll

VM Arguments:
jvm_args: -Dgroovy.home=D:\Utilisateurs\samandari/.groovy -Djava.system.class.loader=groovy.lang.GroovyClassLoader -Xmx2048m -Dfile.encoding=UTF-8 
java_command: org.codehaus.groovy.tools.GroovyStarter --classpath D:\Utilisateurs\samandari\QA\PROJET AUTOMATISATION\USSD\USSD TELMA\bin\keyword;D:\Utilisateurs\samandari\QA\PROJET AUTOMATISATION\USSD\USSD TELMA\Keywords;D:\Utilisateurs\samandari\QA\PROJET AUTOMATISATION\USSD\USSD TELMA\bin\listener;D:\Utilisateurs\samandari\QA\PROJET AUTOMATISATION\USSD\USSD TELMA\Test Listeners;D:\Utilisateurs\samandari\QA\PROJET AUTOMATISATION\USSD\USSD TELMA\bin\lib;D:\Utilisateurs\samandari\QA\PROJET AUTOMATISATION\USSD\USSD TELMA\Libs;D:\Utilisateurs\samandari\QA\PROJET AUTOMATISATION\USSD\USSD TELMA\bin\groovy;D:\Utilisateurs\samandari\QA\PROJET AUTOMATISATION\USSD\USSD TELMA\Include\scripts\groovy;D:\Utilisateurs\samandari\QA\Outils\Katalon_Studio_Windows_64-7.7.1\plugins\com.kms.katalon.core_1.0.0.202106150524.jar;D:\Utilisateurs\samandari\QA\Outils\Katalon_Studio_Windows_64-7.7.1\configuration\resources\lib\aalto-xml-1.0.0.jar;D:\Utilisateurs\samandari\QA\Outils\Katalon_Studio_Windows_64-7.7.1\configuration\resources\lib\aspectjweaver-1.9.1.jar;D:\Utilisateurs\samandari\QA\Outils\Katalon_Studio_Windows_64-7.7.1\configuration\resources\lib\bcpkix-jdk15on-1.64.jar;D:\Utilisateurs\samandari\QA\Outils\Katalon_Studio_Windows_64-7.7.1\configuration\resources\lib\bcprov-jdk15on-1.64.jar;D:\Utilisateurs\samandari\QA\Outils\Katalon_Studio_Windows_64-7.7.1\configuration\resources\lib\browsermob-core-2.1.5.jar;D:\Utilisateurs\samandari\QA\Outils\Katalon_Studio_Windows_64-7.7.1\configuration\resources\lib\cglib-3.2.10.jar;D:\Utilisateurs\samandari\QA\Outils\Katalon_Studio_Windows_64-7.7.1\configuration\resources\lib\commons-codec-1.10.jar;D:\Utilisateurs\samandari\QA\Outils\Katalon_Studio_Windows_64-7.7.1\configuration\resources\lib\commons-collections4-4.1.jar;D:\Utilisateurs\samandari\QA\Outils\Katalon_Studio_Windows_64-7.7.1\configuration\resources\lib\commons-validator-1.6.jar;D:\Utilisateurs\samandari\QA\Outils\Katalon_Studio_Windows_64-7.7.1\configuration\resources\lib\curvesa
java_class_path (initial): D:\Utilisateurs\samandari\QA\PROJET AUTOMATISATION\USSD\USSD TELMA\bin\keyword;D:\Utilisateurs\samandari\QA\PROJET AUTOMATISATION\USSD\USSD TELMA\bin\listener;D:\Utilisateurs\samandari\QA\PROJET AUTOMATISATION\USSD\USSD TELMA\bin\lib;D:\Utilisateurs\samandari\QA\PROJET AUTOMATISATION\USSD\USSD TELMA\bin\groovy;D:\Utilisateurs\samandari\QA\PROJET AUTOMATISATION\USSD\USSD TELMA\bin;D:\Utilisateurs\samandari\QA\Outils\Katalon_Studio_Windows_64-7.7.1\plugins\com.kms.katalon.core_1.0.0.202106150524.jar;D:\Utilisateurs\samandari\QA\Outils\Katalon_Studio_Windows_64-7.7.1\configuration\resources\lib\aalto-xml-1.0.0.jar;D:\Utilisateurs\samandari\QA\Outils\Katalon_Studio_Windows_64-7.7.1\configuration\resources\lib\aspectjweaver-1.9.1.jar;D:\Utilisateurs\samandari\QA\Outils\Katalon_Studio_Windows_64-7.7.1\configuration\resources\lib\bcpkix-jdk15on-1.64.jar;D:\Utilisateurs\samandari\QA\Outils\Katalon_Studio_Windows_64-7.7.1\configuration\resources\lib\bcprov-jdk15on-1.64.jar;D:\Utilisateurs\samandari\QA\Outils\Katalon_Studio_Windows_64-7.7.1\configuration\resources\lib\browsermob-core-2.1.5.jar;D:\Utilisateurs\samandari\QA\Outils\Katalon_Studio_Windows_64-7.7.1\configuration\resources\lib\cglib-3.2.10.jar;D:\Utilisateurs\samandari\QA\Outils\Katalon_Studio_Windows_64-7.7.1\configuration\resources\lib\commons-codec-1.10.jar;D:\Utilisateurs\samandari\QA\Outils\Katalon_Studio_Windows_64-7.7.1\configuration\resources\lib\commons-collections4-4.1.jar;D:\Utilisateurs\samandari\QA\Outils\Katalon_Studio_Windows_64-7.7.1\configuration\resources\lib\commons-validator-1.6.jar;D:\Utilisateurs\samandari\QA\Outils\Katalon_Studio_Windows_64-7.7.1\configuration\resources\lib\curvesapi-1.04.jar;D:\Utilisateurs\samandari\QA\Outils\Katalon_Studio_Windows_64-7.7.1\configuration\resources\lib\dnsjava-2.1.8.jar;D:\Utilisateurs\samandari\QA\Outils\Katalon_Studio_Windows_64-7.7.1\configuration\resources\lib\java-client-7.0.0.jar;D:\Utilisateurs\samandari\QA\Outils\Katalon_
Launcher Type: SUN_STANDARD

Environment Variables:
JAVA_HOME=C:\Program Files\Java\jdk1.8.0_281
PATH=D:/Utilisateurs/samandari/QA/Outils/Katalon_Studio_Windows_64-7.7.1/jre/bin/server;D:/Utilisateurs/samandari/QA/Outils/Katalon_Studio_Windows_64-7.7.1/jre/bin;D:/Utilisateurs/samandari/QA/Outils/Katalon_Studio_Windows_64-7.7.1/jre/lib/amd64;C:\Program Files (x86)\Common Files\Oracle\Java\javapath;C:\ProgramData\Oracle\Java\javapath;C:\Python27\;C:\Python27\Scripts;C:\WINDOWS\system32;C:\WINDOWS;C:\WINDOWS\System32\Wbem;C:\WINDOWS\System32\WindowsPowerShell\v1.0\;C:\Program Files\PuTTY\;C:\Program Files\Git\cmd;C:\ProgramData\chocolatey\bin;C:\Program Files\Java\jdk1.8.0_281\bin;C:\Program Files\nodejs\;D:\Utilisateurs\samandari\AppData\Local\Microsoft\WindowsApps;D:\Utilisateurs\samandari\AppData\Roaming\npm;;D:\Utilisateurs\samandari\QA\Outils\Katalon_Studio_Windows_64-7.7.1;
USERNAME=samandari
OS=Windows_NT
PROCESSOR_IDENTIFIER=Intel64 Family 6 Model 158 Stepping 10, GenuineIntel



---------------  S Y S T E M  ---------------

OS: Windows 10.0 , 64 bit Build 19041 (10.0.19041.1503)

CPU:total 6 (initial active 6) (6 cores per cpu, 1 threads per core) family 6 model 158 stepping 10, cmov, cx8, fxsr, mmx, sse, sse2, sse3, ssse3, sse4.1, sse4.2, popcnt, avx, avx2, aes, clmul, erms, rtm, 3dnowpref, lzcnt, tsc, tscinvbit, bmi1, bmi2, adx

Memory: 4k page, physical 8236320k(804188k free), swap 20649280k(4820k free)

vm_info: Java HotSpot(TM) 64-Bit Server VM (25.181-b13) for windows-amd64 JRE (1.8.0_181-b13), built on Jul  7 2018 04:01:33 by "java_re" with MS VC++ 10.0 (VS2010)

time: Thu Feb 24 15:51:34 2022
elapsed time: 0 seconds (0d 0h 0m 0s)

