#
# There is insufficient memory for the Java Runtime Environment to continue.
# Native memory allocation (malloc) failed to allocate 455456 bytes for Chunk::new
# Possible reasons:
#   The system is out of physical RAM or swap space
#   In 32 bit mode, the process size limit was hit
# Possible solutions:
#   Reduce memory load on the system
#   Increase physical memory or swap space
#   Check if swap backing store is full
#   Use 64 bit Java on a 64 bit OS
#   Decrease Java heap size (-Xmx/-Xms)
#   Decrease number of Java threads
#   Decrease Java thread stack sizes (-Xss)
#   Set larger code cache with -XX:ReservedCodeCacheSize=
# This output file may be truncated or incomplete.
#
#  Out of Memory Error (allocation.cpp:390), pid=15324, tid=0x0000000000004a04
#
# JRE version: Java(TM) SE Runtime Environment (8.0_181-b13) (build 1.8.0_181-b13)
# Java VM: Java HotSpot(TM) 64-Bit Server VM (25.181-b13 mixed mode windows-amd64 compressed oops)
# Failed to write core dump. Minidumps are not enabled by default on client versions of Windows
#

---------------  T H R E A D  ---------------

Current thread (0x000000001956d800):  JavaThread "C2 CompilerThread0" daemon [_thread_in_native, id=18948, stack(0x0000000019cf0000,0x0000000019df0000)]

Stack: [0x0000000019cf0000,0x0000000019df0000]
[error occurred during error reporting (printing stack bounds), id 0xc0000005]

Native frames: (J=compiled Java code, j=interpreted, Vv=VM code, C=native code)


Current CompileTask:
C2:   1260 1272   !   4       java.util.jar.Attributes::read (380 bytes)


---------------  P R O C E S S  ---------------

Java Threads: ( => current thread )
  0x00000000195ac800 JavaThread "Service Thread" daemon [_thread_blocked, id=18716, stack(0x0000000019ff0000,0x000000001a0f0000)]
  0x0000000019577000 JavaThread "C1 CompilerThread2" daemon [_thread_blocked, id=14648, stack(0x0000000019ef0000,0x0000000019ff0000)]
  0x000000001956e800 JavaThread "C2 CompilerThread1" daemon [_thread_blocked, id=19312, stack(0x0000000019df0000,0x0000000019ef0000)]
=>0x000000001956d800 JavaThread "C2 CompilerThread0" daemon [_thread_in_native, id=18948, stack(0x0000000019cf0000,0x0000000019df0000)]
  0x0000000019559800 JavaThread "Attach Listener" daemon [_thread_blocked, id=680, stack(0x0000000019bf0000,0x0000000019cf0000)]
  0x00000000195dc800 JavaThread "Signal Dispatcher" daemon [_thread_blocked, id=15536, stack(0x0000000019af0000,0x0000000019bf0000)]
  0x000000001743d000 JavaThread "Finalizer" daemon [_thread_blocked, id=14776, stack(0x0000000018cc0000,0x0000000018dc0000)]
  0x0000000017434000 JavaThread "Reference Handler" daemon [_thread_blocked, id=14036, stack(0x0000000018bc0000,0x0000000018cc0000)]
  0x00000000024f4000 JavaThread "main" [_thread_in_vm, id=7700, stack(0x00000000023a0000,0x00000000024a0000)]

Other Threads:
  0x000000001740d000 VMThread [stack: 0x0000000018ac0000,0x0000000018bc0000] [id=19048]
  0x00000000196c4800 WatcherThread [stack: 0x000000001a0f0000,0x000000001a1f0000] [id=14088]

VM state:not at safepoint (normal execution)

VM Mutex/Monitor currently owned by a thread: None

Heap:
 PSYoungGen      total 37888K, used 29816K [0x00000000d5580000, 0x00000000d7f80000, 0x0000000100000000)
  eden space 32768K, 75% used [0x00000000d5580000,0x00000000d6d9fcd8,0x00000000d7580000)
  from space 5120K, 99% used [0x00000000d7580000,0x00000000d7a7e5d8,0x00000000d7a80000)
  to   space 5120K, 0% used [0x00000000d7a80000,0x00000000d7a80000,0x00000000d7f80000)
 ParOldGen       total 86016K, used 771K [0x0000000080000000, 0x0000000085400000, 0x00000000d5580000)
  object space 86016K, 0% used [0x0000000080000000,0x00000000800c0d38,0x0000000085400000)
 Metaspace       used 14420K, capacity 14550K, committed 14720K, reserved 1062912K
  class space    used 1519K, capacity 1575K, committed 1664K, reserved 1048576K

Card table byte_map: [0x00000000119a0000,0x0000000011db0000] byte_map_base: 0x00000000115a0000

Marking Bits: (ParMarkBitMap*) 0x0000000065242d00
 Begin Bits: [0x0000000012660000, 0x0000000014660000)
 End Bits:   [0x0000000014660000, 0x0000000016660000)

Polling page: 0x00000000009e0000

CodeCache: size=245760Kb used=5779Kb max_used=5779Kb free=239980Kb
 bounds [0x00000000025e0000, 0x0000000002b90000, 0x00000000115e0000]
 total_blobs=1842 nmethods=1286 adapters=468
 compilation: enabled

Compilation events (10 events):
Event: 1.252 Thread 0x0000000019577000 1289       1       java.util.jar.Attributes$Name::toString (5 bytes)
Event: 1.252 Thread 0x0000000019577000 nmethod 1289 0x0000000002b86f10 code [0x0000000002b87060, 0x0000000002b87170]
Event: 1.253 Thread 0x0000000019577000 1290       3       java.util.Base64$Decoder::outLength (199 bytes)
Event: 1.253 Thread 0x0000000019577000 nmethod 1290 0x0000000002b851d0 code [0x0000000002b85380, 0x0000000002b85aa8]
Event: 1.255 Thread 0x0000000019577000 1291       3       java.security.MessageDigest::isEqual (62 bytes)
Event: 1.255 Thread 0x0000000019577000 nmethod 1291 0x0000000002b88710 code [0x0000000002b88880, 0x0000000002b88c10]
Event: 1.256 Thread 0x0000000019577000 1292       3       java.lang.String::compareTo (9 bytes)
Event: 1.256 Thread 0x0000000019577000 nmethod 1292 0x0000000002b88d50 code [0x0000000002b88ec0, 0x0000000002b891a8]
Event: 1.256 Thread 0x0000000019577000 1293       1       java.lang.Enum::ordinal (5 bytes)
Event: 1.256 Thread 0x0000000019577000 nmethod 1293 0x0000000002b89250 code [0x0000000002b893a0, 0x0000000002b894b0]

GC Heap History (10 events):
Event: 0.395 GC heap before
{Heap before GC invocations=1 (full 0):
 PSYoungGen      total 37888K, used 32768K [0x00000000d5580000, 0x00000000d7f80000, 0x0000000100000000)
  eden space 32768K, 100% used [0x00000000d5580000,0x00000000d7580000,0x00000000d7580000)
  from space 5120K, 0% used [0x00000000d7a80000,0x00000000d7a80000,0x00000000d7f80000)
  to   space 5120K, 0% used [0x00000000d7580000,0x00000000d7580000,0x00000000d7a80000)
 ParOldGen       total 86016K, used 0K [0x0000000080000000, 0x0000000085400000, 0x00000000d5580000)
  object space 86016K, 0% used [0x0000000080000000,0x0000000080000000,0x0000000085400000)
 Metaspace       used 4448K, capacity 5278K, committed 5504K, reserved 1056768K
  class space    used 488K, capacity 534K, committed 640K, reserved 1048576K
Event: 0.398 GC heap after
Heap after GC invocations=1 (full 0):
 PSYoungGen      total 37888K, used 4148K [0x00000000d5580000, 0x00000000d7f80000, 0x0000000100000000)
  eden space 32768K, 0% used [0x00000000d5580000,0x00000000d5580000,0x00000000d7580000)
  from space 5120K, 81% used [0x00000000d7580000,0x00000000d798d350,0x00000000d7a80000)
  to   space 5120K, 0% used [0x00000000d7a80000,0x00000000d7a80000,0x00000000d7f80000)
 ParOldGen       total 86016K, used 8K [0x0000000080000000, 0x0000000085400000, 0x00000000d5580000)
  object space 86016K, 0% used [0x0000000080000000,0x0000000080002000,0x0000000085400000)
 Metaspace       used 4448K, capacity 5278K, committed 5504K, reserved 1056768K
  class space    used 488K, capacity 534K, committed 640K, reserved 1048576K
}
Event: 0.640 GC heap before
{Heap before GC invocations=2 (full 0):
 PSYoungGen      total 37888K, used 36916K [0x00000000d5580000, 0x00000000d7f80000, 0x0000000100000000)
  eden space 32768K, 100% used [0x00000000d5580000,0x00000000d7580000,0x00000000d7580000)
  from space 5120K, 81% used [0x00000000d7580000,0x00000000d798d350,0x00000000d7a80000)
  to   space 5120K, 0% used [0x00000000d7a80000,0x00000000d7a80000,0x00000000d7f80000)
 ParOldGen       total 86016K, used 8K [0x0000000080000000, 0x0000000085400000, 0x00000000d5580000)
  object space 86016K, 0% used [0x0000000080000000,0x0000000080002000,0x0000000085400000)
 Metaspace       used 8254K, capacity 8416K, committed 8704K, reserved 1056768K
  class space    used 927K, capacity 984K, committed 1024K, reserved 1048576K
Event: 0.643 GC heap after
Heap after GC invocations=2 (full 0):
 PSYoungGen      total 37888K, used 4606K [0x00000000d5580000, 0x00000000d7f80000, 0x0000000100000000)
  eden space 32768K, 0% used [0x00000000d5580000,0x00000000d5580000,0x00000000d7580000)
  from space 5120K, 89% used [0x00000000d7a80000,0x00000000d7eff910,0x00000000d7f80000)
  to   space 5120K, 0% used [0x00000000d7580000,0x00000000d7580000,0x00000000d7a80000)
 ParOldGen       total 86016K, used 16K [0x0000000080000000, 0x0000000085400000, 0x00000000d5580000)
  object space 86016K, 0% used [0x0000000080000000,0x0000000080004000,0x0000000085400000)
 Metaspace       used 8254K, capacity 8416K, committed 8704K, reserved 1056768K
  class space    used 927K, capacity 984K, committed 1024K, reserved 1048576K
}
Event: 0.816 GC heap before
{Heap before GC invocations=3 (full 0):
 PSYoungGen      total 37888K, used 37374K [0x00000000d5580000, 0x00000000d7f80000, 0x0000000100000000)
  eden space 32768K, 100% used [0x00000000d5580000,0x00000000d7580000,0x00000000d7580000)
  from space 5120K, 89% used [0x00000000d7a80000,0x00000000d7eff910,0x00000000d7f80000)
  to   space 5120K, 0% used [0x00000000d7580000,0x00000000d7580000,0x00000000d7a80000)
 ParOldGen       total 86016K, used 16K [0x0000000080000000, 0x0000000085400000, 0x00000000d5580000)
  object space 86016K, 0% used [0x0000000080000000,0x0000000080004000,0x0000000085400000)
 Metaspace       used 10183K, capacity 10310K, committed 10496K, reserved 1058816K
  class space    used 1148K, capacity 1209K, committed 1280K, reserved 1048576K
Event: 0.819 GC heap after
Heap after GC invocations=3 (full 0):
 PSYoungGen      total 37888K, used 5108K [0x00000000d5580000, 0x00000000d7f80000, 0x0000000100000000)
  eden space 32768K, 0% used [0x00000000d5580000,0x00000000d5580000,0x00000000d7580000)
  from space 5120K, 99% used [0x00000000d7580000,0x00000000d7a7d308,0x00000000d7a80000)
  to   space 5120K, 0% used [0x00000000d7a80000,0x00000000d7a80000,0x00000000d7f80000)
 ParOldGen       total 86016K, used 24K [0x0000000080000000, 0x0000000085400000, 0x00000000d5580000)
  object space 86016K, 0% used [0x0000000080000000,0x0000000080006000,0x0000000085400000)
 Metaspace       used 10183K, capacity 10310K, committed 10496K, reserved 1058816K
  class space    used 1148K, capacity 1209K, committed 1280K, reserved 1048576K
}
Event: 0.923 GC heap before
{Heap before GC invocations=4 (full 0):
 PSYoungGen      total 37888K, used 37876K [0x00000000d5580000, 0x00000000d7f80000, 0x0000000100000000)
  eden space 32768K, 100% used [0x00000000d5580000,0x00000000d7580000,0x00000000d7580000)
  from space 5120K, 99% used [0x00000000d7580000,0x00000000d7a7d308,0x00000000d7a80000)
  to   space 5120K, 0% used [0x00000000d7a80000,0x00000000d7a80000,0x00000000d7f80000)
 ParOldGen       total 86016K, used 24K [0x0000000080000000, 0x0000000085400000, 0x00000000d5580000)
  object space 86016K, 0% used [0x0000000080000000,0x0000000080006000,0x0000000085400000)
 Metaspace       used 10353K, capacity 10566K, committed 10752K, reserved 1058816K
  class space    used 1155K, capacity 1209K, committed 1280K, reserved 1048576K
Event: 0.926 GC heap after
Heap after GC invocations=4 (full 0):
 PSYoungGen      total 37888K, used 4351K [0x00000000d5580000, 0x00000000d7f80000, 0x0000000100000000)
  eden space 32768K, 0% used [0x00000000d5580000,0x00000000d5580000,0x00000000d7580000)
  from space 5120K, 84% used [0x00000000d7a80000,0x00000000d7ebfe80,0x00000000d7f80000)
  to   space 5120K, 0% used [0x00000000d7580000,0x00000000d7580000,0x00000000d7a80000)
 ParOldGen       total 86016K, used 32K [0x0000000080000000, 0x0000000085400000, 0x00000000d5580000)
  object space 86016K, 0% used [0x0000000080000000,0x0000000080008000,0x0000000085400000)
 Metaspace       used 10353K, capacity 10566K, committed 10752K, reserved 1058816K
  class space    used 1155K, capacity 1209K, committed 1280K, reserved 1048576K
}
Event: 1.099 GC heap before
{Heap before GC invocations=5 (full 0):
 PSYoungGen      total 37888K, used 37119K [0x00000000d5580000, 0x00000000d7f80000, 0x0000000100000000)
  eden space 32768K, 100% used [0x00000000d5580000,0x00000000d7580000,0x00000000d7580000)
  from space 5120K, 84% used [0x00000000d7a80000,0x00000000d7ebfe80,0x00000000d7f80000)
  to   space 5120K, 0% used [0x00000000d7580000,0x00000000d7580000,0x00000000d7a80000)
 ParOldGen       total 86016K, used 32K [0x0000000080000000, 0x0000000085400000, 0x00000000d5580000)
  object space 86016K, 0% used [0x0000000080000000,0x0000000080008000,0x0000000085400000)
 Metaspace       used 12367K, capacity 12554K, committed 12672K, reserved 1060864K
  class space    used 1302K, capacity 1380K, committed 1408K, reserved 1048576K
Event: 1.102 GC heap after
Heap after GC invocations=5 (full 0):
 PSYoungGen      total 37888K, used 5113K [0x00000000d5580000, 0x00000000d7f80000, 0x0000000100000000)
  eden space 32768K, 0% used [0x00000000d5580000,0x00000000d5580000,0x00000000d7580000)
  from space 5120K, 99% used [0x00000000d7580000,0x00000000d7a7e5d8,0x00000000d7a80000)
  to   space 5120K, 0% used [0x00000000d7a80000,0x00000000d7a80000,0x00000000d7f80000)
 ParOldGen       total 86016K, used 771K [0x0000000080000000, 0x0000000085400000, 0x00000000d5580000)
  object space 86016K, 0% used [0x0000000080000000,0x00000000800c0d38,0x0000000085400000)
 Metaspace       used 12367K, capacity 12554K, committed 12672K, reserved 1060864K
  class space    used 1302K, capacity 1380K, committed 1408K, reserved 1048576K
}

Deoptimization events (10 events):
Event: 0.499 Thread 0x00000000024f4000 Uncommon trap: reason=bimorphic action=maybe_recompile pc=0x0000000002845014 method=java.util.HashMap.getNode(ILjava/lang/Object;)Ljava/util/HashMap$Node; @ 126
Event: 0.499 Thread 0x00000000024f4000 Uncommon trap: reason=bimorphic action=maybe_recompile pc=0x0000000002845014 method=java.util.HashMap.getNode(ILjava/lang/Object;)Ljava/util/HashMap$Node; @ 126
Event: 0.699 Thread 0x00000000024f4000 Uncommon trap: reason=unstable_if action=reinterpret pc=0x0000000002872b54 method=java.util.HashMap.getNode(ILjava/lang/Object;)Ljava/util/HashMap$Node; @ 62
Event: 0.699 Thread 0x00000000024f4000 Uncommon trap: reason=bimorphic action=maybe_recompile pc=0x0000000002845014 method=java.util.HashMap.getNode(ILjava/lang/Object;)Ljava/util/HashMap$Node; @ 126
Event: 0.773 Thread 0x00000000024f4000 Uncommon trap: reason=unstable_if action=reinterpret pc=0x0000000002717560 method=java.net.URI.match(CJJ)Z @ 45
Event: 0.784 Thread 0x00000000024f4000 Uncommon trap: reason=unstable_if action=reinterpret pc=0x0000000002929ff8 method=java.lang.String.lastIndexOf([CII[CIII)I @ 66
Event: 0.784 Thread 0x00000000024f4000 Uncommon trap: reason=unstable_if action=reinterpret pc=0x000000000284e5f4 method=java.lang.String.lastIndexOf([CII[CIII)I @ 66
Event: 0.797 Thread 0x00000000024f4000 Uncommon trap: reason=unstable_if action=reinterpret pc=0x00000000028e2324 method=sun.misc.URLClassPath$FileLoader.getResource(Ljava/lang/String;Z)Lsun/misc/Resource; @ 139
Event: 1.131 Thread 0x00000000024f4000 Uncommon trap: reason=unstable_if action=reinterpret pc=0x00000000029a1038 method=java.util.HashMap.putVal(ILjava/lang/Object;Ljava/lang/Object;ZZ)Ljava/lang/Object; @ 236
Event: 1.143 Thread 0x00000000024f4000 Uncommon trap: reason=unstable_if action=reinterpret pc=0x00000000029db5fc method=java.lang.CharacterDataLatin1.isWhitespace(I)Z @ 14

Classes redefined (0 events):
No events

Internal exceptions (10 events):
Event: 1.102 Thread 0x00000000024f4000 Exception <a 'java/lang/ClassNotFoundException': com/kms/katalon/core/mobile/contribution/MobileDriverCleanerBeanInfo> (0x00000000d55ba128) thrown at [C:\re\workspace\8-2-build-windows-amd64-cygwin\jdk8u181\11358\hotspot\src\share\vm\classfile\systemDicti
Event: 1.104 Thread 0x00000000024f4000 Exception <a 'java/lang/ClassNotFoundException': com/kms/katalon/core/mobile/contribution/MobileDriverCleanerCustomizer> (0x00000000d5658840) thrown at [C:\re\workspace\8-2-build-windows-amd64-cygwin\jdk8u181\11358\hotspot\src\share\vm\classfile\systemDic
Event: 1.107 Thread 0x00000000024f4000 Exception <a 'java/lang/ClassNotFoundException': com/kms/katalon/core/cucumber/keyword/internal/CucumberDriverCleanerBeanInfo> (0x00000000d5741e68) thrown at [C:\re\workspace\8-2-build-windows-amd64-cygwin\jdk8u181\11358\hotspot\src\share\vm\classfile\sys
Event: 1.108 Thread 0x00000000024f4000 Exception <a 'java/lang/ClassNotFoundException': com/kms/katalon/core/cucumber/keyword/internal/CucumberDriverCleanerCustomizer> (0x00000000d57ec588) thrown at [C:\re\workspace\8-2-build-windows-amd64-cygwin\jdk8u181\11358\hotspot\src\share\vm\classfile\s
Event: 1.111 Thread 0x00000000024f4000 Exception <a 'java/lang/ClassNotFoundException': com/kms/katalon/core/windows/keyword/contribution/WindowsDriverCleanerBeanInfo> (0x00000000d58d93a8) thrown at [C:\re\workspace\8-2-build-windows-amd64-cygwin\jdk8u181\11358\hotspot\src\share\vm\classfile\s
Event: 1.112 Thread 0x00000000024f4000 Exception <a 'java/lang/ClassNotFoundException': com/kms/katalon/core/windows/keyword/contribution/WindowsDriverCleanerCustomizer> (0x00000000d5986e28) thrown at [C:\re\workspace\8-2-build-windows-amd64-cygwin\jdk8u181\11358\hotspot\src\share\vm\classfile
Event: 1.115 Thread 0x00000000024f4000 Exception <a 'java/lang/ClassNotFoundException': com/kms/katalon/core/testng/keyword/internal/TestNGDriverCleanerBeanInfo> (0x00000000d5a67700) thrown at [C:\re\workspace\8-2-build-windows-amd64-cygwin\jdk8u181\11358\hotspot\src\share\vm\classfile\systemD
Event: 1.117 Thread 0x00000000024f4000 Exception <a 'java/lang/ClassNotFoundException': com/kms/katalon/core/testng/keyword/internal/TestNGDriverCleanerCustomizer> (0x00000000d5b0ba88) thrown at [C:\re\workspace\8-2-build-windows-amd64-cygwin\jdk8u181\11358\hotspot\src\share\vm\classfile\syste
Event: 1.182 Thread 0x00000000024f4000 Exception <a 'java/lang/ClassNotFoundException': com/kms/katalon/core/configuration/RunConfigurationBeanInfo> (0x00000000d6279e38) thrown at [C:\re\workspace\8-2-build-windows-amd64-cygwin\jdk8u181\11358\hotspot\src\share\vm\classfile\systemDictionary.cpp
Event: 1.184 Thread 0x00000000024f4000 Exception <a 'java/lang/ClassNotFoundException': com/kms/katalon/core/configuration/RunConfigurationCustomizer> (0x00000000d630b8f8) thrown at [C:\re\workspace\8-2-build-windows-amd64-cygwin\jdk8u181\11358\hotspot\src\share\vm\classfile\systemDictionary.c

Events (10 events):
Event: 1.245 loading class java/nio/channels/Channel done
Event: 1.245 loading class java/nio/channels/ReadableByteChannel done
Event: 1.249 loading class java/io/CharArrayWriter
Event: 1.249 loading class java/io/CharArrayWriter done
Event: 1.253 loading class java/util/Collections$UnmodifiableCollection$1
Event: 1.253 loading class java/util/Collections$UnmodifiableCollection$1 done
Event: 1.254 loading class java/util/concurrent/ConcurrentNavigableMap
Event: 1.254 loading class java/util/concurrent/ConcurrentNavigableMap done
Event: 1.257 loading class groovy/runtime/metaclass/com/kms/katalon/core/main/TestCaseMainMetaClass
Event: 1.257 loading class groovy/runtime/metaclass/com/kms/katalon/core/main/TestCaseMainMetaClass done


Dynamic libraries:
0x00007ff7af150000 - 0x00007ff7af187000 	D:\Utilisateurs\samandari\QA\Outils\Katalon_Studio_Windows_64-7.7.1\jre\bin\javaw.exe
0x00007ffdc87f0000 - 0x00007ffdc89e5000 	C:\WINDOWS\SYSTEM32\ntdll.dll
0x00007ffdc7e50000 - 0x00007ffdc7f0e000 	C:\WINDOWS\System32\KERNEL32.DLL
0x00007ffdc63d0000 - 0x00007ffdc6698000 	C:\WINDOWS\System32\KERNELBASE.dll
0x00007ffdc8070000 - 0x00007ffdc811e000 	C:\WINDOWS\System32\ADVAPI32.dll
0x00007ffdc7050000 - 0x00007ffdc70ee000 	C:\WINDOWS\System32\msvcrt.dll
0x00007ffdc7fa0000 - 0x00007ffdc803c000 	C:\WINDOWS\System32\sechost.dll
0x00007ffdc85b0000 - 0x00007ffdc86d5000 	C:\WINDOWS\System32\RPCRT4.dll
0x00007ffdc7840000 - 0x00007ffdc79e0000 	C:\WINDOWS\System32\USER32.dll
0x00007ffdc5fa0000 - 0x00007ffdc5fc2000 	C:\WINDOWS\System32\win32u.dll
0x00007ffdc7d50000 - 0x00007ffdc7d7b000 	C:\WINDOWS\System32\GDI32.dll
0x00007ffdc62c0000 - 0x00007ffdc63cd000 	C:\WINDOWS\System32\gdi32full.dll
0x00007ffdc5f00000 - 0x00007ffdc5f9d000 	C:\WINDOWS\System32\msvcp_win.dll
0x00007ffdc66d0000 - 0x00007ffdc67d0000 	C:\WINDOWS\System32\ucrtbase.dll
0x00007ffdb3470000 - 0x00007ffdb370a000 	C:\WINDOWS\WinSxS\amd64_microsoft.windows.common-controls_6595b64144ccf1df_6.0.19041.1110_none_60b5254171f9507e\COMCTL32.dll
0x00007ffdc8040000 - 0x00007ffdc8070000 	C:\WINDOWS\System32\IMM32.DLL
0x0000000063770000 - 0x0000000063842000 	D:\Utilisateurs\samandari\QA\Outils\Katalon_Studio_Windows_64-7.7.1\jre\bin\msvcr100.dll
0x0000000064a20000 - 0x00000000652c2000 	D:\Utilisateurs\samandari\QA\Outils\Katalon_Studio_Windows_64-7.7.1\jre\bin\server\jvm.dll
0x00007ffdc85a0000 - 0x00007ffdc85a8000 	C:\WINDOWS\System32\PSAPI.DLL
0x00007ffda9e10000 - 0x00007ffda9e19000 	C:\WINDOWS\SYSTEM32\WSOCK32.dll
0x00007ffdbc470000 - 0x00007ffdbc497000 	C:\WINDOWS\SYSTEM32\WINMM.dll
0x00007ffdbc4a0000 - 0x00007ffdbc4aa000 	C:\WINDOWS\SYSTEM32\VERSION.dll
0x00007ffdc7a50000 - 0x00007ffdc7abb000 	C:\WINDOWS\System32\WS2_32.dll
0x0000000064a10000 - 0x0000000064a1f000 	D:\Utilisateurs\samandari\QA\Outils\Katalon_Studio_Windows_64-7.7.1\jre\bin\verify.dll
0x00000000649e0000 - 0x0000000064a09000 	D:\Utilisateurs\samandari\QA\Outils\Katalon_Studio_Windows_64-7.7.1\jre\bin\java.dll
0x00000000649c0000 - 0x00000000649d6000 	D:\Utilisateurs\samandari\QA\Outils\Katalon_Studio_Windows_64-7.7.1\jre\bin\zip.dll
0x00007ffdc70f0000 - 0x00007ffdc7834000 	C:\WINDOWS\System32\SHELL32.dll
0x00007ffdc4010000 - 0x00007ffdc47a4000 	C:\WINDOWS\SYSTEM32\windows.storage.dll
0x00007ffdc8190000 - 0x00007ffdc84e5000 	C:\WINDOWS\System32\combase.dll
0x00007ffdc5950000 - 0x00007ffdc597e000 	C:\WINDOWS\SYSTEM32\Wldp.dll
0x00007ffdc84f0000 - 0x00007ffdc859d000 	C:\WINDOWS\System32\SHCORE.dll
0x00007ffdc79e0000 - 0x00007ffdc7a35000 	C:\WINDOWS\System32\shlwapi.dll
0x00007ffdc5e40000 - 0x00007ffdc5e5f000 	C:\WINDOWS\SYSTEM32\profapi.dll

VM Arguments:
jvm_args: -Dgroovy.home=D:\Utilisateurs\samandari/.groovy -Djava.system.class.loader=groovy.lang.GroovyClassLoader -Xmx2048m -Dfile.encoding=UTF-8 
java_command: org.codehaus.groovy.tools.GroovyStarter --classpath D:\Utilisateurs\samandari\QA\PROJET AUTOMATISATION\USSD\USSD TELMA\bin\keyword;D:\Utilisateurs\samandari\QA\PROJET AUTOMATISATION\USSD\USSD TELMA\Keywords;D:\Utilisateurs\samandari\QA\PROJET AUTOMATISATION\USSD\USSD TELMA\bin\listener;D:\Utilisateurs\samandari\QA\PROJET AUTOMATISATION\USSD\USSD TELMA\Test Listeners;D:\Utilisateurs\samandari\QA\PROJET AUTOMATISATION\USSD\USSD TELMA\bin\lib;D:\Utilisateurs\samandari\QA\PROJET AUTOMATISATION\USSD\USSD TELMA\Libs;D:\Utilisateurs\samandari\QA\PROJET AUTOMATISATION\USSD\USSD TELMA\bin\groovy;D:\Utilisateurs\samandari\QA\PROJET AUTOMATISATION\USSD\USSD TELMA\Include\scripts\groovy;D:\Utilisateurs\samandari\QA\Outils\Katalon_Studio_Windows_64-7.7.1\plugins\com.kms.katalon.core_1.0.0.202106150524.jar;D:\Utilisateurs\samandari\QA\Outils\Katalon_Studio_Windows_64-7.7.1\configuration\resources\lib\aalto-xml-1.0.0.jar;D:\Utilisateurs\samandari\QA\Outils\Katalon_Studio_Windows_64-7.7.1\configuration\resources\lib\aspectjweaver-1.9.1.jar;D:\Utilisateurs\samandari\QA\Outils\Katalon_Studio_Windows_64-7.7.1\configuration\resources\lib\bcpkix-jdk15on-1.64.jar;D:\Utilisateurs\samandari\QA\Outils\Katalon_Studio_Windows_64-7.7.1\configuration\resources\lib\bcprov-jdk15on-1.64.jar;D:\Utilisateurs\samandari\QA\Outils\Katalon_Studio_Windows_64-7.7.1\configuration\resources\lib\browsermob-core-2.1.5.jar;D:\Utilisateurs\samandari\QA\Outils\Katalon_Studio_Windows_64-7.7.1\configuration\resources\lib\cglib-3.2.10.jar;D:\Utilisateurs\samandari\QA\Outils\Katalon_Studio_Windows_64-7.7.1\configuration\resources\lib\commons-codec-1.10.jar;D:\Utilisateurs\samandari\QA\Outils\Katalon_Studio_Windows_64-7.7.1\configuration\resources\lib\commons-collections4-4.1.jar;D:\Utilisateurs\samandari\QA\Outils\Katalon_Studio_Windows_64-7.7.1\configuration\resources\lib\commons-validator-1.6.jar;D:\Utilisateurs\samandari\QA\Outils\Katalon_Studio_Windows_64-7.7.1\configuration\resources\lib\curvesa
java_class_path (initial): D:\Utilisateurs\samandari\QA\PROJET AUTOMATISATION\USSD\USSD TELMA\bin\keyword;D:\Utilisateurs\samandari\QA\PROJET AUTOMATISATION\USSD\USSD TELMA\bin\listener;D:\Utilisateurs\samandari\QA\PROJET AUTOMATISATION\USSD\USSD TELMA\bin\lib;D:\Utilisateurs\samandari\QA\PROJET AUTOMATISATION\USSD\USSD TELMA\bin\groovy;D:\Utilisateurs\samandari\QA\PROJET AUTOMATISATION\USSD\USSD TELMA\bin;D:\Utilisateurs\samandari\QA\Outils\Katalon_Studio_Windows_64-7.7.1\plugins\com.kms.katalon.core_1.0.0.202106150524.jar;D:\Utilisateurs\samandari\QA\Outils\Katalon_Studio_Windows_64-7.7.1\configuration\resources\lib\aalto-xml-1.0.0.jar;D:\Utilisateurs\samandari\QA\Outils\Katalon_Studio_Windows_64-7.7.1\configuration\resources\lib\aspectjweaver-1.9.1.jar;D:\Utilisateurs\samandari\QA\Outils\Katalon_Studio_Windows_64-7.7.1\configuration\resources\lib\bcpkix-jdk15on-1.64.jar;D:\Utilisateurs\samandari\QA\Outils\Katalon_Studio_Windows_64-7.7.1\configuration\resources\lib\bcprov-jdk15on-1.64.jar;D:\Utilisateurs\samandari\QA\Outils\Katalon_Studio_Windows_64-7.7.1\configuration\resources\lib\browsermob-core-2.1.5.jar;D:\Utilisateurs\samandari\QA\Outils\Katalon_Studio_Windows_64-7.7.1\configuration\resources\lib\cglib-3.2.10.jar;D:\Utilisateurs\samandari\QA\Outils\Katalon_Studio_Windows_64-7.7.1\configuration\resources\lib\commons-codec-1.10.jar;D:\Utilisateurs\samandari\QA\Outils\Katalon_Studio_Windows_64-7.7.1\configuration\resources\lib\commons-collections4-4.1.jar;D:\Utilisateurs\samandari\QA\Outils\Katalon_Studio_Windows_64-7.7.1\configuration\resources\lib\commons-validator-1.6.jar;D:\Utilisateurs\samandari\QA\Outils\Katalon_Studio_Windows_64-7.7.1\configuration\resources\lib\curvesapi-1.04.jar;D:\Utilisateurs\samandari\QA\Outils\Katalon_Studio_Windows_64-7.7.1\configuration\resources\lib\dnsjava-2.1.8.jar;D:\Utilisateurs\samandari\QA\Outils\Katalon_Studio_Windows_64-7.7.1\configuration\resources\lib\java-client-7.0.0.jar;D:\Utilisateurs\samandari\QA\Outils\Katalon_
Launcher Type: SUN_STANDARD

Environment Variables:
JAVA_HOME=C:\Program Files\Java\jdk1.8.0_202
PATH=D:/Utilisateurs/samandari/QA/Outils/Katalon_Studio_Windows_64-7.7.1/jre/bin/server;D:/Utilisateurs/samandari/QA/Outils/Katalon_Studio_Windows_64-7.7.1/jre/bin;D:/Utilisateurs/samandari/QA/Outils/Katalon_Studio_Windows_64-7.7.1/jre/lib/amd64;C:\Program Files (x86)\Common Files\Oracle\Java\javapath;C:\ProgramData\Oracle\Java\javapath;C:\Python27\;C:\Python27\Scripts;C:\WINDOWS\system32;C:\WINDOWS;C:\WINDOWS\System32\Wbem;C:\WINDOWS\System32\WindowsPowerShell\v1.0\;C:\Program Files\PuTTY\;C:\Program Files\Git\cmd;C:\ProgramData\chocolatey\bin;C:\Program Files\nodejs\;C:\Program Files\Java\jdk1.8.0_202\bin;D:\Utilisateurs\samandari\AppData\Local\Microsoft\WindowsApps;D:\Utilisateurs\samandari\AppData\Roaming\npm;;D:\Utilisateurs\samandari\QA\Outils\Katalon_Studio_Windows_64-7.7.1;
USERNAME=samandari
OS=Windows_NT
PROCESSOR_IDENTIFIER=Intel64 Family 6 Model 158 Stepping 10, GenuineIntel



---------------  S Y S T E M  ---------------

OS: Windows 10.0 , 64 bit Build 19041 (10.0.19041.1503)

CPU:total 6 (initial active 6) (6 cores per cpu, 1 threads per core) family 6 model 158 stepping 10, cmov, cx8, fxsr, mmx, sse, sse2, sse3, ssse3, sse4.1, sse4.2, popcnt, avx, avx2, aes, clmul, erms, rtm, 3dnowpref, lzcnt, tsc, tscinvbit, bmi1, bmi2, adx

Memory: 4k page, physical 8236320k(926820k free), swap 20649280k(4152k free)

vm_info: Java HotSpot(TM) 64-Bit Server VM (25.181-b13) for windows-amd64 JRE (1.8.0_181-b13), built on Jul  7 2018 04:01:33 by "java_re" with MS VC++ 10.0 (VS2010)

time: Fri Mar 18 11:55:24 2022
elapsed time: 1 seconds (0d 0h 0m 1s)

