#
# There is insufficient memory for the Java Runtime Environment to continue.
# Native memory allocation (malloc) failed to allocate 1021296 bytes for Chunk::new
# Possible reasons:
#   The system is out of physical RAM or swap space
#   In 32 bit mode, the process size limit was hit
# Possible solutions:
#   Reduce memory load on the system
#   Increase physical memory or swap space
#   Check if swap backing store is full
#   Use 64 bit Java on a 64 bit OS
#   Decrease Java heap size (-Xmx/-Xms)
#   Decrease number of Java threads
#   Decrease Java thread stack sizes (-Xss)
#   Set larger code cache with -XX:ReservedCodeCacheSize=
# This output file may be truncated or incomplete.
#
#  Out of Memory Error (allocation.cpp:390), pid=10256, tid=0x0000000000000ff0
#
# JRE version: Java(TM) SE Runtime Environment (8.0_181-b13) (build 1.8.0_181-b13)
# Java VM: Java HotSpot(TM) 64-Bit Server VM (25.181-b13 mixed mode windows-amd64 compressed oops)
# Failed to write core dump. Minidumps are not enabled by default on client versions of Windows
#

---------------  T H R E A D  ---------------

Current thread (0x0000000019ba0000):  JavaThread "C2 CompilerThread0" daemon [_thread_in_native, id=4080, stack(0x000000001a320000,0x000000001a420000)]

Stack: [0x000000001a320000,0x000000001a420000]
[error occurred during error reporting (printing stack bounds), id 0xc0000005]

Native frames: (J=compiled Java code, j=interpreted, Vv=VM code, C=native code)


Current CompileTask:
C2:   1577 1495   !   4       sun.misc.URLClassPath$JarLoader::getResource (353 bytes)


---------------  P R O C E S S  ---------------

Java Threads: ( => current thread )
  0x0000000019bde800 JavaThread "Service Thread" daemon [_thread_blocked, id=4436, stack(0x000000001a620000,0x000000001a720000)]
  0x0000000019ba6800 JavaThread "C1 CompilerThread2" daemon [_thread_blocked, id=5592, stack(0x000000001a520000,0x000000001a620000)]
  0x0000000019ba2800 JavaThread "C2 CompilerThread1" daemon [_thread_blocked, id=240, stack(0x000000001a420000,0x000000001a520000)]
=>0x0000000019ba0000 JavaThread "C2 CompilerThread0" daemon [_thread_in_native, id=4080, stack(0x000000001a320000,0x000000001a420000)]
  0x0000000019b8c800 JavaThread "Attach Listener" daemon [_thread_blocked, id=9076, stack(0x000000001a220000,0x000000001a320000)]
  0x0000000019b8b800 JavaThread "Signal Dispatcher" daemon [_thread_blocked, id=9960, stack(0x000000001a120000,0x000000001a220000)]
  0x0000000017a5e800 JavaThread "Finalizer" daemon [_thread_blocked, id=4704, stack(0x00000000192e0000,0x00000000193e0000)]
  0x0000000017a55800 JavaThread "Reference Handler" daemon [_thread_blocked, id=6416, stack(0x00000000191e0000,0x00000000192e0000)]
  0x0000000002ad4000 JavaThread "main" [_thread_in_native, id=9504, stack(0x00000000029c0000,0x0000000002ac0000)]

Other Threads:
  0x0000000017a2d000 VMThread [stack: 0x00000000190e0000,0x00000000191e0000] [id=2460]
  0x0000000019cf8800 WatcherThread [stack: 0x000000001a720000,0x000000001a820000] [id=13916]

VM state:not at safepoint (normal execution)

VM Mutex/Monitor currently owned by a thread: None

Heap:
 PSYoungGen      total 37888K, used 35685K [0x00000000d5580000, 0x00000000d7f80000, 0x0000000100000000)
  eden space 32768K, 93% used [0x00000000d5580000,0x00000000d735a620,0x00000000d7580000)
  from space 5120K, 99% used [0x00000000d7a80000,0x00000000d7f7f148,0x00000000d7f80000)
  to   space 5120K, 0% used [0x00000000d7580000,0x00000000d7580000,0x00000000d7a80000)
 ParOldGen       total 86016K, used 3541K [0x0000000080000000, 0x0000000085400000, 0x00000000d5580000)
  object space 86016K, 4% used [0x0000000080000000,0x00000000803756c8,0x0000000085400000)
 Metaspace       used 19018K, capacity 19290K, committed 19712K, reserved 1067008K
  class space    used 2145K, capacity 2242K, committed 2304K, reserved 1048576K

Card table byte_map: [0x0000000011f90000,0x00000000123a0000] byte_map_base: 0x0000000011b90000

Marking Bits: (ParMarkBitMap*) 0x0000000060682d00
 Begin Bits: [0x0000000012c50000, 0x0000000014c50000)
 End Bits:   [0x0000000014c50000, 0x0000000016c50000)

Polling page: 0x0000000002990000

CodeCache: size=245760Kb used=6376Kb max_used=6376Kb free=239383Kb
 bounds [0x0000000002bd0000, 0x0000000003210000, 0x0000000011bd0000]
 total_blobs=2109 nmethods=1510 adapters=511
 compilation: enabled

Compilation events (10 events):
Event: 1.568 Thread 0x0000000019ba6800 1513       3       java.lang.invoke.MethodType::equals (29 bytes)
Event: 1.568 Thread 0x0000000019ba6800 nmethod 1513 0x00000000032030d0 code [0x0000000003203260, 0x0000000003203788]
Event: 1.568 Thread 0x0000000019ba6800 1516       3       java.util.Arrays::equals (78 bytes)
Event: 1.568 Thread 0x0000000019ba6800 nmethod 1516 0x00000000032028d0 code [0x0000000003202a60, 0x0000000003202f48]
Event: 1.569 Thread 0x0000000019ba6800 1515       3       java.util.Arrays::copyOfRange (11 bytes)
Event: 1.569 Thread 0x0000000019ba6800 nmethod 1515 0x0000000003202490 code [0x0000000003202600, 0x0000000003202808]
Event: 1.569 Thread 0x0000000019ba6800 1517       3       sun.invoke.util.BytecodeDescriptor::unparseSig (75 bytes)
Event: 1.570 Thread 0x0000000019ba6800 nmethod 1517 0x0000000003209d10 code [0x000000000320a000, 0x000000000320b7d8]
Event: 1.575 Thread 0x0000000019ba6800 1518   !   3       groovy.lang.GroovyClassLoader::getClassCacheEntry (34 bytes)
Event: 1.575 Thread 0x0000000019ba6800 nmethod 1518 0x000000000320c650 code [0x000000000320c7e0, 0x000000000320ccc8]

GC Heap History (10 events):
Event: 0.636 GC heap before
{Heap before GC invocations=2 (full 0):
 PSYoungGen      total 37888K, used 36963K [0x00000000d5580000, 0x00000000d7f80000, 0x0000000100000000)
  eden space 32768K, 100% used [0x00000000d5580000,0x00000000d7580000,0x00000000d7580000)
  from space 5120K, 81% used [0x00000000d7580000,0x00000000d7998c30,0x00000000d7a80000)
  to   space 5120K, 0% used [0x00000000d7a80000,0x00000000d7a80000,0x00000000d7f80000)
 ParOldGen       total 86016K, used 8K [0x0000000080000000, 0x0000000085400000, 0x00000000d5580000)
  object space 86016K, 0% used [0x0000000080000000,0x0000000080002000,0x0000000085400000)
 Metaspace       used 8380K, capacity 8544K, committed 8704K, reserved 1056768K
  class space    used 941K, capacity 984K, committed 1024K, reserved 1048576K
Event: 0.638 GC heap after
Heap after GC invocations=2 (full 0):
 PSYoungGen      total 37888K, used 4598K [0x00000000d5580000, 0x00000000d7f80000, 0x0000000100000000)
  eden space 32768K, 0% used [0x00000000d5580000,0x00000000d5580000,0x00000000d7580000)
  from space 5120K, 89% used [0x00000000d7a80000,0x00000000d7efdbc0,0x00000000d7f80000)
  to   space 5120K, 0% used [0x00000000d7580000,0x00000000d7580000,0x00000000d7a80000)
 ParOldGen       total 86016K, used 16K [0x0000000080000000, 0x0000000085400000, 0x00000000d5580000)
  object space 86016K, 0% used [0x0000000080000000,0x0000000080004000,0x0000000085400000)
 Metaspace       used 8380K, capacity 8544K, committed 8704K, reserved 1056768K
  class space    used 941K, capacity 984K, committed 1024K, reserved 1048576K
}
Event: 0.806 GC heap before
{Heap before GC invocations=3 (full 0):
 PSYoungGen      total 37888K, used 37366K [0x00000000d5580000, 0x00000000d7f80000, 0x0000000100000000)
  eden space 32768K, 100% used [0x00000000d5580000,0x00000000d7580000,0x00000000d7580000)
  from space 5120K, 89% used [0x00000000d7a80000,0x00000000d7efdbc0,0x00000000d7f80000)
  to   space 5120K, 0% used [0x00000000d7580000,0x00000000d7580000,0x00000000d7a80000)
 ParOldGen       total 86016K, used 16K [0x0000000080000000, 0x0000000085400000, 0x00000000d5580000)
  object space 86016K, 0% used [0x0000000080000000,0x0000000080004000,0x0000000085400000)
 Metaspace       used 10142K, capacity 10310K, committed 10496K, reserved 1058816K
  class space    used 1146K, capacity 1209K, committed 1280K, reserved 1048576K
Event: 0.808 GC heap after
Heap after GC invocations=3 (full 0):
 PSYoungGen      total 37888K, used 5095K [0x00000000d5580000, 0x00000000d7f80000, 0x0000000100000000)
  eden space 32768K, 0% used [0x00000000d5580000,0x00000000d5580000,0x00000000d7580000)
  from space 5120K, 99% used [0x00000000d7580000,0x00000000d7a79ce8,0x00000000d7a80000)
  to   space 5120K, 0% used [0x00000000d7a80000,0x00000000d7a80000,0x00000000d7f80000)
 ParOldGen       total 86016K, used 24K [0x0000000080000000, 0x0000000085400000, 0x00000000d5580000)
  object space 86016K, 0% used [0x0000000080000000,0x0000000080006000,0x0000000085400000)
 Metaspace       used 10142K, capacity 10310K, committed 10496K, reserved 1058816K
  class space    used 1146K, capacity 1209K, committed 1280K, reserved 1048576K
}
Event: 0.940 GC heap before
{Heap before GC invocations=4 (full 0):
 PSYoungGen      total 37888K, used 37863K [0x00000000d5580000, 0x00000000d7f80000, 0x0000000100000000)
  eden space 32768K, 100% used [0x00000000d5580000,0x00000000d7580000,0x00000000d7580000)
  from space 5120K, 99% used [0x00000000d7580000,0x00000000d7a79ce8,0x00000000d7a80000)
  to   space 5120K, 0% used [0x00000000d7a80000,0x00000000d7a80000,0x00000000d7f80000)
 ParOldGen       total 86016K, used 24K [0x0000000080000000, 0x0000000085400000, 0x00000000d5580000)
  object space 86016K, 0% used [0x0000000080000000,0x0000000080006000,0x0000000085400000)
 Metaspace       used 11249K, capacity 11436K, committed 11648K, reserved 1058816K
  class space    used 1244K, capacity 1306K, committed 1408K, reserved 1048576K
Event: 0.943 GC heap after
Heap after GC invocations=4 (full 0):
 PSYoungGen      total 37888K, used 5117K [0x00000000d5580000, 0x00000000d7f80000, 0x0000000100000000)
  eden space 32768K, 0% used [0x00000000d5580000,0x00000000d5580000,0x00000000d7580000)
  from space 5120K, 99% used [0x00000000d7a80000,0x00000000d7f7f550,0x00000000d7f80000)
  to   space 5120K, 0% used [0x00000000d7580000,0x00000000d7580000,0x00000000d7a80000)
 ParOldGen       total 86016K, used 310K [0x0000000080000000, 0x0000000085400000, 0x00000000d5580000)
  object space 86016K, 0% used [0x0000000080000000,0x000000008004d9f8,0x0000000085400000)
 Metaspace       used 11249K, capacity 11436K, committed 11648K, reserved 1058816K
  class space    used 1244K, capacity 1306K, committed 1408K, reserved 1048576K
}
Event: 1.143 GC heap before
{Heap before GC invocations=5 (full 0):
 PSYoungGen      total 37888K, used 37885K [0x00000000d5580000, 0x00000000d7f80000, 0x0000000100000000)
  eden space 32768K, 100% used [0x00000000d5580000,0x00000000d7580000,0x00000000d7580000)
  from space 5120K, 99% used [0x00000000d7a80000,0x00000000d7f7f550,0x00000000d7f80000)
  to   space 5120K, 0% used [0x00000000d7580000,0x00000000d7580000,0x00000000d7a80000)
 ParOldGen       total 86016K, used 310K [0x0000000080000000, 0x0000000085400000, 0x00000000d5580000)
  object space 86016K, 0% used [0x0000000080000000,0x000000008004d9f8,0x0000000085400000)
 Metaspace       used 13717K, capacity 13904K, committed 14080K, reserved 1062912K
  class space    used 1451K, capacity 1509K, committed 1536K, reserved 1048576K
Event: 1.147 GC heap after
Heap after GC invocations=5 (full 0):
 PSYoungGen      total 37888K, used 5118K [0x00000000d5580000, 0x00000000d7f80000, 0x0000000100000000)
  eden space 32768K, 0% used [0x00000000d5580000,0x00000000d5580000,0x00000000d7580000)
  from space 5120K, 99% used [0x00000000d7580000,0x00000000d7a7fa30,0x00000000d7a80000)
  to   space 5120K, 0% used [0x00000000d7a80000,0x00000000d7a80000,0x00000000d7f80000)
 ParOldGen       total 86016K, used 1620K [0x0000000080000000, 0x0000000085400000, 0x00000000d5580000)
  object space 86016K, 1% used [0x0000000080000000,0x0000000080195310,0x0000000085400000)
 Metaspace       used 13717K, capacity 13904K, committed 14080K, reserved 1062912K
  class space    used 1451K, capacity 1509K, committed 1536K, reserved 1048576K
}
Event: 1.366 GC heap before
{Heap before GC invocations=6 (full 0):
 PSYoungGen      total 37888K, used 37886K [0x00000000d5580000, 0x00000000d7f80000, 0x0000000100000000)
  eden space 32768K, 100% used [0x00000000d5580000,0x00000000d7580000,0x00000000d7580000)
  from space 5120K, 99% used [0x00000000d7580000,0x00000000d7a7fa30,0x00000000d7a80000)
  to   space 5120K, 0% used [0x00000000d7a80000,0x00000000d7a80000,0x00000000d7f80000)
 ParOldGen       total 86016K, used 1620K [0x0000000080000000, 0x0000000085400000, 0x00000000d5580000)
  object space 86016K, 1% used [0x0000000080000000,0x0000000080195310,0x0000000085400000)
 Metaspace       used 16455K, capacity 16720K, committed 17024K, reserved 1064960K
  class space    used 1788K, capacity 1876K, committed 1920K, reserved 1048576K
Event: 1.371 GC heap after
Heap after GC invocations=6 (full 0):
 PSYoungGen      total 37888K, used 5116K [0x00000000d5580000, 0x00000000d7f80000, 0x0000000100000000)
  eden space 32768K, 0% used [0x00000000d5580000,0x00000000d5580000,0x00000000d7580000)
  from space 5120K, 99% used [0x00000000d7a80000,0x00000000d7f7f148,0x00000000d7f80000)
  to   space 5120K, 0% used [0x00000000d7580000,0x00000000d7580000,0x00000000d7a80000)
 ParOldGen       total 86016K, used 3541K [0x0000000080000000, 0x0000000085400000, 0x00000000d5580000)
  object space 86016K, 4% used [0x0000000080000000,0x00000000803756c8,0x0000000085400000)
 Metaspace       used 16455K, capacity 16720K, committed 17024K, reserved 1064960K
  class space    used 1788K, capacity 1876K, committed 1920K, reserved 1048576K
}

Deoptimization events (10 events):
Event: 1.269 Thread 0x0000000002ad4000 Uncommon trap: reason=unstable_if action=reinterpret pc=0x0000000002d2e6a4 method=java.lang.String.regionMatches(ZILjava/lang/String;II)Z @ 123
Event: 1.269 Thread 0x0000000002ad4000 Uncommon trap: reason=unstable_if action=reinterpret pc=0x0000000002d2d78c method=java.lang.String.regionMatches(ZILjava/lang/String;II)Z @ 123
Event: 1.271 Thread 0x0000000002ad4000 Uncommon trap: reason=unstable_if action=reinterpret pc=0x0000000002f5c1a4 method=java.lang.String.lastIndexOf([CII[CIII)I @ 17
Event: 1.271 Thread 0x0000000002ad4000 Uncommon trap: reason=unstable_if action=reinterpret pc=0x0000000003130e08 method=sun.misc.MetaIndex.mayContain(Ljava/lang/String;)Z @ 38
Event: 1.274 Thread 0x0000000002ad4000 Uncommon trap: reason=unstable_if action=reinterpret pc=0x0000000002e8ebd8 method=java.net.URL.<init>(Ljava/net/URL;Ljava/lang/String;Ljava/net/URLStreamHandler;)V @ 391
Event: 1.274 Thread 0x0000000002ad4000 Uncommon trap: reason=unstable_if action=reinterpret pc=0x0000000002e6ef30 method=java.util.BitSet.get(I)Z @ 60
Event: 1.477 Thread 0x0000000002ad4000 Uncommon trap: reason=class_check action=maybe_recompile pc=0x0000000002e019a8 method=java.io.BufferedInputStream.read([BII)I @ 101
Event: 1.485 Thread 0x0000000002ad4000 Uncommon trap: reason=unstable_if action=reinterpret pc=0x0000000002e017e4 method=java.io.DataInputStream.readUTF(Ljava/io/DataInput;)Ljava/lang/String; @ 31
Event: 1.497 Thread 0x0000000002ad4000 Uncommon trap: reason=unstable_if action=reinterpret pc=0x0000000002ed97a4 method=sun.misc.URLClassPath$FileLoader.getResource(Ljava/lang/String;Z)Lsun/misc/Resource; @ 139
Event: 1.502 Thread 0x0000000002ad4000 Uncommon trap: reason=unstable_if action=reinterpret pc=0x0000000002edcfe4 method=java.io.WinNTFileSystem.prefixLength(Ljava/lang/String;)I @ 42

Classes redefined (0 events):
No events

Internal exceptions (10 events):
Event: 1.289 Thread 0x0000000002ad4000 Exception <a 'java/lang/ClassNotFoundException': sun/net/www/protocol/d/Handler> (0x00000000d6753e38) thrown at [C:\re\workspace\8-2-build-windows-amd64-cygwin\jdk8u181\11358\hotspot\src\share\vm\classfile\systemDictionary.cpp, line 210]
Event: 1.289 Thread 0x0000000002ad4000 Exception <a 'java/lang/ClassNotFoundException': sun/net/www/protocol/d/Handler> (0x00000000d676f478) thrown at [C:\re\workspace\8-2-build-windows-amd64-cygwin\jdk8u181\11358\hotspot\src\share\vm\classfile\systemDictionary.cpp, line 210]
Event: 1.289 Thread 0x0000000002ad4000 Exception <a 'java/lang/ClassNotFoundException': sun/net/www/protocol/d/Handler> (0x00000000d678aa58) thrown at [C:\re\workspace\8-2-build-windows-amd64-cygwin\jdk8u181\11358\hotspot\src\share\vm\classfile\systemDictionary.cpp, line 210]
Event: 1.290 Thread 0x0000000002ad4000 Exception <a 'java/lang/ClassNotFoundException': sun/net/www/protocol/d/Handler> (0x00000000d67a6020) thrown at [C:\re\workspace\8-2-build-windows-amd64-cygwin\jdk8u181\11358\hotspot\src\share\vm\classfile\systemDictionary.cpp, line 210]
Event: 1.290 Thread 0x0000000002ad4000 Exception <a 'java/lang/ClassNotFoundException': sun/net/www/protocol/d/Handler> (0x00000000d67c1618) thrown at [C:\re\workspace\8-2-build-windows-amd64-cygwin\jdk8u181\11358\hotspot\src\share\vm\classfile\systemDictionary.cpp, line 210]
Event: 1.291 Thread 0x0000000002ad4000 Exception <a 'java/lang/ClassNotFoundException': sun/net/www/protocol/d/Handler> (0x00000000d67dcc88) thrown at [C:\re\workspace\8-2-build-windows-amd64-cygwin\jdk8u181\11358\hotspot\src\share\vm\classfile\systemDictionary.cpp, line 210]
Event: 1.513 Thread 0x0000000002ad4000 Exception <a 'java/lang/ClassNotFoundException': CustomKeywordsBeanInfo> (0x00000000d6a14528) thrown at [C:\re\workspace\8-2-build-windows-amd64-cygwin\jdk8u181\11358\hotspot\src\share\vm\classfile\systemDictionary.cpp, line 210]
Event: 1.515 Thread 0x0000000002ad4000 Exception <a 'java/lang/ClassNotFoundException': CustomKeywordsCustomizer> (0x00000000d6a91670) thrown at [C:\re\workspace\8-2-build-windows-amd64-cygwin\jdk8u181\11358\hotspot\src\share\vm\classfile\systemDictionary.cpp, line 210]
Event: 1.574 Thread 0x0000000002ad4000 Exception <a 'java/lang/ClassNotFoundException': com/kms/katalon/core/ast/RequireAstTestStepTransformationBeanInfo> (0x00000000d7239800) thrown at [C:\re\workspace\8-2-build-windows-amd64-cygwin\jdk8u181\11358\hotspot\src\share\vm\classfile\systemDictiona
Event: 1.576 Thread 0x0000000002ad4000 Exception <a 'java/lang/ClassNotFoundException': com/kms/katalon/core/ast/RequireAstTestStepTransformationCustomizer> (0x00000000d72d4a70) thrown at [C:\re\workspace\8-2-build-windows-amd64-cygwin\jdk8u181\11358\hotspot\src\share\vm\classfile\systemDictio

Events (10 events):
Event: 1.573 loading class com/kms/katalon/core/ast/RequireAstTestStepTransformationBeanInfo
Event: 1.573 loading class com/kms/katalon/core/ast/RequireAstTestStepTransformationBeanInfo done
Event: 1.574 loading class com/kms/katalon/core/ast/RequireAstTestStepTransformationBeanInfo
Event: 1.574 loading class com/kms/katalon/core/ast/RequireAstTestStepTransformationBeanInfo done
Event: 1.575 loading class com/kms/katalon/core/ast/RequireAstTestStepTransformationCustomizer
Event: 1.575 loading class com/kms/katalon/core/ast/RequireAstTestStepTransformationCustomizer done
Event: 1.575 loading class com/kms/katalon/core/ast/RequireAstTestStepTransformationCustomizer
Event: 1.575 loading class com/kms/katalon/core/ast/RequireAstTestStepTransformationCustomizer done
Event: 1.576 loading class com/kms/katalon/core/ast/RequireAstTestStepTransformationCustomizer
Event: 1.576 loading class com/kms/katalon/core/ast/RequireAstTestStepTransformationCustomizer done


Dynamic libraries:
0x00007ff622b60000 - 0x00007ff622b97000 	D:\Utilisateurs\samandari\QA\Outils\Katalon_Studio_Windows_64-7.7.1\jre\bin\javaw.exe
0x00007ff92d070000 - 0x00007ff92d265000 	C:\WINDOWS\SYSTEM32\ntdll.dll
0x00007ff92cd40000 - 0x00007ff92cdfe000 	C:\WINDOWS\System32\KERNEL32.DLL
0x00007ff92a8b0000 - 0x00007ff92ab78000 	C:\WINDOWS\System32\KERNELBASE.dll
0x00007ff92b180000 - 0x00007ff92b22e000 	C:\WINDOWS\System32\ADVAPI32.dll
0x00007ff92b2f0000 - 0x00007ff92b38e000 	C:\WINDOWS\System32\msvcrt.dll
0x00007ff92cca0000 - 0x00007ff92cd3c000 	C:\WINDOWS\System32\sechost.dll
0x00007ff92cf00000 - 0x00007ff92d025000 	C:\WINDOWS\System32\RPCRT4.dll
0x00007ff92c940000 - 0x00007ff92cae0000 	C:\WINDOWS\System32\USER32.dll
0x00007ff92a880000 - 0x00007ff92a8a2000 	C:\WINDOWS\System32\win32u.dll
0x00007ff92cae0000 - 0x00007ff92cb0b000 	C:\WINDOWS\System32\GDI32.dll
0x00007ff92af00000 - 0x00007ff92b00d000 	C:\WINDOWS\System32\gdi32full.dll
0x00007ff92ab80000 - 0x00007ff92ac1d000 	C:\WINDOWS\System32\msvcp_win.dll
0x00007ff92a780000 - 0x00007ff92a880000 	C:\WINDOWS\System32\ucrtbase.dll
0x00007ff91c5d0000 - 0x00007ff91c86a000 	C:\WINDOWS\WinSxS\amd64_microsoft.windows.common-controls_6595b64144ccf1df_6.0.19041.1110_none_60b5254171f9507e\COMCTL32.dll
0x00007ff92ced0000 - 0x00007ff92cf00000 	C:\WINDOWS\System32\IMM32.DLL
0x000000005ef20000 - 0x000000005eff2000 	D:\Utilisateurs\samandari\QA\Outils\Katalon_Studio_Windows_64-7.7.1\jre\bin\msvcr100.dll
0x000000005fe60000 - 0x0000000060702000 	D:\Utilisateurs\samandari\QA\Outils\Katalon_Studio_Windows_64-7.7.1\jre\bin\server\jvm.dll
0x00007ff92b170000 - 0x00007ff92b178000 	C:\WINDOWS\System32\PSAPI.DLL
0x00007ff91b890000 - 0x00007ff91b8b7000 	C:\WINDOWS\SYSTEM32\WINMM.dll
0x00007ff912fc0000 - 0x00007ff912fc9000 	C:\WINDOWS\SYSTEM32\WSOCK32.dll
0x00007ff9206e0000 - 0x00007ff9206ea000 	C:\WINDOWS\SYSTEM32\VERSION.dll
0x00007ff92ce60000 - 0x00007ff92cecb000 	C:\WINDOWS\System32\WS2_32.dll
0x000000005fd70000 - 0x000000005fd7f000 	D:\Utilisateurs\samandari\QA\Outils\Katalon_Studio_Windows_64-7.7.1\jre\bin\verify.dll
0x000000005fd40000 - 0x000000005fd69000 	D:\Utilisateurs\samandari\QA\Outils\Katalon_Studio_Windows_64-7.7.1\jre\bin\java.dll
0x000000005fd20000 - 0x000000005fd36000 	D:\Utilisateurs\samandari\QA\Outils\Katalon_Studio_Windows_64-7.7.1\jre\bin\zip.dll
0x00007ff92bbb0000 - 0x00007ff92c2f4000 	C:\WINDOWS\System32\SHELL32.dll
0x00007ff928890000 - 0x00007ff929024000 	C:\WINDOWS\SYSTEM32\windows.storage.dll
0x00007ff92b5b0000 - 0x00007ff92b905000 	C:\WINDOWS\System32\combase.dll
0x00007ff92a1d0000 - 0x00007ff92a1fe000 	C:\WINDOWS\SYSTEM32\Wldp.dll
0x00007ff92b0c0000 - 0x00007ff92b16d000 	C:\WINDOWS\System32\SHCORE.dll
0x00007ff92b470000 - 0x00007ff92b4c5000 	C:\WINDOWS\System32\shlwapi.dll
0x00007ff92a6c0000 - 0x00007ff92a6df000 	C:\WINDOWS\SYSTEM32\profapi.dll
0x000000005fd00000 - 0x000000005fd1a000 	D:\Utilisateurs\samandari\QA\Outils\Katalon_Studio_Windows_64-7.7.1\jre\bin\net.dll
0x00007ff929ee0000 - 0x00007ff929f4a000 	C:\WINDOWS\system32\mswsock.dll
0x000000005fce0000 - 0x000000005fcf1000 	D:\Utilisateurs\samandari\QA\Outils\Katalon_Studio_Windows_64-7.7.1\jre\bin\nio.dll

VM Arguments:
jvm_args: -Dgroovy.home=D:\Utilisateurs\samandari/.groovy -Djava.system.class.loader=groovy.lang.GroovyClassLoader -Xmx2048m -Dfile.encoding=UTF-8 
java_command: org.codehaus.groovy.tools.GroovyStarter --classpath D:\Utilisateurs\samandari\QA\PROJET AUTOMATISATION\USSD\USSD TELMA\bin\keyword;D:\Utilisateurs\samandari\QA\PROJET AUTOMATISATION\USSD\USSD TELMA\Keywords;D:\Utilisateurs\samandari\QA\PROJET AUTOMATISATION\USSD\USSD TELMA\bin\listener;D:\Utilisateurs\samandari\QA\PROJET AUTOMATISATION\USSD\USSD TELMA\Test Listeners;D:\Utilisateurs\samandari\QA\PROJET AUTOMATISATION\USSD\USSD TELMA\bin\lib;D:\Utilisateurs\samandari\QA\PROJET AUTOMATISATION\USSD\USSD TELMA\Libs;D:\Utilisateurs\samandari\QA\PROJET AUTOMATISATION\USSD\USSD TELMA\bin\groovy;D:\Utilisateurs\samandari\QA\PROJET AUTOMATISATION\USSD\USSD TELMA\Include\scripts\groovy;D:\Utilisateurs\samandari\QA\Outils\Katalon_Studio_Windows_64-7.7.1\plugins\com.kms.katalon.core_1.0.0.202106150524.jar;D:\Utilisateurs\samandari\QA\Outils\Katalon_Studio_Windows_64-7.7.1\configuration\resources\lib\aalto-xml-1.0.0.jar;D:\Utilisateurs\samandari\QA\Outils\Katalon_Studio_Windows_64-7.7.1\configuration\resources\lib\aspectjweaver-1.9.1.jar;D:\Utilisateurs\samandari\QA\Outils\Katalon_Studio_Windows_64-7.7.1\configuration\resources\lib\bcpkix-jdk15on-1.64.jar;D:\Utilisateurs\samandari\QA\Outils\Katalon_Studio_Windows_64-7.7.1\configuration\resources\lib\bcprov-jdk15on-1.64.jar;D:\Utilisateurs\samandari\QA\Outils\Katalon_Studio_Windows_64-7.7.1\configuration\resources\lib\browsermob-core-2.1.5.jar;D:\Utilisateurs\samandari\QA\Outils\Katalon_Studio_Windows_64-7.7.1\configuration\resources\lib\cglib-3.2.10.jar;D:\Utilisateurs\samandari\QA\Outils\Katalon_Studio_Windows_64-7.7.1\configuration\resources\lib\commons-codec-1.10.jar;D:\Utilisateurs\samandari\QA\Outils\Katalon_Studio_Windows_64-7.7.1\configuration\resources\lib\commons-collections4-4.1.jar;D:\Utilisateurs\samandari\QA\Outils\Katalon_Studio_Windows_64-7.7.1\configuration\resources\lib\commons-validator-1.6.jar;D:\Utilisateurs\samandari\QA\Outils\Katalon_Studio_Windows_64-7.7.1\configuration\resources\lib\curvesa
java_class_path (initial): D:\Utilisateurs\samandari\QA\PROJET AUTOMATISATION\USSD\USSD TELMA\bin\keyword;D:\Utilisateurs\samandari\QA\PROJET AUTOMATISATION\USSD\USSD TELMA\bin\listener;D:\Utilisateurs\samandari\QA\PROJET AUTOMATISATION\USSD\USSD TELMA\bin\lib;D:\Utilisateurs\samandari\QA\PROJET AUTOMATISATION\USSD\USSD TELMA\bin\groovy;D:\Utilisateurs\samandari\QA\PROJET AUTOMATISATION\USSD\USSD TELMA\bin;D:\Utilisateurs\samandari\QA\Outils\Katalon_Studio_Windows_64-7.7.1\plugins\com.kms.katalon.core_1.0.0.202106150524.jar;D:\Utilisateurs\samandari\QA\Outils\Katalon_Studio_Windows_64-7.7.1\configuration\resources\lib\aalto-xml-1.0.0.jar;D:\Utilisateurs\samandari\QA\Outils\Katalon_Studio_Windows_64-7.7.1\configuration\resources\lib\aspectjweaver-1.9.1.jar;D:\Utilisateurs\samandari\QA\Outils\Katalon_Studio_Windows_64-7.7.1\configuration\resources\lib\bcpkix-jdk15on-1.64.jar;D:\Utilisateurs\samandari\QA\Outils\Katalon_Studio_Windows_64-7.7.1\configuration\resources\lib\bcprov-jdk15on-1.64.jar;D:\Utilisateurs\samandari\QA\Outils\Katalon_Studio_Windows_64-7.7.1\configuration\resources\lib\browsermob-core-2.1.5.jar;D:\Utilisateurs\samandari\QA\Outils\Katalon_Studio_Windows_64-7.7.1\configuration\resources\lib\cglib-3.2.10.jar;D:\Utilisateurs\samandari\QA\Outils\Katalon_Studio_Windows_64-7.7.1\configuration\resources\lib\commons-codec-1.10.jar;D:\Utilisateurs\samandari\QA\Outils\Katalon_Studio_Windows_64-7.7.1\configuration\resources\lib\commons-collections4-4.1.jar;D:\Utilisateurs\samandari\QA\Outils\Katalon_Studio_Windows_64-7.7.1\configuration\resources\lib\commons-validator-1.6.jar;D:\Utilisateurs\samandari\QA\Outils\Katalon_Studio_Windows_64-7.7.1\configuration\resources\lib\curvesapi-1.04.jar;D:\Utilisateurs\samandari\QA\Outils\Katalon_Studio_Windows_64-7.7.1\configuration\resources\lib\dnsjava-2.1.8.jar;D:\Utilisateurs\samandari\QA\Outils\Katalon_Studio_Windows_64-7.7.1\configuration\resources\lib\java-client-7.0.0.jar;D:\Utilisateurs\samandari\QA\Outils\Katalon_
Launcher Type: SUN_STANDARD

Environment Variables:
JAVA_HOME=C:\Program Files\Java\jdk1.8.0_281
PATH=D:/Utilisateurs/samandari/QA/Outils/Katalon_Studio_Windows_64-7.7.1/jre/bin/server;D:/Utilisateurs/samandari/QA/Outils/Katalon_Studio_Windows_64-7.7.1/jre/bin;D:/Utilisateurs/samandari/QA/Outils/Katalon_Studio_Windows_64-7.7.1/jre/lib/amd64;C:\Program Files (x86)\Common Files\Oracle\Java\javapath;C:\ProgramData\Oracle\Java\javapath;C:\Python27\;C:\Python27\Scripts;C:\WINDOWS\system32;C:\WINDOWS;C:\WINDOWS\System32\Wbem;C:\WINDOWS\System32\WindowsPowerShell\v1.0\;C:\Program Files\PuTTY\;C:\Program Files\Git\cmd;C:\ProgramData\chocolatey\bin;C:\Program Files\Java\jdk1.8.0_281\bin;C:\Program Files\nodejs\;D:\Utilisateurs\samandari\AppData\Local\Microsoft\WindowsApps;D:\Utilisateurs\samandari\AppData\Roaming\npm;;D:\Utilisateurs\samandari\QA\Outils\Katalon_Studio_Windows_64-7.7.1;
USERNAME=samandari
OS=Windows_NT
PROCESSOR_IDENTIFIER=Intel64 Family 6 Model 158 Stepping 10, GenuineIntel



---------------  S Y S T E M  ---------------

OS: Windows 10.0 , 64 bit Build 19041 (10.0.19041.1503)

CPU:total 6 (initial active 6) (6 cores per cpu, 1 threads per core) family 6 model 158 stepping 10, cmov, cx8, fxsr, mmx, sse, sse2, sse3, ssse3, sse4.1, sse4.2, popcnt, avx, avx2, aes, clmul, erms, rtm, 3dnowpref, lzcnt, tsc, tscinvbit, bmi1, bmi2, adx

Memory: 4k page, physical 8236320k(840340k free), swap 20649280k(5768k free)

vm_info: Java HotSpot(TM) 64-Bit Server VM (25.181-b13) for windows-amd64 JRE (1.8.0_181-b13), built on Jul  7 2018 04:01:33 by "java_re" with MS VC++ 10.0 (VS2010)

time: Thu Feb 24 15:51:11 2022
elapsed time: 1 seconds (0d 0h 0m 1s)

