#
# There is insufficient memory for the Java Runtime Environment to continue.
# Native memory allocation (malloc) failed to allocate 1073776 bytes for Chunk::new
# Possible reasons:
#   The system is out of physical RAM or swap space
#   In 32 bit mode, the process size limit was hit
# Possible solutions:
#   Reduce memory load on the system
#   Increase physical memory or swap space
#   Check if swap backing store is full
#   Use 64 bit Java on a 64 bit OS
#   Decrease Java heap size (-Xmx/-Xms)
#   Decrease number of Java threads
#   Decrease Java thread stack sizes (-Xss)
#   Set larger code cache with -XX:ReservedCodeCacheSize=
# This output file may be truncated or incomplete.
#
#  Out of Memory Error (allocation.cpp:390), pid=12228, tid=0x0000000000002cac
#
# JRE version: Java(TM) SE Runtime Environment (8.0_181-b13) (build 1.8.0_181-b13)
# Java VM: Java HotSpot(TM) 64-Bit Server VM (25.181-b13 mixed mode windows-amd64 compressed oops)
# Failed to write core dump. Minidumps are not enabled by default on client versions of Windows
#

---------------  T H R E A D  ---------------

Current thread (0x0000000019e2d800):  JavaThread "C2 CompilerThread1" daemon [_thread_in_native, id=11436, stack(0x000000001a6a0000,0x000000001a7a0000)]

Stack: [0x000000001a6a0000,0x000000001a7a0000]
[error occurred during error reporting (printing stack bounds), id 0xc0000005]

Native frames: (J=compiled Java code, j=interpreted, Vv=VM code, C=native code)


Current CompileTask:
C2:   4438 2802       4       java.io.WinNTFileSystem::normalize (143 bytes)


---------------  P R O C E S S  ---------------

Java Threads: ( => current thread )
  0x0000000019ed0800 JavaThread "Service Thread" daemon [_thread_blocked, id=19072, stack(0x000000001a8a0000,0x000000001a9a0000)]
  0x0000000019e34000 JavaThread "C1 CompilerThread2" daemon [_thread_blocked, id=15168, stack(0x000000001a7a0000,0x000000001a8a0000)]
=>0x0000000019e2d800 JavaThread "C2 CompilerThread1" daemon [_thread_in_native, id=11436, stack(0x000000001a6a0000,0x000000001a7a0000)]
  0x0000000019e2d000 JavaThread "C2 CompilerThread0" daemon [_thread_blocked, id=3828, stack(0x000000001a5a0000,0x000000001a6a0000)]
  0x0000000019e0d000 JavaThread "Attach Listener" daemon [_thread_blocked, id=8708, stack(0x000000001a4a0000,0x000000001a5a0000)]
  0x0000000019ce8000 JavaThread "Signal Dispatcher" daemon [_thread_blocked, id=6352, stack(0x000000001a3a0000,0x000000001a4a0000)]
  0x0000000017ccd800 JavaThread "Finalizer" daemon [_thread_blocked, id=16680, stack(0x0000000019570000,0x0000000019670000)]
  0x0000000017cc4800 JavaThread "Reference Handler" daemon [_thread_blocked, id=6776, stack(0x0000000019470000,0x0000000019570000)]
  0x0000000002d84000 JavaThread "main" [_thread_in_native, id=10692, stack(0x0000000002c70000,0x0000000002d70000)]

Other Threads:
  0x0000000017c9e000 VMThread [stack: 0x0000000019370000,0x0000000019470000] [id=18976]
  0x0000000019e61000 WatcherThread [stack: 0x000000001a9a0000,0x000000001aaa0000] [id=10608]

VM state:not at safepoint (normal execution)

VM Mutex/Monitor currently owned by a thread: None

Heap:
 PSYoungGen      total 262656K, used 47475K [0x00000000d5580000, 0x00000000e7a80000, 0x0000000100000000)
  eden space 252928K, 14% used [0x00000000d5580000,0x00000000d7a5fb90,0x00000000e4c80000)
  from space 9728K, 99% used [0x00000000e4c80000,0x00000000e55fd468,0x00000000e5600000)
  to   space 11776K, 0% used [0x00000000e6f00000,0x00000000e6f00000,0x00000000e7a80000)
 ParOldGen       total 56320K, used 10771K [0x0000000080000000, 0x0000000083700000, 0x00000000d5580000)
  object space 56320K, 19% used [0x0000000080000000,0x0000000080a84e40,0x0000000083700000)
 Metaspace       used 28050K, capacity 28590K, committed 28800K, reserved 1075200K
  class space    used 3172K, capacity 3383K, committed 3456K, reserved 1048576K

Card table byte_map: [0x0000000012230000,0x0000000012640000] byte_map_base: 0x0000000011e30000

Marking Bits: (ParMarkBitMap*) 0x0000000065242d00
 Begin Bits: [0x0000000012ef0000, 0x0000000014ef0000)
 End Bits:   [0x0000000014ef0000, 0x0000000016ef0000)

Polling page: 0x0000000001280000

CodeCache: size=245760Kb used=11828Kb max_used=11842Kb free=233931Kb
 bounds [0x0000000002e70000, 0x0000000003a10000, 0x0000000011e70000]
 total_blobs=3482 nmethods=2806 adapters=587
 compilation: enabled

Compilation events (10 events):
Event: 4.415 Thread 0x0000000019e34000 nmethod 2810% 0x00000000039ebb10 code [0x00000000039ec4e0, 0x00000000039f3108]
Event: 4.415 Thread 0x0000000019e34000 2811       3       java.nio.Buffer::hasRemaining (17 bytes)
Event: 4.415 Thread 0x0000000019e34000 nmethod 2811 0x00000000039e6510 code [0x00000000039e6660, 0x00000000039e6810]
Event: 4.419 Thread 0x0000000019e34000 2812       3       sun.nio.cs.ISO_8859_1$Encoder::encode (145 bytes)
Event: 4.419 Thread 0x0000000019e34000 nmethod 2812 0x00000000039e5750 code [0x00000000039e5920, 0x00000000039e61a8]
Event: 4.422 Thread 0x0000000019e2d000 nmethod 2763 0x00000000039fefd0 code [0x00000000039ff480, 0x0000000003a02c98]
Event: 4.422 Thread 0x0000000019e2d000 2809   !   4       java.util.zip.ZipFile$ZipFileInflaterInputStream::close (67 bytes)
Event: 4.430 Thread 0x0000000019e2d000 nmethod 2809 0x00000000039f95d0 code [0x00000000039f97a0, 0x00000000039fa700]
Event: 4.430 Thread 0x0000000019e2d000 2813   !   4       java.security.cert.Certificate::equals (38 bytes)
Event: 4.431 Thread 0x0000000019e2d000 nmethod 2813 0x00000000039f90d0 code [0x00000000039f9220, 0x00000000039f9438]

GC Heap History (10 events):
Event: 1.794 GC heap before
{Heap before GC invocations=6 (full 0):
 PSYoungGen      total 70656K, used 70652K [0x00000000d5580000, 0x00000000de580000, 0x0000000100000000)
  eden space 65536K, 100% used [0x00000000d5580000,0x00000000d9580000,0x00000000d9580000)
  from space 5120K, 99% used [0x00000000d9580000,0x00000000d9a7f320,0x00000000d9a80000)
  to   space 8192K, 0% used [0x00000000ddd80000,0x00000000ddd80000,0x00000000de580000)
 ParOldGen       total 86016K, used 3502K [0x0000000080000000, 0x0000000085400000, 0x00000000d5580000)
  object space 86016K, 4% used [0x0000000080000000,0x000000008036b898,0x0000000085400000)
 Metaspace       used 20099K, capacity 20454K, committed 20608K, reserved 1067008K
  class space    used 2253K, capacity 2393K, committed 2432K, reserved 1048576K
Event: 1.799 GC heap after
Heap after GC invocations=6 (full 0):
 PSYoungGen      total 137728K, used 8182K [0x00000000d5580000, 0x00000000de880000, 0x0000000100000000)
  eden space 129536K, 0% used [0x00000000d5580000,0x00000000d5580000,0x00000000dd400000)
  from space 8192K, 99% used [0x00000000ddd80000,0x00000000de57d928,0x00000000de580000)
  to   space 9728K, 0% used [0x00000000dd400000,0x00000000dd400000,0x00000000ddd80000)
 ParOldGen       total 86016K, used 4188K [0x0000000080000000, 0x0000000085400000, 0x00000000d5580000)
  object space 86016K, 4% used [0x0000000080000000,0x0000000080417148,0x0000000085400000)
 Metaspace       used 20099K, capacity 20454K, committed 20608K, reserved 1067008K
  class space    used 2253K, capacity 2393K, committed 2432K, reserved 1048576K
}
Event: 1.855 GC heap before
{Heap before GC invocations=7 (full 0):
 PSYoungGen      total 137728K, used 28891K [0x00000000d5580000, 0x00000000de880000, 0x0000000100000000)
  eden space 129536K, 15% used [0x00000000d5580000,0x00000000d69b95e8,0x00000000dd400000)
  from space 8192K, 99% used [0x00000000ddd80000,0x00000000de57d928,0x00000000de580000)
  to   space 9728K, 0% used [0x00000000dd400000,0x00000000dd400000,0x00000000ddd80000)
 ParOldGen       total 86016K, used 4188K [0x0000000080000000, 0x0000000085400000, 0x00000000d5580000)
  object space 86016K, 4% used [0x0000000080000000,0x0000000080417148,0x0000000085400000)
 Metaspace       used 20827K, capacity 21130K, committed 21296K, reserved 1069056K
  class space    used 2334K, capacity 2427K, committed 2432K, reserved 1048576K
Event: 1.860 GC heap after
Heap after GC invocations=7 (full 0):
 PSYoungGen      total 139264K, used 4176K [0x00000000d5580000, 0x00000000e6580000, 0x0000000100000000)
  eden space 129536K, 0% used [0x00000000d5580000,0x00000000d5580000,0x00000000dd400000)
  from space 9728K, 42% used [0x00000000dd400000,0x00000000dd814010,0x00000000ddd80000)
  to   space 9728K, 0% used [0x00000000e5c00000,0x00000000e5c00000,0x00000000e6580000)
 ParOldGen       total 86016K, used 7422K [0x0000000080000000, 0x0000000085400000, 0x00000000d5580000)
  object space 86016K, 8% used [0x0000000080000000,0x000000008073f9c0,0x0000000085400000)
 Metaspace       used 20827K, capacity 21130K, committed 21296K, reserved 1069056K
  class space    used 2334K, capacity 2427K, committed 2432K, reserved 1048576K
}
Event: 1.860 GC heap before
{Heap before GC invocations=8 (full 1):
 PSYoungGen      total 139264K, used 4176K [0x00000000d5580000, 0x00000000e6580000, 0x0000000100000000)
  eden space 129536K, 0% used [0x00000000d5580000,0x00000000d5580000,0x00000000dd400000)
  from space 9728K, 42% used [0x00000000dd400000,0x00000000dd814010,0x00000000ddd80000)
  to   space 9728K, 0% used [0x00000000e5c00000,0x00000000e5c00000,0x00000000e6580000)
 ParOldGen       total 86016K, used 7422K [0x0000000080000000, 0x0000000085400000, 0x00000000d5580000)
  object space 86016K, 8% used [0x0000000080000000,0x000000008073f9c0,0x0000000085400000)
 Metaspace       used 20827K, capacity 21130K, committed 21296K, reserved 1069056K
  class space    used 2334K, capacity 2427K, committed 2432K, reserved 1048576K
Event: 1.890 GC heap after
Heap after GC invocations=8 (full 1):
 PSYoungGen      total 139264K, used 0K [0x00000000d5580000, 0x00000000e6580000, 0x0000000100000000)
  eden space 129536K, 0% used [0x00000000d5580000,0x00000000d5580000,0x00000000dd400000)
  from space 9728K, 0% used [0x00000000dd400000,0x00000000dd400000,0x00000000ddd80000)
  to   space 9728K, 0% used [0x00000000e5c00000,0x00000000e5c00000,0x00000000e6580000)
 ParOldGen       total 56320K, used 8570K [0x0000000080000000, 0x0000000083700000, 0x00000000d5580000)
  object space 56320K, 15% used [0x0000000080000000,0x000000008085e828,0x0000000083700000)
 Metaspace       used 20827K, capacity 21130K, committed 21296K, reserved 1069056K
  class space    used 2334K, capacity 2427K, committed 2432K, reserved 1048576K
}
Event: 2.441 GC heap before
{Heap before GC invocations=9 (full 1):
 PSYoungGen      total 139264K, used 129536K [0x00000000d5580000, 0x00000000e6580000, 0x0000000100000000)
  eden space 129536K, 100% used [0x00000000d5580000,0x00000000dd400000,0x00000000dd400000)
  from space 9728K, 0% used [0x00000000dd400000,0x00000000dd400000,0x00000000ddd80000)
  to   space 9728K, 0% used [0x00000000e5c00000,0x00000000e5c00000,0x00000000e6580000)
 ParOldGen       total 56320K, used 8570K [0x0000000080000000, 0x0000000083700000, 0x00000000d5580000)
  object space 56320K, 15% used [0x0000000080000000,0x000000008085e828,0x0000000083700000)
 Metaspace       used 21734K, capacity 22194K, committed 22320K, reserved 1069056K
  class space    used 2421K, capacity 2566K, committed 2688K, reserved 1048576K
Event: 2.444 GC heap after
Heap after GC invocations=9 (full 1):
 PSYoungGen      total 210944K, used 3168K [0x00000000d5580000, 0x00000000e5f80000, 0x0000000100000000)
  eden space 207360K, 0% used [0x00000000d5580000,0x00000000d5580000,0x00000000e2000000)
  from space 3584K, 88% used [0x00000000e5c00000,0x00000000e5f18150,0x00000000e5f80000)
  to   space 9728K, 0% used [0x00000000e4c80000,0x00000000e4c80000,0x00000000e5600000)
 ParOldGen       total 56320K, used 8570K [0x0000000080000000, 0x0000000083700000, 0x00000000d5580000)
  object space 56320K, 15% used [0x0000000080000000,0x000000008085e828,0x0000000083700000)
 Metaspace       used 21734K, capacity 22194K, committed 22320K, reserved 1069056K
  class space    used 2421K, capacity 2566K, committed 2688K, reserved 1048576K
}
Event: 3.299 GC heap before
{Heap before GC invocations=10 (full 1):
 PSYoungGen      total 210944K, used 210528K [0x00000000d5580000, 0x00000000e5f80000, 0x0000000100000000)
  eden space 207360K, 100% used [0x00000000d5580000,0x00000000e2000000,0x00000000e2000000)
  from space 3584K, 88% used [0x00000000e5c00000,0x00000000e5f18150,0x00000000e5f80000)
  to   space 9728K, 0% used [0x00000000e4c80000,0x00000000e4c80000,0x00000000e5600000)
 ParOldGen       total 56320K, used 8570K [0x0000000080000000, 0x0000000083700000, 0x00000000d5580000)
  object space 56320K, 15% used [0x0000000080000000,0x000000008085e828,0x0000000083700000)
 Metaspace       used 26098K, capacity 26600K, committed 26880K, reserved 1073152K
  class space    used 2901K, capacity 3048K, committed 3072K, reserved 1048576K
Event: 3.306 GC heap after
Heap after GC invocations=10 (full 1):
 PSYoungGen      total 262656K, used 9717K [0x00000000d5580000, 0x00000000e7a80000, 0x0000000100000000)
  eden space 252928K, 0% used [0x00000000d5580000,0x00000000d5580000,0x00000000e4c80000)
  from space 9728K, 99% used [0x00000000e4c80000,0x00000000e55fd468,0x00000000e5600000)
  to   space 11776K, 0% used [0x00000000e6f00000,0x00000000e6f00000,0x00000000e7a80000)
 ParOldGen       total 56320K, used 10771K [0x0000000080000000, 0x0000000083700000, 0x00000000d5580000)
  object space 56320K, 19% used [0x0000000080000000,0x0000000080a84e40,0x0000000083700000)
 Metaspace       used 26098K, capacity 26600K, committed 26880K, reserved 1073152K
  class space    used 2901K, capacity 3048K, committed 3072K, reserved 1048576K
}

Deoptimization events (10 events):
Event: 3.802 Thread 0x0000000002d84000 Uncommon trap: reason=unstable_if action=reinterpret pc=0x00000000037da0e8 method=java.io.WinNTFileSystem.normalize(Ljava/lang/String;)Ljava/lang/String; @ 128
Event: 3.807 Thread 0x0000000002d84000 Uncommon trap: reason=unstable_if action=reinterpret pc=0x00000000034de21c method=java.util.zip.ZipFile$ZipEntryIterator.hasNext()Z @ 25
Event: 3.808 Thread 0x0000000002d84000 Uncommon trap: reason=bimorphic action=maybe_recompile pc=0x0000000003498454 method=java.net.URL.<init>(Ljava/net/URL;Ljava/lang/String;Ljava/net/URLStreamHandler;)V @ 504
Event: 3.813 Thread 0x0000000002d84000 Uncommon trap: reason=class_check action=maybe_recompile pc=0x00000000033bf994 method=java.util.jar.JarFile.getJarEntry(Ljava/lang/String;)Ljava/util/jar/JarEntry; @ 2
Event: 3.815 Thread 0x0000000002d84000 Uncommon trap: reason=class_check action=maybe_recompile pc=0x00000000033bf994 method=java.util.jar.JarFile.getJarEntry(Ljava/lang/String;)Ljava/util/jar/JarEntry; @ 2
Event: 3.815 Thread 0x0000000002d84000 Uncommon trap: reason=class_check action=maybe_recompile pc=0x00000000033bf994 method=java.util.jar.JarFile.getJarEntry(Ljava/lang/String;)Ljava/util/jar/JarEntry; @ 2
Event: 3.816 Thread 0x0000000002d84000 Uncommon trap: reason=class_check action=maybe_recompile pc=0x00000000033bf994 method=java.util.jar.JarFile.getJarEntry(Ljava/lang/String;)Ljava/util/jar/JarEntry; @ 2
Event: 4.351 Thread 0x0000000002d84000 Uncommon trap: reason=bimorphic action=maybe_recompile pc=0x0000000003498454 method=java.net.URL.<init>(Ljava/net/URL;Ljava/lang/String;Ljava/net/URLStreamHandler;)V @ 504
Event: 4.351 Thread 0x0000000002d84000 Uncommon trap: reason=unstable_if action=reinterpret pc=0x00000000031984cc method=java.net.URLStreamHandler.parseURL(Ljava/net/URL;Ljava/lang/String;II)V @ 84
Event: 4.351 Thread 0x0000000002d84000 Uncommon trap: reason=unstable_if action=reinterpret pc=0x0000000003118eec method=java.net.URL.set(Ljava/lang/String;Ljava/lang/String;ILjava/lang/String;Ljava/lang/String;Ljava/lang/String;Ljava/lang/String;Ljava/lang/String;)V @ 23

Classes redefined (0 events):
No events

Internal exceptions (10 events):
Event: 2.986 Thread 0x0000000002d84000 Exception <a 'java/lang/ClassNotFoundException': com/kms/katalon/core/webservice/keyword/WSBuiltInKeywordsCustomizer> (0x00000000de8e0c18) thrown at [C:\re\workspace\8-2-build-windows-amd64-cygwin\jdk8u181\11358\hotspot\src\share\vm\classfile\systemDictio
Event: 2.991 Thread 0x0000000002d84000 Exception <a 'java/lang/ClassNotFoundException': com/kms/katalon/core/constants/CoreConstantsBeanInfo> (0x00000000dea0d4b8) thrown at [C:\re\workspace\8-2-build-windows-amd64-cygwin\jdk8u181\11358\hotspot\src\share\vm\classfile\systemDictionary.cpp, line 
Event: 2.994 Thread 0x0000000002d84000 Exception <a 'java/lang/ClassNotFoundException': com/kms/katalon/core/constants/CoreConstantsCustomizer> (0x00000000dead0cf0) thrown at [C:\re\workspace\8-2-build-windows-amd64-cygwin\jdk8u181\11358\hotspot\src\share\vm\classfile\systemDictionary.cpp, lin
Event: 3.019 Thread 0x0000000002d84000 Exception <a 'java/lang/ClassNotFoundException': com/kms/katalon/core/webservice/keyword/builtin/SendRequestKeywordBeanInfo> (0x00000000defb6310) thrown at [C:\re\workspace\8-2-build-windows-amd64-cygwin\jdk8u181\11358\hotspot\src\share\vm\classfile\syste
Event: 3.022 Thread 0x0000000002d84000 Exception <a 'java/lang/ClassNotFoundException': com/kms/katalon/core/webservice/keyword/internal/WebserviceAbstractKeywordBeanInfo> (0x00000000df0b6120) thrown at [C:\re\workspace\8-2-build-windows-amd64-cygwin\jdk8u181\11358\hotspot\src\share\vm\classfi
Event: 3.025 Thread 0x0000000002d84000 Exception <a 'java/lang/ClassNotFoundException': com/kms/katalon/core/keyword/internal/AbstractKeywordBeanInfo> (0x00000000df188e18) thrown at [C:\re\workspace\8-2-build-windows-amd64-cygwin\jdk8u181\11358\hotspot\src\share\vm\classfile\systemDictionary.c
Event: 3.028 Thread 0x0000000002d84000 Exception <a 'java/lang/ClassNotFoundException': com/kms/katalon/core/keyword/internal/AbstractKeywordCustomizer> (0x00000000df260598) thrown at [C:\re\workspace\8-2-build-windows-amd64-cygwin\jdk8u181\11358\hotspot\src\share\vm\classfile\systemDictionary
Event: 3.031 Thread 0x0000000002d84000 Exception <a 'java/lang/ClassNotFoundException': com/kms/katalon/core/webservice/keyword/internal/WebserviceAbstractKeywordCustomizer> (0x00000000df36a900) thrown at [C:\re\workspace\8-2-build-windows-amd64-cygwin\jdk8u181\11358\hotspot\src\share\vm\class
Event: 3.034 Thread 0x0000000002d84000 Exception <a 'java/lang/ClassNotFoundException': com/kms/katalon/core/webservice/keyword/builtin/SendRequestKeywordCustomizer> (0x00000000df4611e8) thrown at [C:\re\workspace\8-2-build-windows-amd64-cygwin\jdk8u181\11358\hotspot\src\share\vm\classfile\sys
Event: 3.309 Thread 0x0000000002d84000 Implicit null exception at 0x00000000037e7c62 to 0x00000000037e8199

Events (10 events):
Event: 4.411 loading class java/nio/StringCharBuffer
Event: 4.411 loading class java/nio/StringCharBuffer done
Event: 4.411 Executing VM operation: Deoptimize
Event: 4.411 Executing VM operation: Deoptimize done
Event: 4.412 loading class java/util/concurrent/ConcurrentHashMap$EntryIterator
Event: 4.412 loading class java/util/concurrent/ConcurrentHashMap$EntryIterator done
Event: 4.426 loading class java/util/TreeMap$KeySet
Event: 4.426 loading class java/util/TreeMap$KeySet done
Event: 4.426 loading class java/util/TreeMap$KeyIterator
Event: 4.426 loading class java/util/TreeMap$KeyIterator done


Dynamic libraries:
0x00007ff7af150000 - 0x00007ff7af187000 	D:\Utilisateurs\samandari\QA\Outils\Katalon_Studio_Windows_64-7.7.1\jre\bin\javaw.exe
0x00007ffdc87f0000 - 0x00007ffdc89e5000 	C:\WINDOWS\SYSTEM32\ntdll.dll
0x00007ffdc7e50000 - 0x00007ffdc7f0e000 	C:\WINDOWS\System32\KERNEL32.DLL
0x00007ffdc63d0000 - 0x00007ffdc6698000 	C:\WINDOWS\System32\KERNELBASE.dll
0x00007ffdc8070000 - 0x00007ffdc811e000 	C:\WINDOWS\System32\ADVAPI32.dll
0x00007ffdc7050000 - 0x00007ffdc70ee000 	C:\WINDOWS\System32\msvcrt.dll
0x00007ffdc7fa0000 - 0x00007ffdc803c000 	C:\WINDOWS\System32\sechost.dll
0x00007ffdc85b0000 - 0x00007ffdc86d5000 	C:\WINDOWS\System32\RPCRT4.dll
0x00007ffdc7840000 - 0x00007ffdc79e0000 	C:\WINDOWS\System32\USER32.dll
0x00007ffdc5fa0000 - 0x00007ffdc5fc2000 	C:\WINDOWS\System32\win32u.dll
0x00007ffdc7d50000 - 0x00007ffdc7d7b000 	C:\WINDOWS\System32\GDI32.dll
0x00007ffdc62c0000 - 0x00007ffdc63cd000 	C:\WINDOWS\System32\gdi32full.dll
0x00007ffdc5f00000 - 0x00007ffdc5f9d000 	C:\WINDOWS\System32\msvcp_win.dll
0x00007ffdc66d0000 - 0x00007ffdc67d0000 	C:\WINDOWS\System32\ucrtbase.dll
0x00007ffdb3470000 - 0x00007ffdb370a000 	C:\WINDOWS\WinSxS\amd64_microsoft.windows.common-controls_6595b64144ccf1df_6.0.19041.1110_none_60b5254171f9507e\COMCTL32.dll
0x00007ffdc8040000 - 0x00007ffdc8070000 	C:\WINDOWS\System32\IMM32.DLL
0x0000000063770000 - 0x0000000063842000 	D:\Utilisateurs\samandari\QA\Outils\Katalon_Studio_Windows_64-7.7.1\jre\bin\msvcr100.dll
0x0000000064a20000 - 0x00000000652c2000 	D:\Utilisateurs\samandari\QA\Outils\Katalon_Studio_Windows_64-7.7.1\jre\bin\server\jvm.dll
0x00007ffdc85a0000 - 0x00007ffdc85a8000 	C:\WINDOWS\System32\PSAPI.DLL
0x00007ffda9e10000 - 0x00007ffda9e19000 	C:\WINDOWS\SYSTEM32\WSOCK32.dll
0x00007ffdbc4a0000 - 0x00007ffdbc4aa000 	C:\WINDOWS\SYSTEM32\VERSION.dll
0x00007ffdbc470000 - 0x00007ffdbc497000 	C:\WINDOWS\SYSTEM32\WINMM.dll
0x00007ffdc7a50000 - 0x00007ffdc7abb000 	C:\WINDOWS\System32\WS2_32.dll
0x0000000064a10000 - 0x0000000064a1f000 	D:\Utilisateurs\samandari\QA\Outils\Katalon_Studio_Windows_64-7.7.1\jre\bin\verify.dll
0x00000000649e0000 - 0x0000000064a09000 	D:\Utilisateurs\samandari\QA\Outils\Katalon_Studio_Windows_64-7.7.1\jre\bin\java.dll
0x00000000649c0000 - 0x00000000649d6000 	D:\Utilisateurs\samandari\QA\Outils\Katalon_Studio_Windows_64-7.7.1\jre\bin\zip.dll
0x00007ffdc70f0000 - 0x00007ffdc7834000 	C:\WINDOWS\System32\SHELL32.dll
0x00007ffdc4010000 - 0x00007ffdc47a4000 	C:\WINDOWS\SYSTEM32\windows.storage.dll
0x00007ffdc8190000 - 0x00007ffdc84e5000 	C:\WINDOWS\System32\combase.dll
0x00007ffdc5950000 - 0x00007ffdc597e000 	C:\WINDOWS\SYSTEM32\Wldp.dll
0x00007ffdc84f0000 - 0x00007ffdc859d000 	C:\WINDOWS\System32\SHCORE.dll
0x00007ffdc79e0000 - 0x00007ffdc7a35000 	C:\WINDOWS\System32\shlwapi.dll
0x00007ffdc5e40000 - 0x00007ffdc5e5f000 	C:\WINDOWS\SYSTEM32\profapi.dll
0x00000000638d0000 - 0x00000000638ea000 	D:\Utilisateurs\samandari\QA\Outils\Katalon_Studio_Windows_64-7.7.1\jre\bin\net.dll
0x00007ffdc5640000 - 0x00007ffdc56aa000 	C:\WINDOWS\system32\mswsock.dll
0x00000000638b0000 - 0x00000000638c1000 	D:\Utilisateurs\samandari\QA\Outils\Katalon_Studio_Windows_64-7.7.1\jre\bin\nio.dll
0x0000000063880000 - 0x00000000638a4000 	D:\Utilisateurs\samandari\QA\Outils\Katalon_Studio_Windows_64-7.7.1\jre\bin\sunec.dll
0x00007ffdc52d0000 - 0x00007ffdc530b000 	C:\WINDOWS\SYSTEM32\IPHLPAPI.DLL
0x00007ffdc8120000 - 0x00007ffdc8128000 	C:\WINDOWS\System32\NSI.dll
0x00007ffdc0660000 - 0x00007ffdc0677000 	C:\WINDOWS\SYSTEM32\dhcpcsvc6.DLL
0x00007ffdc04f0000 - 0x00007ffdc050d000 	C:\WINDOWS\SYSTEM32\dhcpcsvc.DLL
0x00007ffdc5310000 - 0x00007ffdc53db000 	C:\WINDOWS\SYSTEM32\DNSAPI.dll
0x00007ffdc58b0000 - 0x00007ffdc58c8000 	C:\WINDOWS\SYSTEM32\CRYPTSP.dll
0x00007ffdc4f60000 - 0x00007ffdc4f94000 	C:\WINDOWS\system32\rsaenh.dll
0x00007ffdc66a0000 - 0x00007ffdc66c7000 	C:\WINDOWS\System32\bcrypt.dll
0x00007ffdc5e00000 - 0x00007ffdc5e2e000 	C:\WINDOWS\SYSTEM32\USERENV.dll
0x00007ffdc60d0000 - 0x00007ffdc6152000 	C:\WINDOWS\System32\bcryptprimitives.dll
0x00007ffdc58a0000 - 0x00007ffdc58ac000 	C:\WINDOWS\SYSTEM32\CRYPTBASE.dll

VM Arguments:
jvm_args: -Dgroovy.home=D:\Utilisateurs\samandari/.groovy -Djava.system.class.loader=groovy.lang.GroovyClassLoader -Xmx2048m -Dfile.encoding=UTF-8 
java_command: org.codehaus.groovy.tools.GroovyStarter --classpath D:\Utilisateurs\samandari\QA\PROJET AUTOMATISATION\USSD\USSD TELMA\bin\keyword;D:\Utilisateurs\samandari\QA\PROJET AUTOMATISATION\USSD\USSD TELMA\Keywords;D:\Utilisateurs\samandari\QA\PROJET AUTOMATISATION\USSD\USSD TELMA\bin\listener;D:\Utilisateurs\samandari\QA\PROJET AUTOMATISATION\USSD\USSD TELMA\Test Listeners;D:\Utilisateurs\samandari\QA\PROJET AUTOMATISATION\USSD\USSD TELMA\bin\lib;D:\Utilisateurs\samandari\QA\PROJET AUTOMATISATION\USSD\USSD TELMA\Libs;D:\Utilisateurs\samandari\QA\PROJET AUTOMATISATION\USSD\USSD TELMA\bin\groovy;D:\Utilisateurs\samandari\QA\PROJET AUTOMATISATION\USSD\USSD TELMA\Include\scripts\groovy;D:\Utilisateurs\samandari\QA\Outils\Katalon_Studio_Windows_64-7.7.1\plugins\com.kms.katalon.core_1.0.0.202106150524.jar;D:\Utilisateurs\samandari\QA\Outils\Katalon_Studio_Windows_64-7.7.1\configuration\resources\lib\aalto-xml-1.0.0.jar;D:\Utilisateurs\samandari\QA\Outils\Katalon_Studio_Windows_64-7.7.1\configuration\resources\lib\aspectjweaver-1.9.1.jar;D:\Utilisateurs\samandari\QA\Outils\Katalon_Studio_Windows_64-7.7.1\configuration\resources\lib\bcpkix-jdk15on-1.64.jar;D:\Utilisateurs\samandari\QA\Outils\Katalon_Studio_Windows_64-7.7.1\configuration\resources\lib\bcprov-jdk15on-1.64.jar;D:\Utilisateurs\samandari\QA\Outils\Katalon_Studio_Windows_64-7.7.1\configuration\resources\lib\browsermob-core-2.1.5.jar;D:\Utilisateurs\samandari\QA\Outils\Katalon_Studio_Windows_64-7.7.1\configuration\resources\lib\cglib-3.2.10.jar;D:\Utilisateurs\samandari\QA\Outils\Katalon_Studio_Windows_64-7.7.1\configuration\resources\lib\commons-codec-1.10.jar;D:\Utilisateurs\samandari\QA\Outils\Katalon_Studio_Windows_64-7.7.1\configuration\resources\lib\commons-collections4-4.1.jar;D:\Utilisateurs\samandari\QA\Outils\Katalon_Studio_Windows_64-7.7.1\configuration\resources\lib\commons-validator-1.6.jar;D:\Utilisateurs\samandari\QA\Outils\Katalon_Studio_Windows_64-7.7.1\configuration\resources\lib\curvesa
java_class_path (initial): D:\Utilisateurs\samandari\QA\PROJET AUTOMATISATION\USSD\USSD TELMA\bin\keyword;D:\Utilisateurs\samandari\QA\PROJET AUTOMATISATION\USSD\USSD TELMA\bin\listener;D:\Utilisateurs\samandari\QA\PROJET AUTOMATISATION\USSD\USSD TELMA\bin\lib;D:\Utilisateurs\samandari\QA\PROJET AUTOMATISATION\USSD\USSD TELMA\bin\groovy;D:\Utilisateurs\samandari\QA\PROJET AUTOMATISATION\USSD\USSD TELMA\bin;D:\Utilisateurs\samandari\QA\Outils\Katalon_Studio_Windows_64-7.7.1\plugins\com.kms.katalon.core_1.0.0.202106150524.jar;D:\Utilisateurs\samandari\QA\Outils\Katalon_Studio_Windows_64-7.7.1\configuration\resources\lib\aalto-xml-1.0.0.jar;D:\Utilisateurs\samandari\QA\Outils\Katalon_Studio_Windows_64-7.7.1\configuration\resources\lib\aspectjweaver-1.9.1.jar;D:\Utilisateurs\samandari\QA\Outils\Katalon_Studio_Windows_64-7.7.1\configuration\resources\lib\bcpkix-jdk15on-1.64.jar;D:\Utilisateurs\samandari\QA\Outils\Katalon_Studio_Windows_64-7.7.1\configuration\resources\lib\bcprov-jdk15on-1.64.jar;D:\Utilisateurs\samandari\QA\Outils\Katalon_Studio_Windows_64-7.7.1\configuration\resources\lib\browsermob-core-2.1.5.jar;D:\Utilisateurs\samandari\QA\Outils\Katalon_Studio_Windows_64-7.7.1\configuration\resources\lib\cglib-3.2.10.jar;D:\Utilisateurs\samandari\QA\Outils\Katalon_Studio_Windows_64-7.7.1\configuration\resources\lib\commons-codec-1.10.jar;D:\Utilisateurs\samandari\QA\Outils\Katalon_Studio_Windows_64-7.7.1\configuration\resources\lib\commons-collections4-4.1.jar;D:\Utilisateurs\samandari\QA\Outils\Katalon_Studio_Windows_64-7.7.1\configuration\resources\lib\commons-validator-1.6.jar;D:\Utilisateurs\samandari\QA\Outils\Katalon_Studio_Windows_64-7.7.1\configuration\resources\lib\curvesapi-1.04.jar;D:\Utilisateurs\samandari\QA\Outils\Katalon_Studio_Windows_64-7.7.1\configuration\resources\lib\dnsjava-2.1.8.jar;D:\Utilisateurs\samandari\QA\Outils\Katalon_Studio_Windows_64-7.7.1\configuration\resources\lib\java-client-7.0.0.jar;D:\Utilisateurs\samandari\QA\Outils\Katalon_
Launcher Type: SUN_STANDARD

Environment Variables:
JAVA_HOME=C:\Program Files\Java\jdk1.8.0_202
PATH=D:/Utilisateurs/samandari/QA/Outils/Katalon_Studio_Windows_64-7.7.1/jre/bin/server;D:/Utilisateurs/samandari/QA/Outils/Katalon_Studio_Windows_64-7.7.1/jre/bin;D:/Utilisateurs/samandari/QA/Outils/Katalon_Studio_Windows_64-7.7.1/jre/lib/amd64;C:\Program Files (x86)\Common Files\Oracle\Java\javapath;C:\ProgramData\Oracle\Java\javapath;C:\Python27\;C:\Python27\Scripts;C:\WINDOWS\system32;C:\WINDOWS;C:\WINDOWS\System32\Wbem;C:\WINDOWS\System32\WindowsPowerShell\v1.0\;C:\Program Files\PuTTY\;C:\Program Files\Git\cmd;C:\ProgramData\chocolatey\bin;C:\Program Files\nodejs\;C:\Program Files\Java\jdk1.8.0_202\bin;D:\Utilisateurs\samandari\AppData\Local\Microsoft\WindowsApps;D:\Utilisateurs\samandari\AppData\Roaming\npm;;D:\Utilisateurs\samandari\QA\Outils\Katalon_Studio_Windows_64-7.7.1;
USERNAME=samandari
OS=Windows_NT
PROCESSOR_IDENTIFIER=Intel64 Family 6 Model 158 Stepping 10, GenuineIntel



---------------  S Y S T E M  ---------------

OS: Windows 10.0 , 64 bit Build 19041 (10.0.19041.1503)

CPU:total 6 (initial active 6) (6 cores per cpu, 1 threads per core) family 6 model 158 stepping 10, cmov, cx8, fxsr, mmx, sse, sse2, sse3, ssse3, sse4.1, sse4.2, popcnt, avx, avx2, aes, clmul, erms, rtm, 3dnowpref, lzcnt, tsc, tscinvbit, bmi1, bmi2, adx

Memory: 4k page, physical 8236320k(511928k free), swap 20649280k(4460k free)

vm_info: Java HotSpot(TM) 64-Bit Server VM (25.181-b13) for windows-amd64 JRE (1.8.0_181-b13), built on Jul  7 2018 04:01:33 by "java_re" with MS VC++ 10.0 (VS2010)

time: Fri Mar 18 11:22:54 2022
elapsed time: 4 seconds (0d 0h 0m 4s)

